22:56:06.304 [restartedMain] INFO  c.d.w.DoingWebApplication - [logStarting,50] - Starting DoingWebApplication on doing with PID 62644 (D:\word\tools\idea\ideaPlace\doing\doing\doing-web\target\classes started by 95465 in D:\word\tools\idea\ideaPlace\doing\doing)
22:56:06.317 [restartedMain] INFO  c.d.w.DoingWebApplication - [logStartupProfileInfo,679] - The following profiles are active: test
22:56:07.630 [restartedMain] INFO  o.a.c.h.Http11NioProtocol - [log,173] - Initializing ProtocolHandler ["http-nio-8080"]
22:56:07.637 [restartedMain] INFO  o.a.c.c.StandardService - [log,173] - Starting service [Tomcat]
22:56:07.637 [restartedMain] INFO  o.a.c.c.StandardEngine - [log,173] - Starting Servlet Engine: Apache Tomcat/9.0.13
22:56:07.661 [restartedMain] INFO  o.a.c.c.AprLifecycleListener - [log,173] - The APR based Apache Tomcat Native library which allows optimal performance in production environments was not found on the java.library.path: [D:\word\jdk\jdk1.8\jdk1.8.0_151\bin;C:\Windows\Sun\Java\bin;C:\Windows\system32;C:\Windows;D:\word\tools\ssh\xftp6\;C:\ProgramData\Oracle\Java\javapath;C:\Program Files (x86)\Intel\Intel(R) Management Engine Components\iCLS\;C:\Program Files\Intel\Intel(R) Management Engine Components\iCLS\;C:\Windows\system32;C:\Windows;C:\Windows\System32\Wbem;C:\Windows\System32\WindowsPowerShell\v1.0\;C:\Windows\System32\OpenSSH\;C:\Program Files (x86)\Intel\Intel(R) Management Engine Components\DAL;C:\Program Files\Intel\Intel(R) Management Engine Components\DAL;C:\Program Files (x86)\Intel\Intel(R) Management Engine Components\IPT;C:\Program Files\Intel\Intel(R) Management Engine Components\IPT;C:\Program Files (x86)\NVIDIA Corporation\PhysX\Common;C:\Program Files\Intel\WiFi\bin\;C:\Program Files\Common Files\Intel\WirelessCommon\;D:\word\OpenVPN\bin;D:\word\tools\nodejs\;D:\word\tools\OpenVPN\bin;D:\word\tools\svn\Git\cmd;D:\word\tools\svn\TortoiseGit\bin;C:\Users\95465\AppData\Local\Microsoft\WindowsApps;D:\word\jdk\jdk1.8\jdk1.8.0_151\bin;D:\word\jdk\jdk1.8\jdk1.8.0_151\jre\bin;D:\word\java\apache-maven-3.6.1\bin\;C:\Users\95465\AppData\Roaming\npm;D:\word\tools\Microsoft VS Code\bin;D:\word\tools\Fiddler;D:\word\tools\database\mysql\mysql-8.0.18-winx64\bin;;.]
22:56:07.812 [restartedMain] INFO  o.a.c.c.C.[.[.[/] - [log,173] - Initializing Spring embedded WebApplicationContext
22:56:08.669 [restartedMain] INFO  o.a.c.h.Http11NioProtocol - [log,173] - Starting ProtocolHandler ["http-nio-8080"]
22:56:08.676 [restartedMain] INFO  o.a.t.u.n.NioSelectorPool - [log,173] - Using a shared selector for servlet write/read
22:56:08.694 [restartedMain] INFO  c.d.w.DoingWebApplication - [logStarted,59] - Started DoingWebApplication in 2.884 seconds (JVM running for 4.045)
22:56:26.769 [http-nio-8080-exec-1] INFO  o.a.c.c.C.[.[.[/] - [log,173] - Initializing Spring DispatcherServlet 'dispatcherServlet'
23:01:59.898 [restartedMain] INFO  c.d.w.DoingWebApplication - [logStarting,50] - Starting DoingWebApplication on doing with PID 58584 (D:\word\tools\idea\ideaPlace\doing\doing\doing-web\target\classes started by 95465 in D:\word\tools\idea\ideaPlace\doing\doing)
23:01:59.902 [restartedMain] INFO  c.d.w.DoingWebApplication - [logStartupProfileInfo,679] - The following profiles are active: test
23:02:01.382 [restartedMain] INFO  o.a.c.h.Http11NioProtocol - [log,173] - Initializing ProtocolHandler ["http-nio-8080"]
23:02:01.389 [restartedMain] INFO  o.a.c.c.StandardService - [log,173] - Starting service [Tomcat]
23:02:01.390 [restartedMain] INFO  o.a.c.c.StandardEngine - [log,173] - Starting Servlet Engine: Apache Tomcat/9.0.13
23:02:01.395 [restartedMain] INFO  o.a.c.c.AprLifecycleListener - [log,173] - The APR based Apache Tomcat Native library which allows optimal performance in production environments was not found on the java.library.path: [D:\word\jdk\jdk1.8\jdk1.8.0_151\bin;C:\Windows\Sun\Java\bin;C:\Windows\system32;C:\Windows;D:\word\tools\ssh\xftp6\;C:\ProgramData\Oracle\Java\javapath;C:\Program Files (x86)\Intel\Intel(R) Management Engine Components\iCLS\;C:\Program Files\Intel\Intel(R) Management Engine Components\iCLS\;C:\Windows\system32;C:\Windows;C:\Windows\System32\Wbem;C:\Windows\System32\WindowsPowerShell\v1.0\;C:\Windows\System32\OpenSSH\;C:\Program Files (x86)\Intel\Intel(R) Management Engine Components\DAL;C:\Program Files\Intel\Intel(R) Management Engine Components\DAL;C:\Program Files (x86)\Intel\Intel(R) Management Engine Components\IPT;C:\Program Files\Intel\Intel(R) Management Engine Components\IPT;C:\Program Files (x86)\NVIDIA Corporation\PhysX\Common;C:\Program Files\Intel\WiFi\bin\;C:\Program Files\Common Files\Intel\WirelessCommon\;D:\word\OpenVPN\bin;D:\word\tools\nodejs\;D:\word\tools\OpenVPN\bin;D:\word\tools\svn\Git\cmd;D:\word\tools\svn\TortoiseGit\bin;C:\Users\95465\AppData\Local\Microsoft\WindowsApps;D:\word\jdk\jdk1.8\jdk1.8.0_151\bin;D:\word\jdk\jdk1.8\jdk1.8.0_151\jre\bin;D:\word\java\apache-maven-3.6.1\bin\;C:\Users\95465\AppData\Roaming\npm;D:\word\tools\Microsoft VS Code\bin;D:\word\tools\Fiddler;D:\word\tools\database\mysql\mysql-8.0.18-winx64\bin;;.]
23:02:01.537 [restartedMain] INFO  o.a.c.c.C.[.[.[/] - [log,173] - Initializing Spring embedded WebApplicationContext
23:02:02.546 [restartedMain] INFO  o.a.c.h.Http11NioProtocol - [log,173] - Starting ProtocolHandler ["http-nio-8080"]
23:02:02.554 [restartedMain] INFO  o.a.t.u.n.NioSelectorPool - [log,173] - Using a shared selector for servlet write/read
23:02:02.574 [restartedMain] INFO  c.d.w.DoingWebApplication - [logStarted,59] - Started DoingWebApplication in 3.198 seconds (JVM running for 4.464)
23:02:07.953 [http-nio-8080-exec-1] INFO  o.a.c.c.C.[.[.[/] - [log,173] - Initializing Spring DispatcherServlet 'dispatcherServlet'
23:02:07.993 [http-nio-8080-exec-1] INFO  c.d.c.c.d.DynamicDataSourceContextHolder - [setDataSourceType,27] - 切换到MASTER数据源
23:02:25.204 [http-nio-8080-exec-3] INFO  c.d.c.c.d.DynamicDataSourceContextHolder - [setDataSourceType,27] - 切换到SLAVE数据源
