20:59:07.733 [restartedMain] INFO  c.d.w.DoingWebApplication - [logStarting,50] - Starting DoingWebApplication on doing with PID 61612 (D:\word\tools\idea\ideaPlace\doing\doing\doing-web\target\classes started by 95465 in D:\word\tools\idea\ideaPlace\doing\doing)
20:59:07.738 [restartedMain] INFO  c.d.w.DoingWebApplication - [logStartupProfileInfo,679] - The following profiles are active: test
20:59:09.341 [restartedMain] INFO  o.a.c.h.Http11NioProtocol - [log,173] - Initializing ProtocolHandler ["http-nio-8080"]
20:59:09.354 [restartedMain] INFO  o.a.c.c.StandardService - [log,173] - Starting service [Tomcat]
20:59:09.354 [restartedMain] INFO  o.a.c.c.StandardEngine - [log,173] - Starting Servlet Engine: Apache Tomcat/9.0.13
20:59:09.362 [restartedMain] INFO  o.a.c.c.AprLifecycleListener - [log,173] - The APR based Apache Tomcat Native library which allows optimal performance in production environments was not found on the java.library.path: [D:\word\jdk\jdk1.8\jdk1.8.0_151\bin;C:\Windows\Sun\Java\bin;C:\Windows\system32;C:\Windows;D:\word\tools\ssh\xftp6\;C:\ProgramData\Oracle\Java\javapath;C:\Program Files (x86)\Intel\Intel(R) Management Engine Components\iCLS\;C:\Program Files\Intel\Intel(R) Management Engine Components\iCLS\;C:\Windows\system32;C:\Windows;C:\Windows\System32\Wbem;C:\Windows\System32\WindowsPowerShell\v1.0\;C:\Windows\System32\OpenSSH\;C:\Program Files (x86)\Intel\Intel(R) Management Engine Components\DAL;C:\Program Files\Intel\Intel(R) Management Engine Components\DAL;C:\Program Files (x86)\Intel\Intel(R) Management Engine Components\IPT;C:\Program Files\Intel\Intel(R) Management Engine Components\IPT;C:\Program Files (x86)\NVIDIA Corporation\PhysX\Common;C:\Program Files\Intel\WiFi\bin\;C:\Program Files\Common Files\Intel\WirelessCommon\;D:\word\OpenVPN\bin;D:\word\tools\nodejs\;D:\word\tools\OpenVPN\bin;D:\word\tools\svn\Git\cmd;D:\word\tools\svn\TortoiseGit\bin;C:\Users\95465\AppData\Local\Microsoft\WindowsApps;D:\word\jdk\jdk1.8\jdk1.8.0_151\bin;D:\word\jdk\jdk1.8\jdk1.8.0_151\jre\bin;D:\word\java\apache-maven-3.6.1\bin\;C:\Users\95465\AppData\Roaming\npm;D:\word\tools\Microsoft VS Code\bin;D:\word\tools\Fiddler;D:\word\tools\database\mysql\mysql-8.0.18-winx64\bin;;.]
20:59:09.494 [restartedMain] INFO  o.a.c.c.C.[.[.[/] - [log,173] - Initializing Spring embedded WebApplicationContext
20:59:10.075 [restartedMain] INFO  c.a.d.s.b.a.DruidDataSourceAutoConfigure - [dataSource,56] - Init DruidDataSource
20:59:10.196 [restartedMain] INFO  o.a.c.c.StandardService - [log,173] - Stopping service [Tomcat]
21:00:49.688 [restartedMain] INFO  c.d.w.DoingWebApplication - [logStarting,50] - Starting DoingWebApplication on doing with PID 65960 (D:\word\tools\idea\ideaPlace\doing\doing\doing-web\target\classes started by 95465 in D:\word\tools\idea\ideaPlace\doing\doing)
21:00:49.691 [restartedMain] INFO  c.d.w.DoingWebApplication - [logStartupProfileInfo,679] - The following profiles are active: test
21:00:50.777 [restartedMain] INFO  o.a.c.h.Http11NioProtocol - [log,173] - Initializing ProtocolHandler ["http-nio-8080"]
21:00:50.784 [restartedMain] INFO  o.a.c.c.StandardService - [log,173] - Starting service [Tomcat]
21:00:50.784 [restartedMain] INFO  o.a.c.c.StandardEngine - [log,173] - Starting Servlet Engine: Apache Tomcat/9.0.13
21:00:50.789 [restartedMain] INFO  o.a.c.c.AprLifecycleListener - [log,173] - The APR based Apache Tomcat Native library which allows optimal performance in production environments was not found on the java.library.path: [D:\word\jdk\jdk1.8\jdk1.8.0_151\bin;C:\Windows\Sun\Java\bin;C:\Windows\system32;C:\Windows;D:\word\tools\ssh\xftp6\;C:\ProgramData\Oracle\Java\javapath;C:\Program Files (x86)\Intel\Intel(R) Management Engine Components\iCLS\;C:\Program Files\Intel\Intel(R) Management Engine Components\iCLS\;C:\Windows\system32;C:\Windows;C:\Windows\System32\Wbem;C:\Windows\System32\WindowsPowerShell\v1.0\;C:\Windows\System32\OpenSSH\;C:\Program Files (x86)\Intel\Intel(R) Management Engine Components\DAL;C:\Program Files\Intel\Intel(R) Management Engine Components\DAL;C:\Program Files (x86)\Intel\Intel(R) Management Engine Components\IPT;C:\Program Files\Intel\Intel(R) Management Engine Components\IPT;C:\Program Files (x86)\NVIDIA Corporation\PhysX\Common;C:\Program Files\Intel\WiFi\bin\;C:\Program Files\Common Files\Intel\WirelessCommon\;D:\word\OpenVPN\bin;D:\word\tools\nodejs\;D:\word\tools\OpenVPN\bin;D:\word\tools\svn\Git\cmd;D:\word\tools\svn\TortoiseGit\bin;C:\Users\95465\AppData\Local\Microsoft\WindowsApps;D:\word\jdk\jdk1.8\jdk1.8.0_151\bin;D:\word\jdk\jdk1.8\jdk1.8.0_151\jre\bin;D:\word\java\apache-maven-3.6.1\bin\;C:\Users\95465\AppData\Roaming\npm;D:\word\tools\Microsoft VS Code\bin;D:\word\tools\Fiddler;D:\word\tools\database\mysql\mysql-8.0.18-winx64\bin;;.]
21:00:50.876 [restartedMain] INFO  o.a.c.c.C.[.[.[/] - [log,173] - Initializing Spring embedded WebApplicationContext
21:00:51.299 [restartedMain] INFO  c.a.d.s.b.a.DruidDataSourceAutoConfigure - [dataSource,56] - Init DruidDataSource
21:00:51.355 [restartedMain] INFO  o.a.c.c.StandardService - [log,173] - Stopping service [Tomcat]
21:02:10.561 [restartedMain] INFO  c.d.w.DoingWebApplication - [logStarting,50] - Starting DoingWebApplication on doing with PID 64236 (D:\word\tools\idea\ideaPlace\doing\doing\doing-web\target\classes started by 95465 in D:\word\tools\idea\ideaPlace\doing\doing)
21:02:10.564 [restartedMain] INFO  c.d.w.DoingWebApplication - [logStartupProfileInfo,679] - The following profiles are active: test
21:02:11.697 [restartedMain] INFO  o.a.c.h.Http11NioProtocol - [log,173] - Initializing ProtocolHandler ["http-nio-8080"]
21:02:11.705 [restartedMain] INFO  o.a.c.c.StandardService - [log,173] - Starting service [Tomcat]
21:02:11.705 [restartedMain] INFO  o.a.c.c.StandardEngine - [log,173] - Starting Servlet Engine: Apache Tomcat/9.0.13
21:02:11.711 [restartedMain] INFO  o.a.c.c.AprLifecycleListener - [log,173] - The APR based Apache Tomcat Native library which allows optimal performance in production environments was not found on the java.library.path: [D:\word\jdk\jdk1.8\jdk1.8.0_151\bin;C:\Windows\Sun\Java\bin;C:\Windows\system32;C:\Windows;D:\word\tools\ssh\xftp6\;C:\ProgramData\Oracle\Java\javapath;C:\Program Files (x86)\Intel\Intel(R) Management Engine Components\iCLS\;C:\Program Files\Intel\Intel(R) Management Engine Components\iCLS\;C:\Windows\system32;C:\Windows;C:\Windows\System32\Wbem;C:\Windows\System32\WindowsPowerShell\v1.0\;C:\Windows\System32\OpenSSH\;C:\Program Files (x86)\Intel\Intel(R) Management Engine Components\DAL;C:\Program Files\Intel\Intel(R) Management Engine Components\DAL;C:\Program Files (x86)\Intel\Intel(R) Management Engine Components\IPT;C:\Program Files\Intel\Intel(R) Management Engine Components\IPT;C:\Program Files (x86)\NVIDIA Corporation\PhysX\Common;C:\Program Files\Intel\WiFi\bin\;C:\Program Files\Common Files\Intel\WirelessCommon\;D:\word\OpenVPN\bin;D:\word\tools\nodejs\;D:\word\tools\OpenVPN\bin;D:\word\tools\svn\Git\cmd;D:\word\tools\svn\TortoiseGit\bin;C:\Users\95465\AppData\Local\Microsoft\WindowsApps;D:\word\jdk\jdk1.8\jdk1.8.0_151\bin;D:\word\jdk\jdk1.8\jdk1.8.0_151\jre\bin;D:\word\java\apache-maven-3.6.1\bin\;C:\Users\95465\AppData\Roaming\npm;D:\word\tools\Microsoft VS Code\bin;D:\word\tools\Fiddler;D:\word\tools\database\mysql\mysql-8.0.18-winx64\bin;;.]
21:02:11.803 [restartedMain] INFO  o.a.c.c.C.[.[.[/] - [log,173] - Initializing Spring embedded WebApplicationContext
21:02:12.235 [restartedMain] INFO  c.a.d.s.b.a.DruidDataSourceAutoConfigure - [dataSource,56] - Init DruidDataSource
21:02:12.290 [restartedMain] INFO  o.a.c.c.StandardService - [log,173] - Stopping service [Tomcat]
21:03:06.877 [restartedMain] INFO  c.d.w.DoingWebApplication - [logStarting,50] - Starting DoingWebApplication on doing with PID 54912 (D:\word\tools\idea\ideaPlace\doing\doing\doing-web\target\classes started by 95465 in D:\word\tools\idea\ideaPlace\doing\doing)
21:03:06.880 [restartedMain] INFO  c.d.w.DoingWebApplication - [logStartupProfileInfo,679] - The following profiles are active: test
21:03:08.115 [restartedMain] INFO  o.a.c.h.Http11NioProtocol - [log,173] - Initializing ProtocolHandler ["http-nio-8080"]
21:03:08.127 [restartedMain] INFO  o.a.c.c.StandardService - [log,173] - Starting service [Tomcat]
21:03:08.128 [restartedMain] INFO  o.a.c.c.StandardEngine - [log,173] - Starting Servlet Engine: Apache Tomcat/9.0.13
21:03:08.136 [restartedMain] INFO  o.a.c.c.AprLifecycleListener - [log,173] - The APR based Apache Tomcat Native library which allows optimal performance in production environments was not found on the java.library.path: [D:\word\jdk\jdk1.8\jdk1.8.0_151\bin;C:\Windows\Sun\Java\bin;C:\Windows\system32;C:\Windows;D:\word\tools\ssh\xftp6\;C:\ProgramData\Oracle\Java\javapath;C:\Program Files (x86)\Intel\Intel(R) Management Engine Components\iCLS\;C:\Program Files\Intel\Intel(R) Management Engine Components\iCLS\;C:\Windows\system32;C:\Windows;C:\Windows\System32\Wbem;C:\Windows\System32\WindowsPowerShell\v1.0\;C:\Windows\System32\OpenSSH\;C:\Program Files (x86)\Intel\Intel(R) Management Engine Components\DAL;C:\Program Files\Intel\Intel(R) Management Engine Components\DAL;C:\Program Files (x86)\Intel\Intel(R) Management Engine Components\IPT;C:\Program Files\Intel\Intel(R) Management Engine Components\IPT;C:\Program Files (x86)\NVIDIA Corporation\PhysX\Common;C:\Program Files\Intel\WiFi\bin\;C:\Program Files\Common Files\Intel\WirelessCommon\;D:\word\OpenVPN\bin;D:\word\tools\nodejs\;D:\word\tools\OpenVPN\bin;D:\word\tools\svn\Git\cmd;D:\word\tools\svn\TortoiseGit\bin;C:\Users\95465\AppData\Local\Microsoft\WindowsApps;D:\word\jdk\jdk1.8\jdk1.8.0_151\bin;D:\word\jdk\jdk1.8\jdk1.8.0_151\jre\bin;D:\word\java\apache-maven-3.6.1\bin\;C:\Users\95465\AppData\Roaming\npm;D:\word\tools\Microsoft VS Code\bin;D:\word\tools\Fiddler;D:\word\tools\database\mysql\mysql-8.0.18-winx64\bin;;.]
21:03:08.260 [restartedMain] INFO  o.a.c.c.C.[.[.[/] - [log,173] - Initializing Spring embedded WebApplicationContext
21:03:08.742 [restartedMain] INFO  c.a.d.s.b.a.DruidDataSourceAutoConfigure - [dataSource,56] - Init DruidDataSource
21:03:08.822 [restartedMain] INFO  o.a.c.c.StandardService - [log,173] - Stopping service [Tomcat]
21:06:13.904 [restartedMain] INFO  c.d.w.DoingWebApplication - [logStarting,50] - Starting DoingWebApplication on doing with PID 62760 (D:\word\tools\idea\ideaPlace\doing\doing\doing-web\target\classes started by 95465 in D:\word\tools\idea\ideaPlace\doing\doing)
21:06:13.907 [restartedMain] INFO  c.d.w.DoingWebApplication - [logStartupProfileInfo,679] - The following profiles are active: test
21:06:15.133 [restartedMain] INFO  o.a.c.h.Http11NioProtocol - [log,173] - Initializing ProtocolHandler ["http-nio-8080"]
21:06:15.142 [restartedMain] INFO  o.a.c.c.StandardService - [log,173] - Starting service [Tomcat]
21:06:15.142 [restartedMain] INFO  o.a.c.c.StandardEngine - [log,173] - Starting Servlet Engine: Apache Tomcat/9.0.13
21:06:15.149 [restartedMain] INFO  o.a.c.c.AprLifecycleListener - [log,173] - The APR based Apache Tomcat Native library which allows optimal performance in production environments was not found on the java.library.path: [D:\word\jdk\jdk1.8\jdk1.8.0_151\bin;C:\Windows\Sun\Java\bin;C:\Windows\system32;C:\Windows;D:\word\tools\ssh\xftp6\;C:\ProgramData\Oracle\Java\javapath;C:\Program Files (x86)\Intel\Intel(R) Management Engine Components\iCLS\;C:\Program Files\Intel\Intel(R) Management Engine Components\iCLS\;C:\Windows\system32;C:\Windows;C:\Windows\System32\Wbem;C:\Windows\System32\WindowsPowerShell\v1.0\;C:\Windows\System32\OpenSSH\;C:\Program Files (x86)\Intel\Intel(R) Management Engine Components\DAL;C:\Program Files\Intel\Intel(R) Management Engine Components\DAL;C:\Program Files (x86)\Intel\Intel(R) Management Engine Components\IPT;C:\Program Files\Intel\Intel(R) Management Engine Components\IPT;C:\Program Files (x86)\NVIDIA Corporation\PhysX\Common;C:\Program Files\Intel\WiFi\bin\;C:\Program Files\Common Files\Intel\WirelessCommon\;D:\word\OpenVPN\bin;D:\word\tools\nodejs\;D:\word\tools\OpenVPN\bin;D:\word\tools\svn\Git\cmd;D:\word\tools\svn\TortoiseGit\bin;C:\Users\95465\AppData\Local\Microsoft\WindowsApps;D:\word\jdk\jdk1.8\jdk1.8.0_151\bin;D:\word\jdk\jdk1.8\jdk1.8.0_151\jre\bin;D:\word\java\apache-maven-3.6.1\bin\;C:\Users\95465\AppData\Roaming\npm;D:\word\tools\Microsoft VS Code\bin;D:\word\tools\Fiddler;D:\word\tools\database\mysql\mysql-8.0.18-winx64\bin;;.]
21:06:15.257 [restartedMain] INFO  o.a.c.c.C.[.[.[/] - [log,173] - Initializing Spring embedded WebApplicationContext
21:06:15.732 [restartedMain] INFO  c.a.d.s.b.a.DruidDataSourceAutoConfigure - [dataSource,56] - Init DruidDataSource
21:06:15.790 [restartedMain] INFO  o.a.c.c.StandardService - [log,173] - Stopping service [Tomcat]
21:08:37.587 [restartedMain] INFO  c.d.w.DoingWebApplication - [logStarting,50] - Starting DoingWebApplication on doing with PID 65084 (D:\word\tools\idea\ideaPlace\doing\doing\doing-web\target\classes started by 95465 in D:\word\tools\idea\ideaPlace\doing\doing)
21:08:37.591 [restartedMain] INFO  c.d.w.DoingWebApplication - [logStartupProfileInfo,679] - The following profiles are active: test
21:08:38.728 [restartedMain] INFO  o.a.c.h.Http11NioProtocol - [log,173] - Initializing ProtocolHandler ["http-nio-8080"]
21:08:38.735 [restartedMain] INFO  o.a.c.c.StandardService - [log,173] - Starting service [Tomcat]
21:08:38.735 [restartedMain] INFO  o.a.c.c.StandardEngine - [log,173] - Starting Servlet Engine: Apache Tomcat/9.0.13
21:08:38.740 [restartedMain] INFO  o.a.c.c.AprLifecycleListener - [log,173] - The APR based Apache Tomcat Native library which allows optimal performance in production environments was not found on the java.library.path: [D:\word\jdk\jdk1.8\jdk1.8.0_151\bin;C:\Windows\Sun\Java\bin;C:\Windows\system32;C:\Windows;D:\word\tools\ssh\xftp6\;C:\ProgramData\Oracle\Java\javapath;C:\Program Files (x86)\Intel\Intel(R) Management Engine Components\iCLS\;C:\Program Files\Intel\Intel(R) Management Engine Components\iCLS\;C:\Windows\system32;C:\Windows;C:\Windows\System32\Wbem;C:\Windows\System32\WindowsPowerShell\v1.0\;C:\Windows\System32\OpenSSH\;C:\Program Files (x86)\Intel\Intel(R) Management Engine Components\DAL;C:\Program Files\Intel\Intel(R) Management Engine Components\DAL;C:\Program Files (x86)\Intel\Intel(R) Management Engine Components\IPT;C:\Program Files\Intel\Intel(R) Management Engine Components\IPT;C:\Program Files (x86)\NVIDIA Corporation\PhysX\Common;C:\Program Files\Intel\WiFi\bin\;C:\Program Files\Common Files\Intel\WirelessCommon\;D:\word\OpenVPN\bin;D:\word\tools\nodejs\;D:\word\tools\OpenVPN\bin;D:\word\tools\svn\Git\cmd;D:\word\tools\svn\TortoiseGit\bin;C:\Users\95465\AppData\Local\Microsoft\WindowsApps;D:\word\jdk\jdk1.8\jdk1.8.0_151\bin;D:\word\jdk\jdk1.8\jdk1.8.0_151\jre\bin;D:\word\java\apache-maven-3.6.1\bin\;C:\Users\95465\AppData\Roaming\npm;D:\word\tools\Microsoft VS Code\bin;D:\word\tools\Fiddler;D:\word\tools\database\mysql\mysql-8.0.18-winx64\bin;;.]
21:08:38.819 [restartedMain] INFO  o.a.c.c.C.[.[.[/] - [log,173] - Initializing Spring embedded WebApplicationContext
21:08:39.252 [restartedMain] INFO  c.a.d.s.b.a.DruidDataSourceAutoConfigure - [dataSource,56] - Init DruidDataSource
21:08:39.311 [restartedMain] INFO  o.a.c.c.StandardService - [log,173] - Stopping service [Tomcat]
21:10:33.535 [restartedMain] INFO  c.d.w.DoingWebApplication - [logStarting,50] - Starting DoingWebApplication on doing with PID 60704 (D:\word\tools\idea\ideaPlace\doing\doing\doing-web\target\classes started by 95465 in D:\word\tools\idea\ideaPlace\doing\doing)
21:10:33.539 [restartedMain] INFO  c.d.w.DoingWebApplication - [logStartupProfileInfo,679] - The following profiles are active: test
21:10:34.677 [restartedMain] INFO  o.a.c.h.Http11NioProtocol - [log,173] - Initializing ProtocolHandler ["http-nio-8080"]
21:10:34.685 [restartedMain] INFO  o.a.c.c.StandardService - [log,173] - Starting service [Tomcat]
21:10:34.685 [restartedMain] INFO  o.a.c.c.StandardEngine - [log,173] - Starting Servlet Engine: Apache Tomcat/9.0.13
21:10:34.691 [restartedMain] INFO  o.a.c.c.AprLifecycleListener - [log,173] - The APR based Apache Tomcat Native library which allows optimal performance in production environments was not found on the java.library.path: [D:\word\jdk\jdk1.8\jdk1.8.0_151\bin;C:\Windows\Sun\Java\bin;C:\Windows\system32;C:\Windows;D:\word\tools\ssh\xftp6\;C:\ProgramData\Oracle\Java\javapath;C:\Program Files (x86)\Intel\Intel(R) Management Engine Components\iCLS\;C:\Program Files\Intel\Intel(R) Management Engine Components\iCLS\;C:\Windows\system32;C:\Windows;C:\Windows\System32\Wbem;C:\Windows\System32\WindowsPowerShell\v1.0\;C:\Windows\System32\OpenSSH\;C:\Program Files (x86)\Intel\Intel(R) Management Engine Components\DAL;C:\Program Files\Intel\Intel(R) Management Engine Components\DAL;C:\Program Files (x86)\Intel\Intel(R) Management Engine Components\IPT;C:\Program Files\Intel\Intel(R) Management Engine Components\IPT;C:\Program Files (x86)\NVIDIA Corporation\PhysX\Common;C:\Program Files\Intel\WiFi\bin\;C:\Program Files\Common Files\Intel\WirelessCommon\;D:\word\OpenVPN\bin;D:\word\tools\nodejs\;D:\word\tools\OpenVPN\bin;D:\word\tools\svn\Git\cmd;D:\word\tools\svn\TortoiseGit\bin;C:\Users\95465\AppData\Local\Microsoft\WindowsApps;D:\word\jdk\jdk1.8\jdk1.8.0_151\bin;D:\word\jdk\jdk1.8\jdk1.8.0_151\jre\bin;D:\word\java\apache-maven-3.6.1\bin\;C:\Users\95465\AppData\Roaming\npm;D:\word\tools\Microsoft VS Code\bin;D:\word\tools\Fiddler;D:\word\tools\database\mysql\mysql-8.0.18-winx64\bin;;.]
21:10:34.774 [restartedMain] INFO  o.a.c.c.C.[.[.[/] - [log,173] - Initializing Spring embedded WebApplicationContext
21:10:35.176 [restartedMain] INFO  c.a.d.s.b.a.DruidDataSourceAutoConfigure - [dataSource,56] - Init DruidDataSource
21:10:35.234 [restartedMain] INFO  o.a.c.c.StandardService - [log,173] - Stopping service [Tomcat]
21:13:30.990 [restartedMain] INFO  c.d.w.DoingWebApplication - [logStarting,50] - Starting DoingWebApplication on doing with PID 66292 (D:\word\tools\idea\ideaPlace\doing\doing\doing-web\target\classes started by 95465 in D:\word\tools\idea\ideaPlace\doing\doing)
21:13:30.993 [restartedMain] INFO  c.d.w.DoingWebApplication - [logStartupProfileInfo,679] - The following profiles are active: test
21:13:32.617 [restartedMain] INFO  o.a.c.h.Http11NioProtocol - [log,173] - Initializing ProtocolHandler ["http-nio-8080"]
21:13:32.626 [restartedMain] INFO  o.a.c.c.StandardService - [log,173] - Starting service [Tomcat]
21:13:32.627 [restartedMain] INFO  o.a.c.c.StandardEngine - [log,173] - Starting Servlet Engine: Apache Tomcat/9.0.13
21:13:32.634 [restartedMain] INFO  o.a.c.c.AprLifecycleListener - [log,173] - The APR based Apache Tomcat Native library which allows optimal performance in production environments was not found on the java.library.path: [D:\word\jdk\jdk1.8\jdk1.8.0_151\bin;C:\Windows\Sun\Java\bin;C:\Windows\system32;C:\Windows;D:\word\tools\ssh\xftp6\;C:\ProgramData\Oracle\Java\javapath;C:\Program Files (x86)\Intel\Intel(R) Management Engine Components\iCLS\;C:\Program Files\Intel\Intel(R) Management Engine Components\iCLS\;C:\Windows\system32;C:\Windows;C:\Windows\System32\Wbem;C:\Windows\System32\WindowsPowerShell\v1.0\;C:\Windows\System32\OpenSSH\;C:\Program Files (x86)\Intel\Intel(R) Management Engine Components\DAL;C:\Program Files\Intel\Intel(R) Management Engine Components\DAL;C:\Program Files (x86)\Intel\Intel(R) Management Engine Components\IPT;C:\Program Files\Intel\Intel(R) Management Engine Components\IPT;C:\Program Files (x86)\NVIDIA Corporation\PhysX\Common;C:\Program Files\Intel\WiFi\bin\;C:\Program Files\Common Files\Intel\WirelessCommon\;D:\word\OpenVPN\bin;D:\word\tools\nodejs\;D:\word\tools\OpenVPN\bin;D:\word\tools\svn\Git\cmd;D:\word\tools\svn\TortoiseGit\bin;C:\Users\95465\AppData\Local\Microsoft\WindowsApps;D:\word\jdk\jdk1.8\jdk1.8.0_151\bin;D:\word\jdk\jdk1.8\jdk1.8.0_151\jre\bin;D:\word\java\apache-maven-3.6.1\bin\;C:\Users\95465\AppData\Roaming\npm;D:\word\tools\Microsoft VS Code\bin;D:\word\tools\Fiddler;D:\word\tools\database\mysql\mysql-8.0.18-winx64\bin;;.]
21:13:32.751 [restartedMain] INFO  o.a.c.c.C.[.[.[/] - [log,173] - Initializing Spring embedded WebApplicationContext
21:13:33.320 [restartedMain] INFO  c.a.d.s.b.a.DruidDataSourceAutoConfigure - [dataSource,56] - Init DruidDataSource
21:13:33.420 [restartedMain] INFO  o.a.c.c.StandardService - [log,173] - Stopping service [Tomcat]
21:14:26.615 [restartedMain] INFO  c.d.w.DoingWebApplication - [logStarting,50] - Starting DoingWebApplication on doing with PID 47288 (D:\word\tools\idea\ideaPlace\doing\doing\doing-web\target\classes started by 95465 in D:\word\tools\idea\ideaPlace\doing\doing)
21:14:26.618 [restartedMain] INFO  c.d.w.DoingWebApplication - [logStartupProfileInfo,679] - The following profiles are active: test
21:14:27.721 [restartedMain] INFO  o.a.c.h.Http11NioProtocol - [log,173] - Initializing ProtocolHandler ["http-nio-8080"]
21:14:27.727 [restartedMain] INFO  o.a.c.c.StandardService - [log,173] - Starting service [Tomcat]
21:14:27.728 [restartedMain] INFO  o.a.c.c.StandardEngine - [log,173] - Starting Servlet Engine: Apache Tomcat/9.0.13
21:14:27.733 [restartedMain] INFO  o.a.c.c.AprLifecycleListener - [log,173] - The APR based Apache Tomcat Native library which allows optimal performance in production environments was not found on the java.library.path: [D:\word\jdk\jdk1.8\jdk1.8.0_151\bin;C:\Windows\Sun\Java\bin;C:\Windows\system32;C:\Windows;D:\word\tools\ssh\xftp6\;C:\ProgramData\Oracle\Java\javapath;C:\Program Files (x86)\Intel\Intel(R) Management Engine Components\iCLS\;C:\Program Files\Intel\Intel(R) Management Engine Components\iCLS\;C:\Windows\system32;C:\Windows;C:\Windows\System32\Wbem;C:\Windows\System32\WindowsPowerShell\v1.0\;C:\Windows\System32\OpenSSH\;C:\Program Files (x86)\Intel\Intel(R) Management Engine Components\DAL;C:\Program Files\Intel\Intel(R) Management Engine Components\DAL;C:\Program Files (x86)\Intel\Intel(R) Management Engine Components\IPT;C:\Program Files\Intel\Intel(R) Management Engine Components\IPT;C:\Program Files (x86)\NVIDIA Corporation\PhysX\Common;C:\Program Files\Intel\WiFi\bin\;C:\Program Files\Common Files\Intel\WirelessCommon\;D:\word\OpenVPN\bin;D:\word\tools\nodejs\;D:\word\tools\OpenVPN\bin;D:\word\tools\svn\Git\cmd;D:\word\tools\svn\TortoiseGit\bin;C:\Users\95465\AppData\Local\Microsoft\WindowsApps;D:\word\jdk\jdk1.8\jdk1.8.0_151\bin;D:\word\jdk\jdk1.8\jdk1.8.0_151\jre\bin;D:\word\java\apache-maven-3.6.1\bin\;C:\Users\95465\AppData\Roaming\npm;D:\word\tools\Microsoft VS Code\bin;D:\word\tools\Fiddler;D:\word\tools\database\mysql\mysql-8.0.18-winx64\bin;;.]
21:14:27.812 [restartedMain] INFO  o.a.c.c.C.[.[.[/] - [log,173] - Initializing Spring embedded WebApplicationContext
21:14:28.236 [restartedMain] INFO  c.a.d.s.b.a.DruidDataSourceAutoConfigure - [dataSource,56] - Init DruidDataSource
21:14:28.290 [restartedMain] INFO  o.a.c.c.StandardService - [log,173] - Stopping service [Tomcat]
21:16:06.983 [restartedMain] INFO  c.d.w.DoingWebApplication - [logStarting,50] - Starting DoingWebApplication on doing with PID 60388 (D:\word\tools\idea\ideaPlace\doing\doing\doing-web\target\classes started by 95465 in D:\word\tools\idea\ideaPlace\doing\doing)
21:16:06.987 [restartedMain] INFO  c.d.w.DoingWebApplication - [logStartupProfileInfo,679] - The following profiles are active: test
21:16:08.165 [restartedMain] INFO  o.a.c.h.Http11NioProtocol - [log,173] - Initializing ProtocolHandler ["http-nio-8080"]
21:16:08.172 [restartedMain] INFO  o.a.c.c.StandardService - [log,173] - Starting service [Tomcat]
21:16:08.172 [restartedMain] INFO  o.a.c.c.StandardEngine - [log,173] - Starting Servlet Engine: Apache Tomcat/9.0.13
21:16:08.178 [restartedMain] INFO  o.a.c.c.AprLifecycleListener - [log,173] - The APR based Apache Tomcat Native library which allows optimal performance in production environments was not found on the java.library.path: [D:\word\jdk\jdk1.8\jdk1.8.0_151\bin;C:\Windows\Sun\Java\bin;C:\Windows\system32;C:\Windows;D:\word\tools\ssh\xftp6\;C:\ProgramData\Oracle\Java\javapath;C:\Program Files (x86)\Intel\Intel(R) Management Engine Components\iCLS\;C:\Program Files\Intel\Intel(R) Management Engine Components\iCLS\;C:\Windows\system32;C:\Windows;C:\Windows\System32\Wbem;C:\Windows\System32\WindowsPowerShell\v1.0\;C:\Windows\System32\OpenSSH\;C:\Program Files (x86)\Intel\Intel(R) Management Engine Components\DAL;C:\Program Files\Intel\Intel(R) Management Engine Components\DAL;C:\Program Files (x86)\Intel\Intel(R) Management Engine Components\IPT;C:\Program Files\Intel\Intel(R) Management Engine Components\IPT;C:\Program Files (x86)\NVIDIA Corporation\PhysX\Common;C:\Program Files\Intel\WiFi\bin\;C:\Program Files\Common Files\Intel\WirelessCommon\;D:\word\OpenVPN\bin;D:\word\tools\nodejs\;D:\word\tools\OpenVPN\bin;D:\word\tools\svn\Git\cmd;D:\word\tools\svn\TortoiseGit\bin;C:\Users\95465\AppData\Local\Microsoft\WindowsApps;D:\word\jdk\jdk1.8\jdk1.8.0_151\bin;D:\word\jdk\jdk1.8\jdk1.8.0_151\jre\bin;D:\word\java\apache-maven-3.6.1\bin\;C:\Users\95465\AppData\Roaming\npm;D:\word\tools\Microsoft VS Code\bin;D:\word\tools\Fiddler;D:\word\tools\database\mysql\mysql-8.0.18-winx64\bin;;.]
21:16:08.261 [restartedMain] INFO  o.a.c.c.C.[.[.[/] - [log,173] - Initializing Spring embedded WebApplicationContext
21:16:08.682 [restartedMain] INFO  c.a.d.s.b.a.DruidDataSourceAutoConfigure - [dataSource,56] - Init DruidDataSource
21:16:08.735 [restartedMain] INFO  o.a.c.c.StandardService - [log,173] - Stopping service [Tomcat]
21:16:24.387 [restartedMain] INFO  c.d.w.DoingWebApplication - [logStarting,50] - Starting DoingWebApplication on doing with PID 63164 (D:\word\tools\idea\ideaPlace\doing\doing\doing-web\target\classes started by 95465 in D:\word\tools\idea\ideaPlace\doing\doing)
21:16:24.391 [restartedMain] INFO  c.d.w.DoingWebApplication - [logStartupProfileInfo,679] - The following profiles are active: test
21:16:25.507 [restartedMain] INFO  o.a.c.h.Http11NioProtocol - [log,173] - Initializing ProtocolHandler ["http-nio-8080"]
21:16:25.514 [restartedMain] INFO  o.a.c.c.StandardService - [log,173] - Starting service [Tomcat]
21:16:25.514 [restartedMain] INFO  o.a.c.c.StandardEngine - [log,173] - Starting Servlet Engine: Apache Tomcat/9.0.13
21:16:25.520 [restartedMain] INFO  o.a.c.c.AprLifecycleListener - [log,173] - The APR based Apache Tomcat Native library which allows optimal performance in production environments was not found on the java.library.path: [D:\word\jdk\jdk1.8\jdk1.8.0_151\bin;C:\Windows\Sun\Java\bin;C:\Windows\system32;C:\Windows;D:\word\tools\ssh\xftp6\;C:\ProgramData\Oracle\Java\javapath;C:\Program Files (x86)\Intel\Intel(R) Management Engine Components\iCLS\;C:\Program Files\Intel\Intel(R) Management Engine Components\iCLS\;C:\Windows\system32;C:\Windows;C:\Windows\System32\Wbem;C:\Windows\System32\WindowsPowerShell\v1.0\;C:\Windows\System32\OpenSSH\;C:\Program Files (x86)\Intel\Intel(R) Management Engine Components\DAL;C:\Program Files\Intel\Intel(R) Management Engine Components\DAL;C:\Program Files (x86)\Intel\Intel(R) Management Engine Components\IPT;C:\Program Files\Intel\Intel(R) Management Engine Components\IPT;C:\Program Files (x86)\NVIDIA Corporation\PhysX\Common;C:\Program Files\Intel\WiFi\bin\;C:\Program Files\Common Files\Intel\WirelessCommon\;D:\word\OpenVPN\bin;D:\word\tools\nodejs\;D:\word\tools\OpenVPN\bin;D:\word\tools\svn\Git\cmd;D:\word\tools\svn\TortoiseGit\bin;C:\Users\95465\AppData\Local\Microsoft\WindowsApps;D:\word\jdk\jdk1.8\jdk1.8.0_151\bin;D:\word\jdk\jdk1.8\jdk1.8.0_151\jre\bin;D:\word\java\apache-maven-3.6.1\bin\;C:\Users\95465\AppData\Roaming\npm;D:\word\tools\Microsoft VS Code\bin;D:\word\tools\Fiddler;D:\word\tools\database\mysql\mysql-8.0.18-winx64\bin;;.]
21:16:25.608 [restartedMain] INFO  o.a.c.c.C.[.[.[/] - [log,173] - Initializing Spring embedded WebApplicationContext
21:16:26.006 [restartedMain] INFO  c.a.d.s.b.a.DruidDataSourceAutoConfigure - [dataSource,56] - Init DruidDataSource
21:16:26.067 [restartedMain] INFO  o.a.c.c.StandardService - [log,173] - Stopping service [Tomcat]
21:17:12.192 [restartedMain] INFO  c.d.w.DoingWebApplication - [logStarting,50] - Starting DoingWebApplication on doing with PID 47596 (D:\word\tools\idea\ideaPlace\doing\doing\doing-web\target\classes started by 95465 in D:\word\tools\idea\ideaPlace\doing\doing)
21:17:12.196 [restartedMain] INFO  c.d.w.DoingWebApplication - [logStartupProfileInfo,679] - The following profiles are active: test
21:17:13.361 [restartedMain] INFO  o.a.c.h.Http11NioProtocol - [log,173] - Initializing ProtocolHandler ["http-nio-8080"]
21:17:13.367 [restartedMain] INFO  o.a.c.c.StandardService - [log,173] - Starting service [Tomcat]
21:17:13.368 [restartedMain] INFO  o.a.c.c.StandardEngine - [log,173] - Starting Servlet Engine: Apache Tomcat/9.0.13
21:17:13.373 [restartedMain] INFO  o.a.c.c.AprLifecycleListener - [log,173] - The APR based Apache Tomcat Native library which allows optimal performance in production environments was not found on the java.library.path: [D:\word\jdk\jdk1.8\jdk1.8.0_151\bin;C:\Windows\Sun\Java\bin;C:\Windows\system32;C:\Windows;D:\word\tools\ssh\xftp6\;C:\ProgramData\Oracle\Java\javapath;C:\Program Files (x86)\Intel\Intel(R) Management Engine Components\iCLS\;C:\Program Files\Intel\Intel(R) Management Engine Components\iCLS\;C:\Windows\system32;C:\Windows;C:\Windows\System32\Wbem;C:\Windows\System32\WindowsPowerShell\v1.0\;C:\Windows\System32\OpenSSH\;C:\Program Files (x86)\Intel\Intel(R) Management Engine Components\DAL;C:\Program Files\Intel\Intel(R) Management Engine Components\DAL;C:\Program Files (x86)\Intel\Intel(R) Management Engine Components\IPT;C:\Program Files\Intel\Intel(R) Management Engine Components\IPT;C:\Program Files (x86)\NVIDIA Corporation\PhysX\Common;C:\Program Files\Intel\WiFi\bin\;C:\Program Files\Common Files\Intel\WirelessCommon\;D:\word\OpenVPN\bin;D:\word\tools\nodejs\;D:\word\tools\OpenVPN\bin;D:\word\tools\svn\Git\cmd;D:\word\tools\svn\TortoiseGit\bin;C:\Users\95465\AppData\Local\Microsoft\WindowsApps;D:\word\jdk\jdk1.8\jdk1.8.0_151\bin;D:\word\jdk\jdk1.8\jdk1.8.0_151\jre\bin;D:\word\java\apache-maven-3.6.1\bin\;C:\Users\95465\AppData\Roaming\npm;D:\word\tools\Microsoft VS Code\bin;D:\word\tools\Fiddler;D:\word\tools\database\mysql\mysql-8.0.18-winx64\bin;;.]
21:17:13.457 [restartedMain] INFO  o.a.c.c.C.[.[.[/] - [log,173] - Initializing Spring embedded WebApplicationContext
21:17:13.880 [restartedMain] INFO  c.a.d.s.b.a.DruidDataSourceAutoConfigure - [dataSource,56] - Init DruidDataSource
21:17:13.934 [restartedMain] INFO  o.a.c.c.StandardService - [log,173] - Stopping service [Tomcat]
21:42:11.905 [restartedMain] INFO  c.d.w.DoingWebApplication - [logStarting,50] - Starting DoingWebApplication on doing with PID 61648 (D:\word\tools\idea\ideaPlace\doing\doing\doing-web\target\classes started by 95465 in D:\word\tools\idea\ideaPlace\doing\doing)
21:42:11.908 [restartedMain] INFO  c.d.w.DoingWebApplication - [logStartupProfileInfo,679] - The following profiles are active: test
21:42:13.049 [restartedMain] INFO  o.a.c.h.Http11NioProtocol - [log,173] - Initializing ProtocolHandler ["http-nio-8080"]
21:42:13.056 [restartedMain] INFO  o.a.c.c.StandardService - [log,173] - Starting service [Tomcat]
21:42:13.057 [restartedMain] INFO  o.a.c.c.StandardEngine - [log,173] - Starting Servlet Engine: Apache Tomcat/9.0.13
21:42:13.063 [restartedMain] INFO  o.a.c.c.AprLifecycleListener - [log,173] - The APR based Apache Tomcat Native library which allows optimal performance in production environments was not found on the java.library.path: [D:\word\jdk\jdk1.8\jdk1.8.0_151\bin;C:\Windows\Sun\Java\bin;C:\Windows\system32;C:\Windows;D:\word\tools\ssh\xftp6\;C:\ProgramData\Oracle\Java\javapath;C:\Program Files (x86)\Intel\Intel(R) Management Engine Components\iCLS\;C:\Program Files\Intel\Intel(R) Management Engine Components\iCLS\;C:\Windows\system32;C:\Windows;C:\Windows\System32\Wbem;C:\Windows\System32\WindowsPowerShell\v1.0\;C:\Windows\System32\OpenSSH\;C:\Program Files (x86)\Intel\Intel(R) Management Engine Components\DAL;C:\Program Files\Intel\Intel(R) Management Engine Components\DAL;C:\Program Files (x86)\Intel\Intel(R) Management Engine Components\IPT;C:\Program Files\Intel\Intel(R) Management Engine Components\IPT;C:\Program Files (x86)\NVIDIA Corporation\PhysX\Common;C:\Program Files\Intel\WiFi\bin\;C:\Program Files\Common Files\Intel\WirelessCommon\;D:\word\OpenVPN\bin;D:\word\tools\nodejs\;D:\word\tools\OpenVPN\bin;D:\word\tools\svn\Git\cmd;D:\word\tools\svn\TortoiseGit\bin;C:\Users\95465\AppData\Local\Microsoft\WindowsApps;D:\word\jdk\jdk1.8\jdk1.8.0_151\bin;D:\word\jdk\jdk1.8\jdk1.8.0_151\jre\bin;D:\word\java\apache-maven-3.6.1\bin\;C:\Users\95465\AppData\Roaming\npm;D:\word\tools\Microsoft VS Code\bin;D:\word\tools\Fiddler;D:\word\tools\database\mysql\mysql-8.0.18-winx64\bin;;.]
21:42:13.151 [restartedMain] INFO  o.a.c.c.C.[.[.[/] - [log,173] - Initializing Spring embedded WebApplicationContext
21:42:13.582 [restartedMain] INFO  c.a.d.s.b.a.DruidDataSourceAutoConfigure - [dataSource,56] - Init DruidDataSource
21:42:13.637 [restartedMain] INFO  o.a.c.c.StandardService - [log,173] - Stopping service [Tomcat]
21:42:53.617 [restartedMain] INFO  c.d.w.DoingWebApplication - [logStarting,50] - Starting DoingWebApplication on doing with PID 65968 (D:\word\tools\idea\ideaPlace\doing\doing\doing-web\target\classes started by 95465 in D:\word\tools\idea\ideaPlace\doing\doing)
21:42:53.624 [restartedMain] INFO  c.d.w.DoingWebApplication - [logStartupProfileInfo,679] - The following profiles are active: test
21:42:55.034 [restartedMain] INFO  o.a.c.h.Http11NioProtocol - [log,173] - Initializing ProtocolHandler ["http-nio-8080"]
21:42:55.043 [restartedMain] INFO  o.a.c.c.StandardService - [log,173] - Starting service [Tomcat]
21:42:55.044 [restartedMain] INFO  o.a.c.c.StandardEngine - [log,173] - Starting Servlet Engine: Apache Tomcat/9.0.13
21:42:55.050 [restartedMain] INFO  o.a.c.c.AprLifecycleListener - [log,173] - The APR based Apache Tomcat Native library which allows optimal performance in production environments was not found on the java.library.path: [D:\word\jdk\jdk1.8\jdk1.8.0_151\bin;C:\Windows\Sun\Java\bin;C:\Windows\system32;C:\Windows;D:\word\tools\ssh\xftp6\;C:\ProgramData\Oracle\Java\javapath;C:\Program Files (x86)\Intel\Intel(R) Management Engine Components\iCLS\;C:\Program Files\Intel\Intel(R) Management Engine Components\iCLS\;C:\Windows\system32;C:\Windows;C:\Windows\System32\Wbem;C:\Windows\System32\WindowsPowerShell\v1.0\;C:\Windows\System32\OpenSSH\;C:\Program Files (x86)\Intel\Intel(R) Management Engine Components\DAL;C:\Program Files\Intel\Intel(R) Management Engine Components\DAL;C:\Program Files (x86)\Intel\Intel(R) Management Engine Components\IPT;C:\Program Files\Intel\Intel(R) Management Engine Components\IPT;C:\Program Files (x86)\NVIDIA Corporation\PhysX\Common;C:\Program Files\Intel\WiFi\bin\;C:\Program Files\Common Files\Intel\WirelessCommon\;D:\word\OpenVPN\bin;D:\word\tools\nodejs\;D:\word\tools\OpenVPN\bin;D:\word\tools\svn\Git\cmd;D:\word\tools\svn\TortoiseGit\bin;C:\Users\95465\AppData\Local\Microsoft\WindowsApps;D:\word\jdk\jdk1.8\jdk1.8.0_151\bin;D:\word\jdk\jdk1.8\jdk1.8.0_151\jre\bin;D:\word\java\apache-maven-3.6.1\bin\;C:\Users\95465\AppData\Roaming\npm;D:\word\tools\Microsoft VS Code\bin;D:\word\tools\Fiddler;D:\word\tools\database\mysql\mysql-8.0.18-winx64\bin;;.]
21:42:55.154 [restartedMain] INFO  o.a.c.c.C.[.[.[/] - [log,173] - Initializing Spring embedded WebApplicationContext
21:42:55.732 [restartedMain] INFO  c.a.d.s.b.a.DruidDataSourceAutoConfigure - [dataSource,56] - Init DruidDataSource
21:42:55.829 [restartedMain] INFO  o.a.c.c.StandardService - [log,173] - Stopping service [Tomcat]
21:43:37.668 [restartedMain] INFO  c.d.w.DoingWebApplication - [logStarting,50] - Starting DoingWebApplication on doing with PID 63168 (D:\word\tools\idea\ideaPlace\doing\doing\doing-web\target\classes started by 95465 in D:\word\tools\idea\ideaPlace\doing\doing)
21:43:37.671 [restartedMain] INFO  c.d.w.DoingWebApplication - [logStartupProfileInfo,679] - The following profiles are active: test
21:43:39.040 [restartedMain] INFO  o.a.c.h.Http11NioProtocol - [log,173] - Initializing ProtocolHandler ["http-nio-8080"]
21:43:39.049 [restartedMain] INFO  o.a.c.c.StandardService - [log,173] - Starting service [Tomcat]
21:43:39.049 [restartedMain] INFO  o.a.c.c.StandardEngine - [log,173] - Starting Servlet Engine: Apache Tomcat/9.0.13
21:43:39.055 [restartedMain] INFO  o.a.c.c.AprLifecycleListener - [log,173] - The APR based Apache Tomcat Native library which allows optimal performance in production environments was not found on the java.library.path: [D:\word\jdk\jdk1.8\jdk1.8.0_151\bin;C:\Windows\Sun\Java\bin;C:\Windows\system32;C:\Windows;D:\word\tools\ssh\xftp6\;C:\ProgramData\Oracle\Java\javapath;C:\Program Files (x86)\Intel\Intel(R) Management Engine Components\iCLS\;C:\Program Files\Intel\Intel(R) Management Engine Components\iCLS\;C:\Windows\system32;C:\Windows;C:\Windows\System32\Wbem;C:\Windows\System32\WindowsPowerShell\v1.0\;C:\Windows\System32\OpenSSH\;C:\Program Files (x86)\Intel\Intel(R) Management Engine Components\DAL;C:\Program Files\Intel\Intel(R) Management Engine Components\DAL;C:\Program Files (x86)\Intel\Intel(R) Management Engine Components\IPT;C:\Program Files\Intel\Intel(R) Management Engine Components\IPT;C:\Program Files (x86)\NVIDIA Corporation\PhysX\Common;C:\Program Files\Intel\WiFi\bin\;C:\Program Files\Common Files\Intel\WirelessCommon\;D:\word\OpenVPN\bin;D:\word\tools\nodejs\;D:\word\tools\OpenVPN\bin;D:\word\tools\svn\Git\cmd;D:\word\tools\svn\TortoiseGit\bin;C:\Users\95465\AppData\Local\Microsoft\WindowsApps;D:\word\jdk\jdk1.8\jdk1.8.0_151\bin;D:\word\jdk\jdk1.8\jdk1.8.0_151\jre\bin;D:\word\java\apache-maven-3.6.1\bin\;C:\Users\95465\AppData\Roaming\npm;D:\word\tools\Microsoft VS Code\bin;D:\word\tools\Fiddler;D:\word\tools\database\mysql\mysql-8.0.18-winx64\bin;;.]
21:43:39.152 [restartedMain] INFO  o.a.c.c.C.[.[.[/] - [log,173] - Initializing Spring embedded WebApplicationContext
21:43:39.636 [restartedMain] INFO  c.a.d.s.b.a.DruidDataSourceAutoConfigure - [dataSource,56] - Init DruidDataSource
21:43:39.703 [restartedMain] INFO  o.a.c.c.StandardService - [log,173] - Stopping service [Tomcat]
21:46:03.542 [restartedMain] INFO  c.d.w.DoingWebApplication - [logStarting,50] - Starting DoingWebApplication on doing with PID 55432 (D:\word\tools\idea\ideaPlace\doing\doing\doing-web\target\classes started by 95465 in D:\word\tools\idea\ideaPlace\doing\doing)
21:46:03.546 [restartedMain] INFO  c.d.w.DoingWebApplication - [logStartupProfileInfo,679] - The following profiles are active: test
21:46:04.876 [restartedMain] INFO  o.a.c.h.Http11NioProtocol - [log,173] - Initializing ProtocolHandler ["http-nio-8080"]
21:46:04.885 [restartedMain] INFO  o.a.c.c.StandardService - [log,173] - Starting service [Tomcat]
21:46:04.885 [restartedMain] INFO  o.a.c.c.StandardEngine - [log,173] - Starting Servlet Engine: Apache Tomcat/9.0.13
21:46:04.891 [restartedMain] INFO  o.a.c.c.AprLifecycleListener - [log,173] - The APR based Apache Tomcat Native library which allows optimal performance in production environments was not found on the java.library.path: [D:\word\jdk\jdk1.8\jdk1.8.0_151\bin;C:\Windows\Sun\Java\bin;C:\Windows\system32;C:\Windows;D:\word\tools\ssh\xftp6\;C:\ProgramData\Oracle\Java\javapath;C:\Program Files (x86)\Intel\Intel(R) Management Engine Components\iCLS\;C:\Program Files\Intel\Intel(R) Management Engine Components\iCLS\;C:\Windows\system32;C:\Windows;C:\Windows\System32\Wbem;C:\Windows\System32\WindowsPowerShell\v1.0\;C:\Windows\System32\OpenSSH\;C:\Program Files (x86)\Intel\Intel(R) Management Engine Components\DAL;C:\Program Files\Intel\Intel(R) Management Engine Components\DAL;C:\Program Files (x86)\Intel\Intel(R) Management Engine Components\IPT;C:\Program Files\Intel\Intel(R) Management Engine Components\IPT;C:\Program Files (x86)\NVIDIA Corporation\PhysX\Common;C:\Program Files\Intel\WiFi\bin\;C:\Program Files\Common Files\Intel\WirelessCommon\;D:\word\OpenVPN\bin;D:\word\tools\nodejs\;D:\word\tools\OpenVPN\bin;D:\word\tools\svn\Git\cmd;D:\word\tools\svn\TortoiseGit\bin;C:\Users\95465\AppData\Local\Microsoft\WindowsApps;D:\word\jdk\jdk1.8\jdk1.8.0_151\bin;D:\word\jdk\jdk1.8\jdk1.8.0_151\jre\bin;D:\word\java\apache-maven-3.6.1\bin\;C:\Users\95465\AppData\Roaming\npm;D:\word\tools\Microsoft VS Code\bin;D:\word\tools\Fiddler;D:\word\tools\database\mysql\mysql-8.0.18-winx64\bin;;.]
21:46:04.995 [restartedMain] INFO  o.a.c.c.C.[.[.[/] - [log,173] - Initializing Spring embedded WebApplicationContext
21:46:05.503 [restartedMain] INFO  c.a.d.s.b.a.DruidDataSourceAutoConfigure - [dataSource,56] - Init DruidDataSource
21:46:07.085 [restartedMain] INFO  c.a.d.p.DruidDataSource - [init,991] - {dataSource-1} inited
21:46:07.395 [restartedMain] INFO  o.a.c.h.Http11NioProtocol - [log,173] - Starting ProtocolHandler ["http-nio-8080"]
21:46:07.404 [restartedMain] INFO  o.a.t.u.n.NioSelectorPool - [log,173] - Using a shared selector for servlet write/read
21:46:07.422 [restartedMain] INFO  c.d.w.DoingWebApplication - [logStarted,59] - Started DoingWebApplication in 4.401 seconds (JVM running for 5.526)
21:53:42.406 [restartedMain] INFO  c.d.w.DoingWebApplication - [logStarting,50] - Starting DoingWebApplication on doing with PID 64036 (D:\word\tools\idea\ideaPlace\doing\doing\doing-web\target\classes started by 95465 in D:\word\tools\idea\ideaPlace\doing\doing)
21:53:42.410 [restartedMain] INFO  c.d.w.DoingWebApplication - [logStartupProfileInfo,679] - The following profiles are active: test
21:53:43.684 [restartedMain] INFO  o.a.c.h.Http11NioProtocol - [log,173] - Initializing ProtocolHandler ["http-nio-8080"]
21:53:43.692 [restartedMain] INFO  o.a.c.c.StandardService - [log,173] - Starting service [Tomcat]
21:53:43.692 [restartedMain] INFO  o.a.c.c.StandardEngine - [log,173] - Starting Servlet Engine: Apache Tomcat/9.0.13
21:53:43.699 [restartedMain] INFO  o.a.c.c.AprLifecycleListener - [log,173] - The APR based Apache Tomcat Native library which allows optimal performance in production environments was not found on the java.library.path: [D:\word\jdk\jdk1.8\jdk1.8.0_151\bin;C:\Windows\Sun\Java\bin;C:\Windows\system32;C:\Windows;D:\word\tools\ssh\xftp6\;C:\ProgramData\Oracle\Java\javapath;C:\Program Files (x86)\Intel\Intel(R) Management Engine Components\iCLS\;C:\Program Files\Intel\Intel(R) Management Engine Components\iCLS\;C:\Windows\system32;C:\Windows;C:\Windows\System32\Wbem;C:\Windows\System32\WindowsPowerShell\v1.0\;C:\Windows\System32\OpenSSH\;C:\Program Files (x86)\Intel\Intel(R) Management Engine Components\DAL;C:\Program Files\Intel\Intel(R) Management Engine Components\DAL;C:\Program Files (x86)\Intel\Intel(R) Management Engine Components\IPT;C:\Program Files\Intel\Intel(R) Management Engine Components\IPT;C:\Program Files (x86)\NVIDIA Corporation\PhysX\Common;C:\Program Files\Intel\WiFi\bin\;C:\Program Files\Common Files\Intel\WirelessCommon\;D:\word\OpenVPN\bin;D:\word\tools\nodejs\;D:\word\tools\OpenVPN\bin;D:\word\tools\svn\Git\cmd;D:\word\tools\svn\TortoiseGit\bin;C:\Users\95465\AppData\Local\Microsoft\WindowsApps;D:\word\jdk\jdk1.8\jdk1.8.0_151\bin;D:\word\jdk\jdk1.8\jdk1.8.0_151\jre\bin;D:\word\java\apache-maven-3.6.1\bin\;C:\Users\95465\AppData\Roaming\npm;D:\word\tools\Microsoft VS Code\bin;D:\word\tools\Fiddler;D:\word\tools\database\mysql\mysql-8.0.18-winx64\bin;;.]
21:53:43.785 [restartedMain] INFO  o.a.c.c.C.[.[.[/] - [log,173] - Initializing Spring embedded WebApplicationContext
21:53:44.180 [restartedMain] INFO  c.a.d.s.b.a.DruidDataSourceAutoConfigure - [dataSource,56] - Init DruidDataSource
21:53:45.747 [restartedMain] INFO  c.a.d.p.DruidDataSource - [init,923] - {dataSource-1} inited
21:53:46.001 [restartedMain] INFO  o.a.c.h.Http11NioProtocol - [log,173] - Starting ProtocolHandler ["http-nio-8080"]
21:53:46.009 [restartedMain] INFO  o.a.t.u.n.NioSelectorPool - [log,173] - Using a shared selector for servlet write/read
21:53:46.029 [restartedMain] INFO  c.d.w.DoingWebApplication - [logStarted,59] - Started DoingWebApplication in 4.096 seconds (JVM running for 5.161)
21:53:59.379 [restartedMain] INFO  c.d.w.DoingWebApplication - [logStarting,50] - Starting DoingWebApplication on doing with PID 66412 (D:\word\tools\idea\ideaPlace\doing\doing\doing-web\target\classes started by 95465 in D:\word\tools\idea\ideaPlace\doing\doing)
21:53:59.383 [restartedMain] INFO  c.d.w.DoingWebApplication - [logStartupProfileInfo,679] - The following profiles are active: test
21:54:00.588 [restartedMain] INFO  o.a.c.h.Http11NioProtocol - [log,173] - Initializing ProtocolHandler ["http-nio-8080"]
21:54:00.597 [restartedMain] INFO  o.a.c.c.StandardService - [log,173] - Starting service [Tomcat]
21:54:00.598 [restartedMain] INFO  o.a.c.c.StandardEngine - [log,173] - Starting Servlet Engine: Apache Tomcat/9.0.13
21:54:00.606 [restartedMain] INFO  o.a.c.c.AprLifecycleListener - [log,173] - The APR based Apache Tomcat Native library which allows optimal performance in production environments was not found on the java.library.path: [D:\word\jdk\jdk1.8\jdk1.8.0_151\bin;C:\Windows\Sun\Java\bin;C:\Windows\system32;C:\Windows;D:\word\tools\ssh\xftp6\;C:\ProgramData\Oracle\Java\javapath;C:\Program Files (x86)\Intel\Intel(R) Management Engine Components\iCLS\;C:\Program Files\Intel\Intel(R) Management Engine Components\iCLS\;C:\Windows\system32;C:\Windows;C:\Windows\System32\Wbem;C:\Windows\System32\WindowsPowerShell\v1.0\;C:\Windows\System32\OpenSSH\;C:\Program Files (x86)\Intel\Intel(R) Management Engine Components\DAL;C:\Program Files\Intel\Intel(R) Management Engine Components\DAL;C:\Program Files (x86)\Intel\Intel(R) Management Engine Components\IPT;C:\Program Files\Intel\Intel(R) Management Engine Components\IPT;C:\Program Files (x86)\NVIDIA Corporation\PhysX\Common;C:\Program Files\Intel\WiFi\bin\;C:\Program Files\Common Files\Intel\WirelessCommon\;D:\word\OpenVPN\bin;D:\word\tools\nodejs\;D:\word\tools\OpenVPN\bin;D:\word\tools\svn\Git\cmd;D:\word\tools\svn\TortoiseGit\bin;C:\Users\95465\AppData\Local\Microsoft\WindowsApps;D:\word\jdk\jdk1.8\jdk1.8.0_151\bin;D:\word\jdk\jdk1.8\jdk1.8.0_151\jre\bin;D:\word\java\apache-maven-3.6.1\bin\;C:\Users\95465\AppData\Roaming\npm;D:\word\tools\Microsoft VS Code\bin;D:\word\tools\Fiddler;D:\word\tools\database\mysql\mysql-8.0.18-winx64\bin;;.]
21:54:00.699 [restartedMain] INFO  o.a.c.c.C.[.[.[/] - [log,173] - Initializing Spring embedded WebApplicationContext
21:54:01.154 [restartedMain] INFO  c.a.d.s.b.a.DruidDataSourceAutoConfigure - [dataSource,56] - Init DruidDataSource
21:54:01.213 [restartedMain] INFO  o.a.c.c.StandardService - [log,173] - Stopping service [Tomcat]
21:54:32.196 [restartedMain] INFO  c.d.w.DoingWebApplication - [logStarting,50] - Starting DoingWebApplication on doing with PID 56128 (D:\word\tools\idea\ideaPlace\doing\doing\doing-web\target\classes started by 95465 in D:\word\tools\idea\ideaPlace\doing\doing)
21:54:32.200 [restartedMain] INFO  c.d.w.DoingWebApplication - [logStartupProfileInfo,679] - The following profiles are active: test
21:54:33.407 [restartedMain] INFO  o.a.c.h.Http11NioProtocol - [log,173] - Initializing ProtocolHandler ["http-nio-8080"]
21:54:33.415 [restartedMain] INFO  o.a.c.c.StandardService - [log,173] - Starting service [Tomcat]
21:54:33.415 [restartedMain] INFO  o.a.c.c.StandardEngine - [log,173] - Starting Servlet Engine: Apache Tomcat/9.0.13
21:54:33.420 [restartedMain] INFO  o.a.c.c.AprLifecycleListener - [log,173] - The APR based Apache Tomcat Native library which allows optimal performance in production environments was not found on the java.library.path: [D:\word\jdk\jdk1.8\jdk1.8.0_151\bin;C:\Windows\Sun\Java\bin;C:\Windows\system32;C:\Windows;D:\word\tools\ssh\xftp6\;C:\ProgramData\Oracle\Java\javapath;C:\Program Files (x86)\Intel\Intel(R) Management Engine Components\iCLS\;C:\Program Files\Intel\Intel(R) Management Engine Components\iCLS\;C:\Windows\system32;C:\Windows;C:\Windows\System32\Wbem;C:\Windows\System32\WindowsPowerShell\v1.0\;C:\Windows\System32\OpenSSH\;C:\Program Files (x86)\Intel\Intel(R) Management Engine Components\DAL;C:\Program Files\Intel\Intel(R) Management Engine Components\DAL;C:\Program Files (x86)\Intel\Intel(R) Management Engine Components\IPT;C:\Program Files\Intel\Intel(R) Management Engine Components\IPT;C:\Program Files (x86)\NVIDIA Corporation\PhysX\Common;C:\Program Files\Intel\WiFi\bin\;C:\Program Files\Common Files\Intel\WirelessCommon\;D:\word\OpenVPN\bin;D:\word\tools\nodejs\;D:\word\tools\OpenVPN\bin;D:\word\tools\svn\Git\cmd;D:\word\tools\svn\TortoiseGit\bin;C:\Users\95465\AppData\Local\Microsoft\WindowsApps;D:\word\jdk\jdk1.8\jdk1.8.0_151\bin;D:\word\jdk\jdk1.8\jdk1.8.0_151\jre\bin;D:\word\java\apache-maven-3.6.1\bin\;C:\Users\95465\AppData\Roaming\npm;D:\word\tools\Microsoft VS Code\bin;D:\word\tools\Fiddler;D:\word\tools\database\mysql\mysql-8.0.18-winx64\bin;;.]
21:54:33.505 [restartedMain] INFO  o.a.c.c.C.[.[.[/] - [log,173] - Initializing Spring embedded WebApplicationContext
21:54:33.905 [restartedMain] INFO  c.a.d.s.b.a.DruidDataSourceAutoConfigure - [dataSource,56] - Init DruidDataSource
21:54:33.960 [restartedMain] INFO  o.a.c.c.StandardService - [log,173] - Stopping service [Tomcat]
21:54:55.605 [restartedMain] INFO  c.d.w.DoingWebApplication - [logStarting,50] - Starting DoingWebApplication on doing with PID 58348 (D:\word\tools\idea\ideaPlace\doing\doing\doing-web\target\classes started by 95465 in D:\word\tools\idea\ideaPlace\doing\doing)
21:54:55.610 [restartedMain] INFO  c.d.w.DoingWebApplication - [logStartupProfileInfo,679] - The following profiles are active: test
21:54:56.726 [restartedMain] INFO  o.a.c.h.Http11NioProtocol - [log,173] - Initializing ProtocolHandler ["http-nio-8080"]
21:54:56.733 [restartedMain] INFO  o.a.c.c.StandardService - [log,173] - Starting service [Tomcat]
21:54:56.733 [restartedMain] INFO  o.a.c.c.StandardEngine - [log,173] - Starting Servlet Engine: Apache Tomcat/9.0.13
21:54:56.739 [restartedMain] INFO  o.a.c.c.AprLifecycleListener - [log,173] - The APR based Apache Tomcat Native library which allows optimal performance in production environments was not found on the java.library.path: [D:\word\jdk\jdk1.8\jdk1.8.0_151\bin;C:\Windows\Sun\Java\bin;C:\Windows\system32;C:\Windows;D:\word\tools\ssh\xftp6\;C:\ProgramData\Oracle\Java\javapath;C:\Program Files (x86)\Intel\Intel(R) Management Engine Components\iCLS\;C:\Program Files\Intel\Intel(R) Management Engine Components\iCLS\;C:\Windows\system32;C:\Windows;C:\Windows\System32\Wbem;C:\Windows\System32\WindowsPowerShell\v1.0\;C:\Windows\System32\OpenSSH\;C:\Program Files (x86)\Intel\Intel(R) Management Engine Components\DAL;C:\Program Files\Intel\Intel(R) Management Engine Components\DAL;C:\Program Files (x86)\Intel\Intel(R) Management Engine Components\IPT;C:\Program Files\Intel\Intel(R) Management Engine Components\IPT;C:\Program Files (x86)\NVIDIA Corporation\PhysX\Common;C:\Program Files\Intel\WiFi\bin\;C:\Program Files\Common Files\Intel\WirelessCommon\;D:\word\OpenVPN\bin;D:\word\tools\nodejs\;D:\word\tools\OpenVPN\bin;D:\word\tools\svn\Git\cmd;D:\word\tools\svn\TortoiseGit\bin;C:\Users\95465\AppData\Local\Microsoft\WindowsApps;D:\word\jdk\jdk1.8\jdk1.8.0_151\bin;D:\word\jdk\jdk1.8\jdk1.8.0_151\jre\bin;D:\word\java\apache-maven-3.6.1\bin\;C:\Users\95465\AppData\Roaming\npm;D:\word\tools\Microsoft VS Code\bin;D:\word\tools\Fiddler;D:\word\tools\database\mysql\mysql-8.0.18-winx64\bin;;.]
21:54:56.835 [restartedMain] INFO  o.a.c.c.C.[.[.[/] - [log,173] - Initializing Spring embedded WebApplicationContext
21:54:57.234 [restartedMain] INFO  c.a.d.s.b.a.DruidDataSourceAutoConfigure - [dataSource,56] - Init DruidDataSource
21:54:57.293 [restartedMain] INFO  o.a.c.c.StandardService - [log,173] - Stopping service [Tomcat]
21:59:11.588 [restartedMain] INFO  c.d.w.DoingWebApplication - [logStarting,50] - Starting DoingWebApplication on doing with PID 57888 (D:\word\tools\idea\ideaPlace\doing\doing\doing-web\target\classes started by 95465 in D:\word\tools\idea\ideaPlace\doing\doing)
21:59:11.593 [restartedMain] INFO  c.d.w.DoingWebApplication - [logStartupProfileInfo,679] - The following profiles are active: test
22:00:32.821 [restartedMain] INFO  c.d.w.DoingWebApplication - [logStarting,50] - Starting DoingWebApplication on doing with PID 63032 (D:\word\tools\idea\ideaPlace\doing\doing\doing-web\target\classes started by 95465 in D:\word\tools\idea\ideaPlace\doing\doing)
22:00:32.825 [restartedMain] INFO  c.d.w.DoingWebApplication - [logStartupProfileInfo,679] - The following profiles are active: test
22:00:34.226 [restartedMain] INFO  o.a.c.h.Http11NioProtocol - [log,173] - Initializing ProtocolHandler ["http-nio-8080"]
22:00:34.235 [restartedMain] INFO  o.a.c.c.StandardService - [log,173] - Starting service [Tomcat]
22:00:34.235 [restartedMain] INFO  o.a.c.c.StandardEngine - [log,173] - Starting Servlet Engine: Apache Tomcat/9.0.13
22:00:34.242 [restartedMain] INFO  o.a.c.c.AprLifecycleListener - [log,173] - The APR based Apache Tomcat Native library which allows optimal performance in production environments was not found on the java.library.path: [D:\word\jdk\jdk1.8\jdk1.8.0_151\bin;C:\Windows\Sun\Java\bin;C:\Windows\system32;C:\Windows;D:\word\tools\ssh\xftp6\;C:\ProgramData\Oracle\Java\javapath;C:\Program Files (x86)\Intel\Intel(R) Management Engine Components\iCLS\;C:\Program Files\Intel\Intel(R) Management Engine Components\iCLS\;C:\Windows\system32;C:\Windows;C:\Windows\System32\Wbem;C:\Windows\System32\WindowsPowerShell\v1.0\;C:\Windows\System32\OpenSSH\;C:\Program Files (x86)\Intel\Intel(R) Management Engine Components\DAL;C:\Program Files\Intel\Intel(R) Management Engine Components\DAL;C:\Program Files (x86)\Intel\Intel(R) Management Engine Components\IPT;C:\Program Files\Intel\Intel(R) Management Engine Components\IPT;C:\Program Files (x86)\NVIDIA Corporation\PhysX\Common;C:\Program Files\Intel\WiFi\bin\;C:\Program Files\Common Files\Intel\WirelessCommon\;D:\word\OpenVPN\bin;D:\word\tools\nodejs\;D:\word\tools\OpenVPN\bin;D:\word\tools\svn\Git\cmd;D:\word\tools\svn\TortoiseGit\bin;C:\Users\95465\AppData\Local\Microsoft\WindowsApps;D:\word\jdk\jdk1.8\jdk1.8.0_151\bin;D:\word\jdk\jdk1.8\jdk1.8.0_151\jre\bin;D:\word\java\apache-maven-3.6.1\bin\;C:\Users\95465\AppData\Roaming\npm;D:\word\tools\Microsoft VS Code\bin;D:\word\tools\Fiddler;D:\word\tools\database\mysql\mysql-8.0.18-winx64\bin;;.]
22:00:34.332 [restartedMain] INFO  o.a.c.c.C.[.[.[/] - [log,173] - Initializing Spring embedded WebApplicationContext
22:00:34.499 [restartedMain] INFO  o.a.c.c.StandardService - [log,173] - Stopping service [Tomcat]
22:02:27.193 [restartedMain] INFO  c.d.w.DoingWebApplication - [logStarting,50] - Starting DoingWebApplication on doing with PID 57712 (D:\word\tools\idea\ideaPlace\doing\doing\doing-web\target\classes started by 95465 in D:\word\tools\idea\ideaPlace\doing\doing)
22:02:27.196 [restartedMain] INFO  c.d.w.DoingWebApplication - [logStartupProfileInfo,679] - The following profiles are active: test
22:02:28.503 [restartedMain] INFO  o.a.c.h.Http11NioProtocol - [log,173] - Initializing ProtocolHandler ["http-nio-8080"]
22:02:28.509 [restartedMain] INFO  o.a.c.c.StandardService - [log,173] - Starting service [Tomcat]
22:02:28.509 [restartedMain] INFO  o.a.c.c.StandardEngine - [log,173] - Starting Servlet Engine: Apache Tomcat/9.0.13
22:02:28.515 [restartedMain] INFO  o.a.c.c.AprLifecycleListener - [log,173] - The APR based Apache Tomcat Native library which allows optimal performance in production environments was not found on the java.library.path: [D:\word\jdk\jdk1.8\jdk1.8.0_151\bin;C:\Windows\Sun\Java\bin;C:\Windows\system32;C:\Windows;D:\word\tools\ssh\xftp6\;C:\ProgramData\Oracle\Java\javapath;C:\Program Files (x86)\Intel\Intel(R) Management Engine Components\iCLS\;C:\Program Files\Intel\Intel(R) Management Engine Components\iCLS\;C:\Windows\system32;C:\Windows;C:\Windows\System32\Wbem;C:\Windows\System32\WindowsPowerShell\v1.0\;C:\Windows\System32\OpenSSH\;C:\Program Files (x86)\Intel\Intel(R) Management Engine Components\DAL;C:\Program Files\Intel\Intel(R) Management Engine Components\DAL;C:\Program Files (x86)\Intel\Intel(R) Management Engine Components\IPT;C:\Program Files\Intel\Intel(R) Management Engine Components\IPT;C:\Program Files (x86)\NVIDIA Corporation\PhysX\Common;C:\Program Files\Intel\WiFi\bin\;C:\Program Files\Common Files\Intel\WirelessCommon\;D:\word\OpenVPN\bin;D:\word\tools\nodejs\;D:\word\tools\OpenVPN\bin;D:\word\tools\svn\Git\cmd;D:\word\tools\svn\TortoiseGit\bin;C:\Users\95465\AppData\Local\Microsoft\WindowsApps;D:\word\jdk\jdk1.8\jdk1.8.0_151\bin;D:\word\jdk\jdk1.8\jdk1.8.0_151\jre\bin;D:\word\java\apache-maven-3.6.1\bin\;C:\Users\95465\AppData\Roaming\npm;D:\word\tools\Microsoft VS Code\bin;D:\word\tools\Fiddler;D:\word\tools\database\mysql\mysql-8.0.18-winx64\bin;;.]
22:02:28.601 [restartedMain] INFO  o.a.c.c.C.[.[.[/] - [log,173] - Initializing Spring embedded WebApplicationContext
22:02:28.778 [restartedMain] INFO  o.a.c.c.StandardService - [log,173] - Stopping service [Tomcat]
22:02:42.785 [restartedMain] INFO  c.d.w.DoingWebApplication - [logStarting,50] - Starting DoingWebApplication on doing with PID 62776 (D:\word\tools\idea\ideaPlace\doing\doing\doing-web\target\classes started by 95465 in D:\word\tools\idea\ideaPlace\doing\doing)
22:02:42.788 [restartedMain] INFO  c.d.w.DoingWebApplication - [logStartupProfileInfo,679] - The following profiles are active: test
22:02:43.927 [restartedMain] INFO  o.a.c.h.Http11NioProtocol - [log,173] - Initializing ProtocolHandler ["http-nio-8080"]
22:02:43.934 [restartedMain] INFO  o.a.c.c.StandardService - [log,173] - Starting service [Tomcat]
22:02:43.935 [restartedMain] INFO  o.a.c.c.StandardEngine - [log,173] - Starting Servlet Engine: Apache Tomcat/9.0.13
22:02:43.940 [restartedMain] INFO  o.a.c.c.AprLifecycleListener - [log,173] - The APR based Apache Tomcat Native library which allows optimal performance in production environments was not found on the java.library.path: [D:\word\jdk\jdk1.8\jdk1.8.0_151\bin;C:\Windows\Sun\Java\bin;C:\Windows\system32;C:\Windows;D:\word\tools\ssh\xftp6\;C:\ProgramData\Oracle\Java\javapath;C:\Program Files (x86)\Intel\Intel(R) Management Engine Components\iCLS\;C:\Program Files\Intel\Intel(R) Management Engine Components\iCLS\;C:\Windows\system32;C:\Windows;C:\Windows\System32\Wbem;C:\Windows\System32\WindowsPowerShell\v1.0\;C:\Windows\System32\OpenSSH\;C:\Program Files (x86)\Intel\Intel(R) Management Engine Components\DAL;C:\Program Files\Intel\Intel(R) Management Engine Components\DAL;C:\Program Files (x86)\Intel\Intel(R) Management Engine Components\IPT;C:\Program Files\Intel\Intel(R) Management Engine Components\IPT;C:\Program Files (x86)\NVIDIA Corporation\PhysX\Common;C:\Program Files\Intel\WiFi\bin\;C:\Program Files\Common Files\Intel\WirelessCommon\;D:\word\OpenVPN\bin;D:\word\tools\nodejs\;D:\word\tools\OpenVPN\bin;D:\word\tools\svn\Git\cmd;D:\word\tools\svn\TortoiseGit\bin;C:\Users\95465\AppData\Local\Microsoft\WindowsApps;D:\word\jdk\jdk1.8\jdk1.8.0_151\bin;D:\word\jdk\jdk1.8\jdk1.8.0_151\jre\bin;D:\word\java\apache-maven-3.6.1\bin\;C:\Users\95465\AppData\Roaming\npm;D:\word\tools\Microsoft VS Code\bin;D:\word\tools\Fiddler;D:\word\tools\database\mysql\mysql-8.0.18-winx64\bin;;.]
22:02:44.032 [restartedMain] INFO  o.a.c.c.C.[.[.[/] - [log,173] - Initializing Spring embedded WebApplicationContext
22:02:44.430 [restartedMain] INFO  c.a.d.s.b.a.DruidDataSourceAutoConfigure - [dataSource,56] - Init DruidDataSource
22:02:44.493 [restartedMain] INFO  o.a.c.c.StandardService - [log,173] - Stopping service [Tomcat]
22:03:25.741 [restartedMain] INFO  c.d.w.DoingWebApplication - [logStarting,50] - Starting DoingWebApplication on doing with PID 64636 (D:\word\tools\idea\ideaPlace\doing\doing\doing-web\target\classes started by 95465 in D:\word\tools\idea\ideaPlace\doing\doing)
22:03:25.745 [restartedMain] INFO  c.d.w.DoingWebApplication - [logStartupProfileInfo,679] - The following profiles are active: test
22:03:27.192 [restartedMain] INFO  o.a.c.h.Http11NioProtocol - [log,173] - Initializing ProtocolHandler ["http-nio-8080"]
22:03:27.199 [restartedMain] INFO  o.a.c.c.StandardService - [log,173] - Starting service [Tomcat]
22:03:27.199 [restartedMain] INFO  o.a.c.c.StandardEngine - [log,173] - Starting Servlet Engine: Apache Tomcat/9.0.13
22:03:27.204 [restartedMain] INFO  o.a.c.c.AprLifecycleListener - [log,173] - The APR based Apache Tomcat Native library which allows optimal performance in production environments was not found on the java.library.path: [D:\word\jdk\jdk1.8\jdk1.8.0_151\bin;C:\Windows\Sun\Java\bin;C:\Windows\system32;C:\Windows;D:\word\tools\ssh\xftp6\;C:\ProgramData\Oracle\Java\javapath;C:\Program Files (x86)\Intel\Intel(R) Management Engine Components\iCLS\;C:\Program Files\Intel\Intel(R) Management Engine Components\iCLS\;C:\Windows\system32;C:\Windows;C:\Windows\System32\Wbem;C:\Windows\System32\WindowsPowerShell\v1.0\;C:\Windows\System32\OpenSSH\;C:\Program Files (x86)\Intel\Intel(R) Management Engine Components\DAL;C:\Program Files\Intel\Intel(R) Management Engine Components\DAL;C:\Program Files (x86)\Intel\Intel(R) Management Engine Components\IPT;C:\Program Files\Intel\Intel(R) Management Engine Components\IPT;C:\Program Files (x86)\NVIDIA Corporation\PhysX\Common;C:\Program Files\Intel\WiFi\bin\;C:\Program Files\Common Files\Intel\WirelessCommon\;D:\word\OpenVPN\bin;D:\word\tools\nodejs\;D:\word\tools\OpenVPN\bin;D:\word\tools\svn\Git\cmd;D:\word\tools\svn\TortoiseGit\bin;C:\Users\95465\AppData\Local\Microsoft\WindowsApps;D:\word\jdk\jdk1.8\jdk1.8.0_151\bin;D:\word\jdk\jdk1.8\jdk1.8.0_151\jre\bin;D:\word\java\apache-maven-3.6.1\bin\;C:\Users\95465\AppData\Roaming\npm;D:\word\tools\Microsoft VS Code\bin;D:\word\tools\Fiddler;D:\word\tools\database\mysql\mysql-8.0.18-winx64\bin;;.]
22:03:27.286 [restartedMain] INFO  o.a.c.c.C.[.[.[/] - [log,173] - Initializing Spring embedded WebApplicationContext
22:03:27.464 [restartedMain] INFO  o.a.c.c.StandardService - [log,173] - Stopping service [Tomcat]
22:04:58.900 [restartedMain] INFO  c.d.w.DoingWebApplication - [logStarting,50] - Starting DoingWebApplication on doing with PID 65060 (D:\word\tools\idea\ideaPlace\doing\doing\doing-web\target\classes started by 95465 in D:\word\tools\idea\ideaPlace\doing\doing)
22:04:58.904 [restartedMain] INFO  c.d.w.DoingWebApplication - [logStartupProfileInfo,679] - The following profiles are active: test
22:05:00.008 [restartedMain] INFO  o.a.c.h.Http11NioProtocol - [log,173] - Initializing ProtocolHandler ["http-nio-8080"]
22:05:00.017 [restartedMain] INFO  o.a.c.c.StandardService - [log,173] - Starting service [Tomcat]
22:05:00.017 [restartedMain] INFO  o.a.c.c.StandardEngine - [log,173] - Starting Servlet Engine: Apache Tomcat/9.0.13
22:05:00.025 [restartedMain] INFO  o.a.c.c.AprLifecycleListener - [log,173] - The APR based Apache Tomcat Native library which allows optimal performance in production environments was not found on the java.library.path: [D:\word\jdk\jdk1.8\jdk1.8.0_151\bin;C:\Windows\Sun\Java\bin;C:\Windows\system32;C:\Windows;D:\word\tools\ssh\xftp6\;C:\ProgramData\Oracle\Java\javapath;C:\Program Files (x86)\Intel\Intel(R) Management Engine Components\iCLS\;C:\Program Files\Intel\Intel(R) Management Engine Components\iCLS\;C:\Windows\system32;C:\Windows;C:\Windows\System32\Wbem;C:\Windows\System32\WindowsPowerShell\v1.0\;C:\Windows\System32\OpenSSH\;C:\Program Files (x86)\Intel\Intel(R) Management Engine Components\DAL;C:\Program Files\Intel\Intel(R) Management Engine Components\DAL;C:\Program Files (x86)\Intel\Intel(R) Management Engine Components\IPT;C:\Program Files\Intel\Intel(R) Management Engine Components\IPT;C:\Program Files (x86)\NVIDIA Corporation\PhysX\Common;C:\Program Files\Intel\WiFi\bin\;C:\Program Files\Common Files\Intel\WirelessCommon\;D:\word\OpenVPN\bin;D:\word\tools\nodejs\;D:\word\tools\OpenVPN\bin;D:\word\tools\svn\Git\cmd;D:\word\tools\svn\TortoiseGit\bin;C:\Users\95465\AppData\Local\Microsoft\WindowsApps;D:\word\jdk\jdk1.8\jdk1.8.0_151\bin;D:\word\jdk\jdk1.8\jdk1.8.0_151\jre\bin;D:\word\java\apache-maven-3.6.1\bin\;C:\Users\95465\AppData\Roaming\npm;D:\word\tools\Microsoft VS Code\bin;D:\word\tools\Fiddler;D:\word\tools\database\mysql\mysql-8.0.18-winx64\bin;;.]
22:05:00.126 [restartedMain] INFO  o.a.c.c.C.[.[.[/] - [log,173] - Initializing Spring embedded WebApplicationContext
22:05:00.556 [restartedMain] INFO  c.a.d.s.b.a.DruidDataSourceAutoConfigure - [dataSource,56] - Init DruidDataSource
22:05:00.624 [restartedMain] INFO  o.a.c.c.StandardService - [log,173] - Stopping service [Tomcat]
22:05:14.374 [restartedMain] INFO  c.d.w.DoingWebApplication - [logStarting,50] - Starting DoingWebApplication on doing with PID 61876 (D:\word\tools\idea\ideaPlace\doing\doing\doing-web\target\classes started by 95465 in D:\word\tools\idea\ideaPlace\doing\doing)
22:05:14.377 [restartedMain] INFO  c.d.w.DoingWebApplication - [logStartupProfileInfo,679] - The following profiles are active: test
22:05:15.612 [restartedMain] INFO  o.a.c.h.Http11NioProtocol - [log,173] - Initializing ProtocolHandler ["http-nio-8080"]
22:05:15.620 [restartedMain] INFO  o.a.c.c.StandardService - [log,173] - Starting service [Tomcat]
22:05:15.620 [restartedMain] INFO  o.a.c.c.StandardEngine - [log,173] - Starting Servlet Engine: Apache Tomcat/9.0.13
22:05:15.626 [restartedMain] INFO  o.a.c.c.AprLifecycleListener - [log,173] - The APR based Apache Tomcat Native library which allows optimal performance in production environments was not found on the java.library.path: [D:\word\jdk\jdk1.8\jdk1.8.0_151\bin;C:\Windows\Sun\Java\bin;C:\Windows\system32;C:\Windows;D:\word\tools\ssh\xftp6\;C:\ProgramData\Oracle\Java\javapath;C:\Program Files (x86)\Intel\Intel(R) Management Engine Components\iCLS\;C:\Program Files\Intel\Intel(R) Management Engine Components\iCLS\;C:\Windows\system32;C:\Windows;C:\Windows\System32\Wbem;C:\Windows\System32\WindowsPowerShell\v1.0\;C:\Windows\System32\OpenSSH\;C:\Program Files (x86)\Intel\Intel(R) Management Engine Components\DAL;C:\Program Files\Intel\Intel(R) Management Engine Components\DAL;C:\Program Files (x86)\Intel\Intel(R) Management Engine Components\IPT;C:\Program Files\Intel\Intel(R) Management Engine Components\IPT;C:\Program Files (x86)\NVIDIA Corporation\PhysX\Common;C:\Program Files\Intel\WiFi\bin\;C:\Program Files\Common Files\Intel\WirelessCommon\;D:\word\OpenVPN\bin;D:\word\tools\nodejs\;D:\word\tools\OpenVPN\bin;D:\word\tools\svn\Git\cmd;D:\word\tools\svn\TortoiseGit\bin;C:\Users\95465\AppData\Local\Microsoft\WindowsApps;D:\word\jdk\jdk1.8\jdk1.8.0_151\bin;D:\word\jdk\jdk1.8\jdk1.8.0_151\jre\bin;D:\word\java\apache-maven-3.6.1\bin\;C:\Users\95465\AppData\Roaming\npm;D:\word\tools\Microsoft VS Code\bin;D:\word\tools\Fiddler;D:\word\tools\database\mysql\mysql-8.0.18-winx64\bin;;.]
22:05:15.706 [restartedMain] INFO  o.a.c.c.C.[.[.[/] - [log,173] - Initializing Spring embedded WebApplicationContext
22:05:16.625 [restartedMain] INFO  o.a.c.h.Http11NioProtocol - [log,173] - Starting ProtocolHandler ["http-nio-8080"]
22:05:16.632 [restartedMain] INFO  o.a.t.u.n.NioSelectorPool - [log,173] - Using a shared selector for servlet write/read
22:05:16.650 [restartedMain] INFO  c.d.w.DoingWebApplication - [logStarted,59] - Started DoingWebApplication in 2.73 seconds (JVM running for 3.79)
22:06:53.411 [restartedMain] INFO  c.d.w.DoingWebApplication - [logStarting,50] - Starting DoingWebApplication on doing with PID 63868 (D:\word\tools\idea\ideaPlace\doing\doing\doing-web\target\classes started by 95465 in D:\word\tools\idea\ideaPlace\doing\doing)
22:06:53.414 [restartedMain] INFO  c.d.w.DoingWebApplication - [logStartupProfileInfo,679] - The following profiles are active: test
22:06:54.656 [restartedMain] INFO  o.a.c.h.Http11NioProtocol - [log,173] - Initializing ProtocolHandler ["http-nio-8080"]
22:06:54.663 [restartedMain] INFO  o.a.c.c.StandardService - [log,173] - Starting service [Tomcat]
22:06:54.663 [restartedMain] INFO  o.a.c.c.StandardEngine - [log,173] - Starting Servlet Engine: Apache Tomcat/9.0.13
22:06:54.668 [restartedMain] INFO  o.a.c.c.AprLifecycleListener - [log,173] - The APR based Apache Tomcat Native library which allows optimal performance in production environments was not found on the java.library.path: [D:\word\jdk\jdk1.8\jdk1.8.0_151\bin;C:\Windows\Sun\Java\bin;C:\Windows\system32;C:\Windows;D:\word\tools\ssh\xftp6\;C:\ProgramData\Oracle\Java\javapath;C:\Program Files (x86)\Intel\Intel(R) Management Engine Components\iCLS\;C:\Program Files\Intel\Intel(R) Management Engine Components\iCLS\;C:\Windows\system32;C:\Windows;C:\Windows\System32\Wbem;C:\Windows\System32\WindowsPowerShell\v1.0\;C:\Windows\System32\OpenSSH\;C:\Program Files (x86)\Intel\Intel(R) Management Engine Components\DAL;C:\Program Files\Intel\Intel(R) Management Engine Components\DAL;C:\Program Files (x86)\Intel\Intel(R) Management Engine Components\IPT;C:\Program Files\Intel\Intel(R) Management Engine Components\IPT;C:\Program Files (x86)\NVIDIA Corporation\PhysX\Common;C:\Program Files\Intel\WiFi\bin\;C:\Program Files\Common Files\Intel\WirelessCommon\;D:\word\OpenVPN\bin;D:\word\tools\nodejs\;D:\word\tools\OpenVPN\bin;D:\word\tools\svn\Git\cmd;D:\word\tools\svn\TortoiseGit\bin;C:\Users\95465\AppData\Local\Microsoft\WindowsApps;D:\word\jdk\jdk1.8\jdk1.8.0_151\bin;D:\word\jdk\jdk1.8\jdk1.8.0_151\jre\bin;D:\word\java\apache-maven-3.6.1\bin\;C:\Users\95465\AppData\Roaming\npm;D:\word\tools\Microsoft VS Code\bin;D:\word\tools\Fiddler;D:\word\tools\database\mysql\mysql-8.0.18-winx64\bin;;.]
22:06:54.754 [restartedMain] INFO  o.a.c.c.C.[.[.[/] - [log,173] - Initializing Spring embedded WebApplicationContext
22:06:55.166 [restartedMain] INFO  c.a.d.s.b.a.DruidDataSourceAutoConfigure - [dataSource,56] - Init DruidDataSource
22:06:55.221 [restartedMain] INFO  o.a.c.c.StandardService - [log,173] - Stopping service [Tomcat]
22:07:08.141 [restartedMain] INFO  c.d.w.DoingWebApplication - [logStarting,50] - Starting DoingWebApplication on doing with PID 62768 (D:\word\tools\idea\ideaPlace\doing\doing\doing-web\target\classes started by 95465 in D:\word\tools\idea\ideaPlace\doing\doing)
22:07:08.146 [restartedMain] INFO  c.d.w.DoingWebApplication - [logStartupProfileInfo,679] - The following profiles are active: test
22:07:09.694 [restartedMain] INFO  o.a.c.h.Http11NioProtocol - [log,173] - Initializing ProtocolHandler ["http-nio-8080"]
22:07:09.704 [restartedMain] INFO  o.a.c.c.StandardService - [log,173] - Starting service [Tomcat]
22:07:09.704 [restartedMain] INFO  o.a.c.c.StandardEngine - [log,173] - Starting Servlet Engine: Apache Tomcat/9.0.13
22:07:09.714 [restartedMain] INFO  o.a.c.c.AprLifecycleListener - [log,173] - The APR based Apache Tomcat Native library which allows optimal performance in production environments was not found on the java.library.path: [D:\word\jdk\jdk1.8\jdk1.8.0_151\bin;C:\Windows\Sun\Java\bin;C:\Windows\system32;C:\Windows;D:\word\tools\ssh\xftp6\;C:\ProgramData\Oracle\Java\javapath;C:\Program Files (x86)\Intel\Intel(R) Management Engine Components\iCLS\;C:\Program Files\Intel\Intel(R) Management Engine Components\iCLS\;C:\Windows\system32;C:\Windows;C:\Windows\System32\Wbem;C:\Windows\System32\WindowsPowerShell\v1.0\;C:\Windows\System32\OpenSSH\;C:\Program Files (x86)\Intel\Intel(R) Management Engine Components\DAL;C:\Program Files\Intel\Intel(R) Management Engine Components\DAL;C:\Program Files (x86)\Intel\Intel(R) Management Engine Components\IPT;C:\Program Files\Intel\Intel(R) Management Engine Components\IPT;C:\Program Files (x86)\NVIDIA Corporation\PhysX\Common;C:\Program Files\Intel\WiFi\bin\;C:\Program Files\Common Files\Intel\WirelessCommon\;D:\word\OpenVPN\bin;D:\word\tools\nodejs\;D:\word\tools\OpenVPN\bin;D:\word\tools\svn\Git\cmd;D:\word\tools\svn\TortoiseGit\bin;C:\Users\95465\AppData\Local\Microsoft\WindowsApps;D:\word\jdk\jdk1.8\jdk1.8.0_151\bin;D:\word\jdk\jdk1.8\jdk1.8.0_151\jre\bin;D:\word\java\apache-maven-3.6.1\bin\;C:\Users\95465\AppData\Roaming\npm;D:\word\tools\Microsoft VS Code\bin;D:\word\tools\Fiddler;D:\word\tools\database\mysql\mysql-8.0.18-winx64\bin;;.]
22:07:09.816 [restartedMain] INFO  o.a.c.c.C.[.[.[/] - [log,173] - Initializing Spring embedded WebApplicationContext
22:07:10.848 [restartedMain] INFO  o.a.c.h.Http11NioProtocol - [log,173] - Starting ProtocolHandler ["http-nio-8080"]
22:07:10.857 [restartedMain] INFO  o.a.t.u.n.NioSelectorPool - [log,173] - Using a shared selector for servlet write/read
22:07:10.880 [restartedMain] INFO  c.d.w.DoingWebApplication - [logStarted,59] - Started DoingWebApplication in 3.365 seconds (JVM running for 4.412)
22:18:04.491 [restartedMain] INFO  c.d.w.DoingWebApplication - [logStarting,50] - Starting DoingWebApplication on doing with PID 65072 (D:\word\tools\idea\ideaPlace\doing\doing\doing-web\target\classes started by 95465 in D:\word\tools\idea\ideaPlace\doing\doing)
22:18:04.494 [restartedMain] INFO  c.d.w.DoingWebApplication - [logStartupProfileInfo,679] - The following profiles are active: test
22:18:05.868 [restartedMain] INFO  o.a.c.h.Http11NioProtocol - [log,173] - Initializing ProtocolHandler ["http-nio-8080"]
22:18:05.875 [restartedMain] INFO  o.a.c.c.StandardService - [log,173] - Starting service [Tomcat]
22:18:05.876 [restartedMain] INFO  o.a.c.c.StandardEngine - [log,173] - Starting Servlet Engine: Apache Tomcat/9.0.13
22:18:05.882 [restartedMain] INFO  o.a.c.c.AprLifecycleListener - [log,173] - The APR based Apache Tomcat Native library which allows optimal performance in production environments was not found on the java.library.path: [D:\word\jdk\jdk1.8\jdk1.8.0_151\bin;C:\Windows\Sun\Java\bin;C:\Windows\system32;C:\Windows;D:\word\tools\ssh\xftp6\;C:\ProgramData\Oracle\Java\javapath;C:\Program Files (x86)\Intel\Intel(R) Management Engine Components\iCLS\;C:\Program Files\Intel\Intel(R) Management Engine Components\iCLS\;C:\Windows\system32;C:\Windows;C:\Windows\System32\Wbem;C:\Windows\System32\WindowsPowerShell\v1.0\;C:\Windows\System32\OpenSSH\;C:\Program Files (x86)\Intel\Intel(R) Management Engine Components\DAL;C:\Program Files\Intel\Intel(R) Management Engine Components\DAL;C:\Program Files (x86)\Intel\Intel(R) Management Engine Components\IPT;C:\Program Files\Intel\Intel(R) Management Engine Components\IPT;C:\Program Files (x86)\NVIDIA Corporation\PhysX\Common;C:\Program Files\Intel\WiFi\bin\;C:\Program Files\Common Files\Intel\WirelessCommon\;D:\word\OpenVPN\bin;D:\word\tools\nodejs\;D:\word\tools\OpenVPN\bin;D:\word\tools\svn\Git\cmd;D:\word\tools\svn\TortoiseGit\bin;C:\Users\95465\AppData\Local\Microsoft\WindowsApps;D:\word\jdk\jdk1.8\jdk1.8.0_151\bin;D:\word\jdk\jdk1.8\jdk1.8.0_151\jre\bin;D:\word\java\apache-maven-3.6.1\bin\;C:\Users\95465\AppData\Roaming\npm;D:\word\tools\Microsoft VS Code\bin;D:\word\tools\Fiddler;D:\word\tools\database\mysql\mysql-8.0.18-winx64\bin;;.]
22:18:05.973 [restartedMain] INFO  o.a.c.c.C.[.[.[/] - [log,173] - Initializing Spring embedded WebApplicationContext
22:18:07.081 [restartedMain] INFO  o.a.c.h.Http11NioProtocol - [log,173] - Starting ProtocolHandler ["http-nio-8080"]
22:18:07.091 [restartedMain] INFO  o.a.t.u.n.NioSelectorPool - [log,173] - Using a shared selector for servlet write/read
22:18:07.113 [restartedMain] INFO  c.d.w.DoingWebApplication - [logStarted,59] - Started DoingWebApplication in 3.085 seconds (JVM running for 4.122)
22:19:55.514 [restartedMain] INFO  c.d.w.DoingWebApplication - [logStarting,50] - Starting DoingWebApplication on doing with PID 66356 (D:\word\tools\idea\ideaPlace\doing\doing\doing-web\target\classes started by 95465 in D:\word\tools\idea\ideaPlace\doing\doing)
22:19:55.518 [restartedMain] INFO  c.d.w.DoingWebApplication - [logStartupProfileInfo,679] - The following profiles are active: test
22:19:56.625 [restartedMain] INFO  o.a.c.h.Http11NioProtocol - [log,173] - Initializing ProtocolHandler ["http-nio-8080"]
22:19:56.632 [restartedMain] INFO  o.a.c.c.StandardService - [log,173] - Starting service [Tomcat]
22:19:56.632 [restartedMain] INFO  o.a.c.c.StandardEngine - [log,173] - Starting Servlet Engine: Apache Tomcat/9.0.13
22:19:56.637 [restartedMain] INFO  o.a.c.c.AprLifecycleListener - [log,173] - The APR based Apache Tomcat Native library which allows optimal performance in production environments was not found on the java.library.path: [D:\word\jdk\jdk1.8\jdk1.8.0_151\bin;C:\Windows\Sun\Java\bin;C:\Windows\system32;C:\Windows;D:\word\tools\ssh\xftp6\;C:\ProgramData\Oracle\Java\javapath;C:\Program Files (x86)\Intel\Intel(R) Management Engine Components\iCLS\;C:\Program Files\Intel\Intel(R) Management Engine Components\iCLS\;C:\Windows\system32;C:\Windows;C:\Windows\System32\Wbem;C:\Windows\System32\WindowsPowerShell\v1.0\;C:\Windows\System32\OpenSSH\;C:\Program Files (x86)\Intel\Intel(R) Management Engine Components\DAL;C:\Program Files\Intel\Intel(R) Management Engine Components\DAL;C:\Program Files (x86)\Intel\Intel(R) Management Engine Components\IPT;C:\Program Files\Intel\Intel(R) Management Engine Components\IPT;C:\Program Files (x86)\NVIDIA Corporation\PhysX\Common;C:\Program Files\Intel\WiFi\bin\;C:\Program Files\Common Files\Intel\WirelessCommon\;D:\word\OpenVPN\bin;D:\word\tools\nodejs\;D:\word\tools\OpenVPN\bin;D:\word\tools\svn\Git\cmd;D:\word\tools\svn\TortoiseGit\bin;C:\Users\95465\AppData\Local\Microsoft\WindowsApps;D:\word\jdk\jdk1.8\jdk1.8.0_151\bin;D:\word\jdk\jdk1.8\jdk1.8.0_151\jre\bin;D:\word\java\apache-maven-3.6.1\bin\;C:\Users\95465\AppData\Roaming\npm;D:\word\tools\Microsoft VS Code\bin;D:\word\tools\Fiddler;D:\word\tools\database\mysql\mysql-8.0.18-winx64\bin;;.]
22:19:56.719 [restartedMain] INFO  o.a.c.c.C.[.[.[/] - [log,173] - Initializing Spring embedded WebApplicationContext
22:19:57.112 [restartedMain] INFO  c.a.d.s.b.a.DruidDataSourceAutoConfigure - [dataSource,56] - Init DruidDataSource
22:19:57.171 [restartedMain] INFO  o.a.c.c.StandardService - [log,173] - Stopping service [Tomcat]
22:35:56.418 [restartedMain] INFO  c.d.w.DoingWebApplication - [logStarting,50] - Starting DoingWebApplication on doing with PID 60380 (D:\word\tools\idea\ideaPlace\doing\doing\doing-web\target\classes started by 95465 in D:\word\tools\idea\ideaPlace\doing\doing)
22:35:56.422 [restartedMain] INFO  c.d.w.DoingWebApplication - [logStartupProfileInfo,679] - The following profiles are active: test
22:35:57.881 [restartedMain] INFO  o.a.c.h.Http11NioProtocol - [log,173] - Initializing ProtocolHandler ["http-nio-8080"]
22:35:57.889 [restartedMain] INFO  o.a.c.c.StandardService - [log,173] - Starting service [Tomcat]
22:35:57.890 [restartedMain] INFO  o.a.c.c.StandardEngine - [log,173] - Starting Servlet Engine: Apache Tomcat/9.0.13
22:35:57.897 [restartedMain] INFO  o.a.c.c.AprLifecycleListener - [log,173] - The APR based Apache Tomcat Native library which allows optimal performance in production environments was not found on the java.library.path: [D:\word\jdk\jdk1.8\jdk1.8.0_151\bin;C:\Windows\Sun\Java\bin;C:\Windows\system32;C:\Windows;D:\word\tools\ssh\xftp6\;C:\ProgramData\Oracle\Java\javapath;C:\Program Files (x86)\Intel\Intel(R) Management Engine Components\iCLS\;C:\Program Files\Intel\Intel(R) Management Engine Components\iCLS\;C:\Windows\system32;C:\Windows;C:\Windows\System32\Wbem;C:\Windows\System32\WindowsPowerShell\v1.0\;C:\Windows\System32\OpenSSH\;C:\Program Files (x86)\Intel\Intel(R) Management Engine Components\DAL;C:\Program Files\Intel\Intel(R) Management Engine Components\DAL;C:\Program Files (x86)\Intel\Intel(R) Management Engine Components\IPT;C:\Program Files\Intel\Intel(R) Management Engine Components\IPT;C:\Program Files (x86)\NVIDIA Corporation\PhysX\Common;C:\Program Files\Intel\WiFi\bin\;C:\Program Files\Common Files\Intel\WirelessCommon\;D:\word\OpenVPN\bin;D:\word\tools\nodejs\;D:\word\tools\OpenVPN\bin;D:\word\tools\svn\Git\cmd;D:\word\tools\svn\TortoiseGit\bin;C:\Users\95465\AppData\Local\Microsoft\WindowsApps;D:\word\jdk\jdk1.8\jdk1.8.0_151\bin;D:\word\jdk\jdk1.8\jdk1.8.0_151\jre\bin;D:\word\java\apache-maven-3.6.1\bin\;C:\Users\95465\AppData\Roaming\npm;D:\word\tools\Microsoft VS Code\bin;D:\word\tools\Fiddler;D:\word\tools\database\mysql\mysql-8.0.18-winx64\bin;;.]
22:35:58.002 [restartedMain] INFO  o.a.c.c.C.[.[.[/] - [log,173] - Initializing Spring embedded WebApplicationContext
22:35:59.039 [restartedMain] INFO  o.a.c.h.Http11NioProtocol - [log,173] - Starting ProtocolHandler ["http-nio-8080"]
22:35:59.047 [restartedMain] INFO  o.a.t.u.n.NioSelectorPool - [log,173] - Using a shared selector for servlet write/read
22:35:59.068 [restartedMain] INFO  c.d.w.DoingWebApplication - [logStarted,59] - Started DoingWebApplication in 3.152 seconds (JVM running for 4.303)
22:39:37.019 [restartedMain] INFO  c.d.w.DoingWebApplication - [logStarting,50] - Starting DoingWebApplication on doing with PID 60968 (D:\word\tools\idea\ideaPlace\doing\doing\doing-web\target\classes started by 95465 in D:\word\tools\idea\ideaPlace\doing\doing)
22:39:37.023 [restartedMain] INFO  c.d.w.DoingWebApplication - [logStartupProfileInfo,679] - The following profiles are active: test
22:39:38.300 [restartedMain] INFO  o.a.c.h.Http11NioProtocol - [log,173] - Initializing ProtocolHandler ["http-nio-8080"]
22:39:38.307 [restartedMain] INFO  o.a.c.c.StandardService - [log,173] - Starting service [Tomcat]
22:39:38.307 [restartedMain] INFO  o.a.c.c.StandardEngine - [log,173] - Starting Servlet Engine: Apache Tomcat/9.0.13
22:39:38.313 [restartedMain] INFO  o.a.c.c.AprLifecycleListener - [log,173] - The APR based Apache Tomcat Native library which allows optimal performance in production environments was not found on the java.library.path: [D:\word\jdk\jdk1.8\jdk1.8.0_151\bin;C:\Windows\Sun\Java\bin;C:\Windows\system32;C:\Windows;D:\word\tools\ssh\xftp6\;C:\ProgramData\Oracle\Java\javapath;C:\Program Files (x86)\Intel\Intel(R) Management Engine Components\iCLS\;C:\Program Files\Intel\Intel(R) Management Engine Components\iCLS\;C:\Windows\system32;C:\Windows;C:\Windows\System32\Wbem;C:\Windows\System32\WindowsPowerShell\v1.0\;C:\Windows\System32\OpenSSH\;C:\Program Files (x86)\Intel\Intel(R) Management Engine Components\DAL;C:\Program Files\Intel\Intel(R) Management Engine Components\DAL;C:\Program Files (x86)\Intel\Intel(R) Management Engine Components\IPT;C:\Program Files\Intel\Intel(R) Management Engine Components\IPT;C:\Program Files (x86)\NVIDIA Corporation\PhysX\Common;C:\Program Files\Intel\WiFi\bin\;C:\Program Files\Common Files\Intel\WirelessCommon\;D:\word\OpenVPN\bin;D:\word\tools\nodejs\;D:\word\tools\OpenVPN\bin;D:\word\tools\svn\Git\cmd;D:\word\tools\svn\TortoiseGit\bin;C:\Users\95465\AppData\Local\Microsoft\WindowsApps;D:\word\jdk\jdk1.8\jdk1.8.0_151\bin;D:\word\jdk\jdk1.8\jdk1.8.0_151\jre\bin;D:\word\java\apache-maven-3.6.1\bin\;C:\Users\95465\AppData\Roaming\npm;D:\word\tools\Microsoft VS Code\bin;D:\word\tools\Fiddler;D:\word\tools\database\mysql\mysql-8.0.18-winx64\bin;;.]
22:39:38.399 [restartedMain] INFO  o.a.c.c.C.[.[.[/] - [log,173] - Initializing Spring embedded WebApplicationContext
22:39:39.329 [restartedMain] INFO  o.a.c.h.Http11NioProtocol - [log,173] - Starting ProtocolHandler ["http-nio-8080"]
22:39:39.337 [restartedMain] INFO  o.a.t.u.n.NioSelectorPool - [log,173] - Using a shared selector for servlet write/read
22:39:39.355 [restartedMain] INFO  c.d.w.DoingWebApplication - [logStarted,59] - Started DoingWebApplication in 2.804 seconds (JVM running for 3.842)
22:41:27.618 [restartedMain] INFO  c.d.w.DoingWebApplication - [logStarting,50] - Starting DoingWebApplication on doing with PID 66328 (D:\word\tools\idea\ideaPlace\doing\doing\doing-web\target\classes started by 95465 in D:\word\tools\idea\ideaPlace\doing\doing)
22:41:27.622 [restartedMain] INFO  c.d.w.DoingWebApplication - [logStartupProfileInfo,679] - The following profiles are active: test
22:41:28.871 [restartedMain] INFO  o.a.c.h.Http11NioProtocol - [log,173] - Initializing ProtocolHandler ["http-nio-8080"]
22:41:28.877 [restartedMain] INFO  o.a.c.c.StandardService - [log,173] - Starting service [Tomcat]
22:41:28.878 [restartedMain] INFO  o.a.c.c.StandardEngine - [log,173] - Starting Servlet Engine: Apache Tomcat/9.0.13
22:41:28.883 [restartedMain] INFO  o.a.c.c.AprLifecycleListener - [log,173] - The APR based Apache Tomcat Native library which allows optimal performance in production environments was not found on the java.library.path: [D:\word\jdk\jdk1.8\jdk1.8.0_151\bin;C:\Windows\Sun\Java\bin;C:\Windows\system32;C:\Windows;D:\word\tools\ssh\xftp6\;C:\ProgramData\Oracle\Java\javapath;C:\Program Files (x86)\Intel\Intel(R) Management Engine Components\iCLS\;C:\Program Files\Intel\Intel(R) Management Engine Components\iCLS\;C:\Windows\system32;C:\Windows;C:\Windows\System32\Wbem;C:\Windows\System32\WindowsPowerShell\v1.0\;C:\Windows\System32\OpenSSH\;C:\Program Files (x86)\Intel\Intel(R) Management Engine Components\DAL;C:\Program Files\Intel\Intel(R) Management Engine Components\DAL;C:\Program Files (x86)\Intel\Intel(R) Management Engine Components\IPT;C:\Program Files\Intel\Intel(R) Management Engine Components\IPT;C:\Program Files (x86)\NVIDIA Corporation\PhysX\Common;C:\Program Files\Intel\WiFi\bin\;C:\Program Files\Common Files\Intel\WirelessCommon\;D:\word\OpenVPN\bin;D:\word\tools\nodejs\;D:\word\tools\OpenVPN\bin;D:\word\tools\svn\Git\cmd;D:\word\tools\svn\TortoiseGit\bin;C:\Users\95465\AppData\Local\Microsoft\WindowsApps;D:\word\jdk\jdk1.8\jdk1.8.0_151\bin;D:\word\jdk\jdk1.8\jdk1.8.0_151\jre\bin;D:\word\java\apache-maven-3.6.1\bin\;C:\Users\95465\AppData\Roaming\npm;D:\word\tools\Microsoft VS Code\bin;D:\word\tools\Fiddler;D:\word\tools\database\mysql\mysql-8.0.18-winx64\bin;;.]
22:41:28.974 [restartedMain] INFO  o.a.c.c.C.[.[.[/] - [log,173] - Initializing Spring embedded WebApplicationContext
22:41:29.866 [restartedMain] INFO  o.a.c.h.Http11NioProtocol - [log,173] - Starting ProtocolHandler ["http-nio-8080"]
22:41:29.873 [restartedMain] INFO  o.a.t.u.n.NioSelectorPool - [log,173] - Using a shared selector for servlet write/read
22:41:29.891 [restartedMain] INFO  c.d.w.DoingWebApplication - [logStarted,59] - Started DoingWebApplication in 2.73 seconds (JVM running for 3.804)
22:41:47.299 [http-nio-8080-exec-13] INFO  o.a.c.c.C.[.[.[/] - [log,173] - Initializing Spring DispatcherServlet 'dispatcherServlet'
