11:28:36.375 [restartedMain] INFO  c.d.w.DoingWebApplication - [logStarting,50] - Starting DoingWebApplication on doing with PID 54212 (D:\word\tools\idea\ideaPlace\doing\doing\doing-web\target\classes started by 95465 in D:\word\tools\idea\ideaPlace\doing\doing)
11:28:36.381 [restartedMain] INFO  c.d.w.DoingWebApplication - [logStartupProfileInfo,679] - The following profiles are active: test
11:28:37.525 [restartedMain] INFO  o.a.c.h.Http11NioProtocol - [log,173] - Initializing ProtocolHandler ["http-nio-8080"]
11:28:37.533 [restartedMain] INFO  o.a.c.c.StandardService - [log,173] - Starting service [Tomcat]
11:28:37.533 [restartedMain] INFO  o.a.c.c.StandardEngine - [log,173] - Starting Servlet Engine: Apache Tomcat/9.0.13
11:28:37.553 [restartedMain] INFO  o.a.c.c.AprLifecycleListener - [log,173] - The APR based Apache Tomcat Native library which allows optimal performance in production environments was not found on the java.library.path: [D:\word\jdk\jdk1.8\jdk1.8.0_151\bin;C:\Windows\Sun\Java\bin;C:\Windows\system32;C:\Windows;D:\word\tools\ssh\xftp6\;C:\ProgramData\Oracle\Java\javapath;C:\Program Files (x86)\Intel\Intel(R) Management Engine Components\iCLS\;C:\Program Files\Intel\Intel(R) Management Engine Components\iCLS\;C:\Windows\system32;C:\Windows;C:\Windows\System32\Wbem;C:\Windows\System32\WindowsPowerShell\v1.0\;C:\Windows\System32\OpenSSH\;C:\Program Files (x86)\Intel\Intel(R) Management Engine Components\DAL;C:\Program Files\Intel\Intel(R) Management Engine Components\DAL;C:\Program Files (x86)\Intel\Intel(R) Management Engine Components\IPT;C:\Program Files\Intel\Intel(R) Management Engine Components\IPT;C:\Program Files (x86)\NVIDIA Corporation\PhysX\Common;C:\Program Files\Intel\WiFi\bin\;C:\Program Files\Common Files\Intel\WirelessCommon\;D:\word\OpenVPN\bin;D:\word\tools\nodejs\;D:\word\tools\OpenVPN\bin;D:\word\tools\svn\Git\cmd;D:\word\tools\svn\TortoiseGit\bin;C:\Users\95465\AppData\Local\Microsoft\WindowsApps;D:\word\jdk\jdk1.8\jdk1.8.0_151\bin;D:\word\jdk\jdk1.8\jdk1.8.0_151\jre\bin;D:\word\java\apache-maven-3.6.1\bin\;C:\Users\95465\AppData\Roaming\npm;D:\word\tools\Microsoft VS Code\bin;D:\word\tools\Fiddler;D:\word\tools\database\mysql\mysql-8.0.18-winx64\bin;;.]
11:28:37.637 [restartedMain] INFO  o.a.c.c.C.[.[.[/] - [log,173] - Initializing Spring embedded WebApplicationContext
11:28:38.027 [restartedMain] INFO  c.a.d.s.b.a.DruidDataSourceAutoConfigure - [dataSource,56] - Init DruidDataSource
11:28:38.083 [restartedMain] INFO  o.a.c.c.StandardService - [log,173] - Stopping service [Tomcat]
11:29:43.918 [restartedMain] INFO  c.d.w.DoingWebApplication - [logStarting,50] - Starting DoingWebApplication on doing with PID 49188 (D:\word\tools\idea\ideaPlace\doing\doing\doing-web\target\classes started by 95465 in D:\word\tools\idea\ideaPlace\doing\doing)
11:29:43.922 [restartedMain] INFO  c.d.w.DoingWebApplication - [logStartupProfileInfo,679] - The following profiles are active: test
11:29:45.053 [restartedMain] INFO  o.a.c.h.Http11NioProtocol - [log,173] - Initializing ProtocolHandler ["http-nio-8080"]
11:29:45.061 [restartedMain] INFO  o.a.c.c.StandardService - [log,173] - Starting service [Tomcat]
11:29:45.061 [restartedMain] INFO  o.a.c.c.StandardEngine - [log,173] - Starting Servlet Engine: Apache Tomcat/9.0.13
11:29:45.067 [restartedMain] INFO  o.a.c.c.AprLifecycleListener - [log,173] - The APR based Apache Tomcat Native library which allows optimal performance in production environments was not found on the java.library.path: [D:\word\jdk\jdk1.8\jdk1.8.0_151\bin;C:\Windows\Sun\Java\bin;C:\Windows\system32;C:\Windows;D:\word\tools\ssh\xftp6\;C:\ProgramData\Oracle\Java\javapath;C:\Program Files (x86)\Intel\Intel(R) Management Engine Components\iCLS\;C:\Program Files\Intel\Intel(R) Management Engine Components\iCLS\;C:\Windows\system32;C:\Windows;C:\Windows\System32\Wbem;C:\Windows\System32\WindowsPowerShell\v1.0\;C:\Windows\System32\OpenSSH\;C:\Program Files (x86)\Intel\Intel(R) Management Engine Components\DAL;C:\Program Files\Intel\Intel(R) Management Engine Components\DAL;C:\Program Files (x86)\Intel\Intel(R) Management Engine Components\IPT;C:\Program Files\Intel\Intel(R) Management Engine Components\IPT;C:\Program Files (x86)\NVIDIA Corporation\PhysX\Common;C:\Program Files\Intel\WiFi\bin\;C:\Program Files\Common Files\Intel\WirelessCommon\;D:\word\OpenVPN\bin;D:\word\tools\nodejs\;D:\word\tools\OpenVPN\bin;D:\word\tools\svn\Git\cmd;D:\word\tools\svn\TortoiseGit\bin;C:\Users\95465\AppData\Local\Microsoft\WindowsApps;D:\word\jdk\jdk1.8\jdk1.8.0_151\bin;D:\word\jdk\jdk1.8\jdk1.8.0_151\jre\bin;D:\word\java\apache-maven-3.6.1\bin\;C:\Users\95465\AppData\Roaming\npm;D:\word\tools\Microsoft VS Code\bin;D:\word\tools\Fiddler;D:\word\tools\database\mysql\mysql-8.0.18-winx64\bin;;.]
11:29:45.151 [restartedMain] INFO  o.a.c.c.C.[.[.[/] - [log,173] - Initializing Spring embedded WebApplicationContext
11:29:45.587 [restartedMain] INFO  c.a.d.s.b.a.DruidDataSourceAutoConfigure - [dataSource,56] - Init DruidDataSource
11:29:45.641 [restartedMain] INFO  o.a.c.c.StandardService - [log,173] - Stopping service [Tomcat]
11:31:34.456 [restartedMain] INFO  c.d.w.DoingWebApplication - [logStarting,50] - Starting DoingWebApplication on doing with PID 55200 (D:\word\tools\idea\ideaPlace\doing\doing\doing-web\target\classes started by 95465 in D:\word\tools\idea\ideaPlace\doing\doing)
11:31:34.460 [restartedMain] INFO  c.d.w.DoingWebApplication - [logStartupProfileInfo,679] - The following profiles are active: test
11:31:35.526 [restartedMain] INFO  o.a.c.h.Http11NioProtocol - [log,173] - Initializing ProtocolHandler ["http-nio-8080"]
11:31:35.532 [restartedMain] INFO  o.a.c.c.StandardService - [log,173] - Starting service [Tomcat]
11:31:35.532 [restartedMain] INFO  o.a.c.c.StandardEngine - [log,173] - Starting Servlet Engine: Apache Tomcat/9.0.13
11:31:35.537 [restartedMain] INFO  o.a.c.c.AprLifecycleListener - [log,173] - The APR based Apache Tomcat Native library which allows optimal performance in production environments was not found on the java.library.path: [D:\word\jdk\jdk1.8\jdk1.8.0_151\bin;C:\Windows\Sun\Java\bin;C:\Windows\system32;C:\Windows;D:\word\tools\ssh\xftp6\;C:\ProgramData\Oracle\Java\javapath;C:\Program Files (x86)\Intel\Intel(R) Management Engine Components\iCLS\;C:\Program Files\Intel\Intel(R) Management Engine Components\iCLS\;C:\Windows\system32;C:\Windows;C:\Windows\System32\Wbem;C:\Windows\System32\WindowsPowerShell\v1.0\;C:\Windows\System32\OpenSSH\;C:\Program Files (x86)\Intel\Intel(R) Management Engine Components\DAL;C:\Program Files\Intel\Intel(R) Management Engine Components\DAL;C:\Program Files (x86)\Intel\Intel(R) Management Engine Components\IPT;C:\Program Files\Intel\Intel(R) Management Engine Components\IPT;C:\Program Files (x86)\NVIDIA Corporation\PhysX\Common;C:\Program Files\Intel\WiFi\bin\;C:\Program Files\Common Files\Intel\WirelessCommon\;D:\word\OpenVPN\bin;D:\word\tools\nodejs\;D:\word\tools\OpenVPN\bin;D:\word\tools\svn\Git\cmd;D:\word\tools\svn\TortoiseGit\bin;C:\Users\95465\AppData\Local\Microsoft\WindowsApps;D:\word\jdk\jdk1.8\jdk1.8.0_151\bin;D:\word\jdk\jdk1.8\jdk1.8.0_151\jre\bin;D:\word\java\apache-maven-3.6.1\bin\;C:\Users\95465\AppData\Roaming\npm;D:\word\tools\Microsoft VS Code\bin;D:\word\tools\Fiddler;D:\word\tools\database\mysql\mysql-8.0.18-winx64\bin;;.]
11:31:35.617 [restartedMain] INFO  o.a.c.c.C.[.[.[/] - [log,173] - Initializing Spring embedded WebApplicationContext
11:31:35.991 [restartedMain] INFO  c.a.d.s.b.a.DruidDataSourceAutoConfigure - [dataSource,56] - Init DruidDataSource
11:31:36.045 [restartedMain] INFO  o.a.c.c.StandardService - [log,173] - Stopping service [Tomcat]
11:32:28.566 [restartedMain] INFO  c.d.w.DoingWebApplication - [logStarting,50] - Starting DoingWebApplication on doing with PID 49608 (D:\word\tools\idea\ideaPlace\doing\doing\doing-web\target\classes started by 95465 in D:\word\tools\idea\ideaPlace\doing\doing)
11:32:28.570 [restartedMain] INFO  c.d.w.DoingWebApplication - [logStartupProfileInfo,679] - The following profiles are active: test
11:32:29.600 [restartedMain] INFO  o.a.c.h.Http11NioProtocol - [log,173] - Initializing ProtocolHandler ["http-nio-8080"]
11:32:29.606 [restartedMain] INFO  o.a.c.c.StandardService - [log,173] - Starting service [Tomcat]
11:32:29.606 [restartedMain] INFO  o.a.c.c.StandardEngine - [log,173] - Starting Servlet Engine: Apache Tomcat/9.0.13
11:32:29.612 [restartedMain] INFO  o.a.c.c.AprLifecycleListener - [log,173] - The APR based Apache Tomcat Native library which allows optimal performance in production environments was not found on the java.library.path: [D:\word\jdk\jdk1.8\jdk1.8.0_151\bin;C:\Windows\Sun\Java\bin;C:\Windows\system32;C:\Windows;D:\word\tools\ssh\xftp6\;C:\ProgramData\Oracle\Java\javapath;C:\Program Files (x86)\Intel\Intel(R) Management Engine Components\iCLS\;C:\Program Files\Intel\Intel(R) Management Engine Components\iCLS\;C:\Windows\system32;C:\Windows;C:\Windows\System32\Wbem;C:\Windows\System32\WindowsPowerShell\v1.0\;C:\Windows\System32\OpenSSH\;C:\Program Files (x86)\Intel\Intel(R) Management Engine Components\DAL;C:\Program Files\Intel\Intel(R) Management Engine Components\DAL;C:\Program Files (x86)\Intel\Intel(R) Management Engine Components\IPT;C:\Program Files\Intel\Intel(R) Management Engine Components\IPT;C:\Program Files (x86)\NVIDIA Corporation\PhysX\Common;C:\Program Files\Intel\WiFi\bin\;C:\Program Files\Common Files\Intel\WirelessCommon\;D:\word\OpenVPN\bin;D:\word\tools\nodejs\;D:\word\tools\OpenVPN\bin;D:\word\tools\svn\Git\cmd;D:\word\tools\svn\TortoiseGit\bin;C:\Users\95465\AppData\Local\Microsoft\WindowsApps;D:\word\jdk\jdk1.8\jdk1.8.0_151\bin;D:\word\jdk\jdk1.8\jdk1.8.0_151\jre\bin;D:\word\java\apache-maven-3.6.1\bin\;C:\Users\95465\AppData\Roaming\npm;D:\word\tools\Microsoft VS Code\bin;D:\word\tools\Fiddler;D:\word\tools\database\mysql\mysql-8.0.18-winx64\bin;;.]
11:32:29.699 [restartedMain] INFO  o.a.c.c.C.[.[.[/] - [log,173] - Initializing Spring embedded WebApplicationContext
11:32:30.117 [restartedMain] INFO  c.a.d.s.b.a.DruidDataSourceAutoConfigure - [dataSource,56] - Init DruidDataSource
11:32:30.179 [restartedMain] INFO  o.a.c.c.StandardService - [log,173] - Stopping service [Tomcat]
11:33:46.425 [restartedMain] INFO  c.d.w.DoingWebApplication - [logStarting,50] - Starting DoingWebApplication on doing with PID 53784 (D:\word\tools\idea\ideaPlace\doing\doing\doing-web\target\classes started by 95465 in D:\word\tools\idea\ideaPlace\doing\doing)
11:33:46.429 [restartedMain] INFO  c.d.w.DoingWebApplication - [logStartupProfileInfo,679] - The following profiles are active: test
11:33:47.542 [restartedMain] INFO  o.a.c.h.Http11NioProtocol - [log,173] - Initializing ProtocolHandler ["http-nio-8080"]
11:33:47.548 [restartedMain] INFO  o.a.c.c.StandardService - [log,173] - Starting service [Tomcat]
11:33:47.549 [restartedMain] INFO  o.a.c.c.StandardEngine - [log,173] - Starting Servlet Engine: Apache Tomcat/9.0.13
11:33:47.554 [restartedMain] INFO  o.a.c.c.AprLifecycleListener - [log,173] - The APR based Apache Tomcat Native library which allows optimal performance in production environments was not found on the java.library.path: [D:\word\jdk\jdk1.8\jdk1.8.0_151\bin;C:\Windows\Sun\Java\bin;C:\Windows\system32;C:\Windows;D:\word\tools\ssh\xftp6\;C:\ProgramData\Oracle\Java\javapath;C:\Program Files (x86)\Intel\Intel(R) Management Engine Components\iCLS\;C:\Program Files\Intel\Intel(R) Management Engine Components\iCLS\;C:\Windows\system32;C:\Windows;C:\Windows\System32\Wbem;C:\Windows\System32\WindowsPowerShell\v1.0\;C:\Windows\System32\OpenSSH\;C:\Program Files (x86)\Intel\Intel(R) Management Engine Components\DAL;C:\Program Files\Intel\Intel(R) Management Engine Components\DAL;C:\Program Files (x86)\Intel\Intel(R) Management Engine Components\IPT;C:\Program Files\Intel\Intel(R) Management Engine Components\IPT;C:\Program Files (x86)\NVIDIA Corporation\PhysX\Common;C:\Program Files\Intel\WiFi\bin\;C:\Program Files\Common Files\Intel\WirelessCommon\;D:\word\OpenVPN\bin;D:\word\tools\nodejs\;D:\word\tools\OpenVPN\bin;D:\word\tools\svn\Git\cmd;D:\word\tools\svn\TortoiseGit\bin;C:\Users\95465\AppData\Local\Microsoft\WindowsApps;D:\word\jdk\jdk1.8\jdk1.8.0_151\bin;D:\word\jdk\jdk1.8\jdk1.8.0_151\jre\bin;D:\word\java\apache-maven-3.6.1\bin\;C:\Users\95465\AppData\Roaming\npm;D:\word\tools\Microsoft VS Code\bin;D:\word\tools\Fiddler;D:\word\tools\database\mysql\mysql-8.0.18-winx64\bin;;.]
11:33:47.633 [restartedMain] INFO  o.a.c.c.C.[.[.[/] - [log,173] - Initializing Spring embedded WebApplicationContext
11:33:48.018 [restartedMain] INFO  c.a.d.s.b.a.DruidDataSourceAutoConfigure - [dataSource,56] - Init DruidDataSource
11:33:48.072 [restartedMain] INFO  o.a.c.c.StandardService - [log,173] - Stopping service [Tomcat]
11:35:33.729 [restartedMain] INFO  c.d.w.DoingWebApplication - [logStarting,50] - Starting DoingWebApplication on doing with PID 55712 (D:\word\tools\idea\ideaPlace\doing\doing\doing-web\target\classes started by 95465 in D:\word\tools\idea\ideaPlace\doing\doing)
11:35:33.732 [restartedMain] INFO  c.d.w.DoingWebApplication - [logStartupProfileInfo,679] - The following profiles are active: test
11:35:34.848 [restartedMain] INFO  o.a.c.h.Http11NioProtocol - [log,173] - Initializing ProtocolHandler ["http-nio-8080"]
11:35:34.856 [restartedMain] INFO  o.a.c.c.StandardService - [log,173] - Starting service [Tomcat]
11:35:34.856 [restartedMain] INFO  o.a.c.c.StandardEngine - [log,173] - Starting Servlet Engine: Apache Tomcat/9.0.13
11:35:34.864 [restartedMain] INFO  o.a.c.c.AprLifecycleListener - [log,173] - The APR based Apache Tomcat Native library which allows optimal performance in production environments was not found on the java.library.path: [D:\word\jdk\jdk1.8\jdk1.8.0_151\bin;C:\Windows\Sun\Java\bin;C:\Windows\system32;C:\Windows;D:\word\tools\ssh\xftp6\;C:\ProgramData\Oracle\Java\javapath;C:\Program Files (x86)\Intel\Intel(R) Management Engine Components\iCLS\;C:\Program Files\Intel\Intel(R) Management Engine Components\iCLS\;C:\Windows\system32;C:\Windows;C:\Windows\System32\Wbem;C:\Windows\System32\WindowsPowerShell\v1.0\;C:\Windows\System32\OpenSSH\;C:\Program Files (x86)\Intel\Intel(R) Management Engine Components\DAL;C:\Program Files\Intel\Intel(R) Management Engine Components\DAL;C:\Program Files (x86)\Intel\Intel(R) Management Engine Components\IPT;C:\Program Files\Intel\Intel(R) Management Engine Components\IPT;C:\Program Files (x86)\NVIDIA Corporation\PhysX\Common;C:\Program Files\Intel\WiFi\bin\;C:\Program Files\Common Files\Intel\WirelessCommon\;D:\word\OpenVPN\bin;D:\word\tools\nodejs\;D:\word\tools\OpenVPN\bin;D:\word\tools\svn\Git\cmd;D:\word\tools\svn\TortoiseGit\bin;C:\Users\95465\AppData\Local\Microsoft\WindowsApps;D:\word\jdk\jdk1.8\jdk1.8.0_151\bin;D:\word\jdk\jdk1.8\jdk1.8.0_151\jre\bin;D:\word\java\apache-maven-3.6.1\bin\;C:\Users\95465\AppData\Roaming\npm;D:\word\tools\Microsoft VS Code\bin;D:\word\tools\Fiddler;D:\word\tools\database\mysql\mysql-8.0.18-winx64\bin;;.]
11:35:34.956 [restartedMain] INFO  o.a.c.c.C.[.[.[/] - [log,173] - Initializing Spring embedded WebApplicationContext
11:35:35.350 [restartedMain] INFO  c.a.d.s.b.a.DruidDataSourceAutoConfigure - [dataSource,56] - Init DruidDataSource
11:35:35.404 [restartedMain] INFO  o.a.c.c.StandardService - [log,173] - Stopping service [Tomcat]
11:38:32.117 [restartedMain] INFO  c.d.w.DoingWebApplication - [logStarting,50] - Starting DoingWebApplication on doing with PID 56212 (D:\word\tools\idea\ideaPlace\doing\doing\doing-web\target\classes started by 95465 in D:\word\tools\idea\ideaPlace\doing\doing)
11:38:32.120 [restartedMain] INFO  c.d.w.DoingWebApplication - [logStartupProfileInfo,679] - The following profiles are active: test
11:38:33.226 [restartedMain] INFO  o.a.c.h.Http11NioProtocol - [log,173] - Initializing ProtocolHandler ["http-nio-8080"]
11:38:33.233 [restartedMain] INFO  o.a.c.c.StandardService - [log,173] - Starting service [Tomcat]
11:38:33.233 [restartedMain] INFO  o.a.c.c.StandardEngine - [log,173] - Starting Servlet Engine: Apache Tomcat/9.0.13
11:38:33.238 [restartedMain] INFO  o.a.c.c.AprLifecycleListener - [log,173] - The APR based Apache Tomcat Native library which allows optimal performance in production environments was not found on the java.library.path: [D:\word\jdk\jdk1.8\jdk1.8.0_151\bin;C:\Windows\Sun\Java\bin;C:\Windows\system32;C:\Windows;D:\word\tools\ssh\xftp6\;C:\ProgramData\Oracle\Java\javapath;C:\Program Files (x86)\Intel\Intel(R) Management Engine Components\iCLS\;C:\Program Files\Intel\Intel(R) Management Engine Components\iCLS\;C:\Windows\system32;C:\Windows;C:\Windows\System32\Wbem;C:\Windows\System32\WindowsPowerShell\v1.0\;C:\Windows\System32\OpenSSH\;C:\Program Files (x86)\Intel\Intel(R) Management Engine Components\DAL;C:\Program Files\Intel\Intel(R) Management Engine Components\DAL;C:\Program Files (x86)\Intel\Intel(R) Management Engine Components\IPT;C:\Program Files\Intel\Intel(R) Management Engine Components\IPT;C:\Program Files (x86)\NVIDIA Corporation\PhysX\Common;C:\Program Files\Intel\WiFi\bin\;C:\Program Files\Common Files\Intel\WirelessCommon\;D:\word\OpenVPN\bin;D:\word\tools\nodejs\;D:\word\tools\OpenVPN\bin;D:\word\tools\svn\Git\cmd;D:\word\tools\svn\TortoiseGit\bin;C:\Users\95465\AppData\Local\Microsoft\WindowsApps;D:\word\jdk\jdk1.8\jdk1.8.0_151\bin;D:\word\jdk\jdk1.8\jdk1.8.0_151\jre\bin;D:\word\java\apache-maven-3.6.1\bin\;C:\Users\95465\AppData\Roaming\npm;D:\word\tools\Microsoft VS Code\bin;D:\word\tools\Fiddler;D:\word\tools\database\mysql\mysql-8.0.18-winx64\bin;;.]
11:38:33.318 [restartedMain] INFO  o.a.c.c.C.[.[.[/] - [log,173] - Initializing Spring embedded WebApplicationContext
11:38:33.694 [restartedMain] INFO  c.a.d.s.b.a.DruidDataSourceAutoConfigure - [dataSource,56] - Init DruidDataSource
11:38:33.747 [restartedMain] INFO  o.a.c.c.StandardService - [log,173] - Stopping service [Tomcat]
11:39:02.947 [restartedMain] INFO  c.d.w.DoingWebApplication - [logStarting,50] - Starting DoingWebApplication on doing with PID 52620 (D:\word\tools\idea\ideaPlace\doing\doing\doing-web\target\classes started by 95465 in D:\word\tools\idea\ideaPlace\doing\doing)
11:39:02.950 [restartedMain] INFO  c.d.w.DoingWebApplication - [logStartupProfileInfo,679] - The following profiles are active: test
11:39:04.076 [restartedMain] INFO  o.a.c.h.Http11NioProtocol - [log,173] - Initializing ProtocolHandler ["http-nio-8080"]
11:39:04.083 [restartedMain] INFO  o.a.c.c.StandardService - [log,173] - Starting service [Tomcat]
11:39:04.084 [restartedMain] INFO  o.a.c.c.StandardEngine - [log,173] - Starting Servlet Engine: Apache Tomcat/9.0.13
11:39:04.089 [restartedMain] INFO  o.a.c.c.AprLifecycleListener - [log,173] - The APR based Apache Tomcat Native library which allows optimal performance in production environments was not found on the java.library.path: [D:\word\jdk\jdk1.8\jdk1.8.0_151\bin;C:\Windows\Sun\Java\bin;C:\Windows\system32;C:\Windows;D:\word\tools\ssh\xftp6\;C:\ProgramData\Oracle\Java\javapath;C:\Program Files (x86)\Intel\Intel(R) Management Engine Components\iCLS\;C:\Program Files\Intel\Intel(R) Management Engine Components\iCLS\;C:\Windows\system32;C:\Windows;C:\Windows\System32\Wbem;C:\Windows\System32\WindowsPowerShell\v1.0\;C:\Windows\System32\OpenSSH\;C:\Program Files (x86)\Intel\Intel(R) Management Engine Components\DAL;C:\Program Files\Intel\Intel(R) Management Engine Components\DAL;C:\Program Files (x86)\Intel\Intel(R) Management Engine Components\IPT;C:\Program Files\Intel\Intel(R) Management Engine Components\IPT;C:\Program Files (x86)\NVIDIA Corporation\PhysX\Common;C:\Program Files\Intel\WiFi\bin\;C:\Program Files\Common Files\Intel\WirelessCommon\;D:\word\OpenVPN\bin;D:\word\tools\nodejs\;D:\word\tools\OpenVPN\bin;D:\word\tools\svn\Git\cmd;D:\word\tools\svn\TortoiseGit\bin;C:\Users\95465\AppData\Local\Microsoft\WindowsApps;D:\word\jdk\jdk1.8\jdk1.8.0_151\bin;D:\word\jdk\jdk1.8\jdk1.8.0_151\jre\bin;D:\word\java\apache-maven-3.6.1\bin\;C:\Users\95465\AppData\Roaming\npm;D:\word\tools\Microsoft VS Code\bin;D:\word\tools\Fiddler;D:\word\tools\database\mysql\mysql-8.0.18-winx64\bin;;.]
11:39:04.169 [restartedMain] INFO  o.a.c.c.C.[.[.[/] - [log,173] - Initializing Spring embedded WebApplicationContext
11:39:04.611 [restartedMain] INFO  c.a.d.s.b.a.DruidDataSourceAutoConfigure - [dataSource,56] - Init DruidDataSource
11:39:04.664 [restartedMain] INFO  o.a.c.c.StandardService - [log,173] - Stopping service [Tomcat]
11:40:51.895 [restartedMain] INFO  c.d.w.DoingWebApplication - [logStarting,50] - Starting DoingWebApplication on doing with PID 53164 (D:\word\tools\idea\ideaPlace\doing\doing\doing-web\target\classes started by 95465 in D:\word\tools\idea\ideaPlace\doing\doing)
11:40:51.898 [restartedMain] INFO  c.d.w.DoingWebApplication - [logStartupProfileInfo,679] - The following profiles are active: test
11:40:53.101 [restartedMain] INFO  o.a.c.h.Http11NioProtocol - [log,173] - Initializing ProtocolHandler ["http-nio-8080"]
11:40:53.110 [restartedMain] INFO  o.a.c.c.StandardService - [log,173] - Starting service [Tomcat]
11:40:53.110 [restartedMain] INFO  o.a.c.c.StandardEngine - [log,173] - Starting Servlet Engine: Apache Tomcat/9.0.13
11:40:53.116 [restartedMain] INFO  o.a.c.c.AprLifecycleListener - [log,173] - The APR based Apache Tomcat Native library which allows optimal performance in production environments was not found on the java.library.path: [D:\word\jdk\jdk1.8\jdk1.8.0_151\bin;C:\Windows\Sun\Java\bin;C:\Windows\system32;C:\Windows;D:\word\tools\ssh\xftp6\;C:\ProgramData\Oracle\Java\javapath;C:\Program Files (x86)\Intel\Intel(R) Management Engine Components\iCLS\;C:\Program Files\Intel\Intel(R) Management Engine Components\iCLS\;C:\Windows\system32;C:\Windows;C:\Windows\System32\Wbem;C:\Windows\System32\WindowsPowerShell\v1.0\;C:\Windows\System32\OpenSSH\;C:\Program Files (x86)\Intel\Intel(R) Management Engine Components\DAL;C:\Program Files\Intel\Intel(R) Management Engine Components\DAL;C:\Program Files (x86)\Intel\Intel(R) Management Engine Components\IPT;C:\Program Files\Intel\Intel(R) Management Engine Components\IPT;C:\Program Files (x86)\NVIDIA Corporation\PhysX\Common;C:\Program Files\Intel\WiFi\bin\;C:\Program Files\Common Files\Intel\WirelessCommon\;D:\word\OpenVPN\bin;D:\word\tools\nodejs\;D:\word\tools\OpenVPN\bin;D:\word\tools\svn\Git\cmd;D:\word\tools\svn\TortoiseGit\bin;C:\Users\95465\AppData\Local\Microsoft\WindowsApps;D:\word\jdk\jdk1.8\jdk1.8.0_151\bin;D:\word\jdk\jdk1.8\jdk1.8.0_151\jre\bin;D:\word\java\apache-maven-3.6.1\bin\;C:\Users\95465\AppData\Roaming\npm;D:\word\tools\Microsoft VS Code\bin;D:\word\tools\Fiddler;D:\word\tools\database\mysql\mysql-8.0.18-winx64\bin;;.]
11:40:53.205 [restartedMain] INFO  o.a.c.c.C.[.[.[/] - [log,173] - Initializing Spring embedded WebApplicationContext
11:40:53.569 [restartedMain] INFO  c.a.d.s.b.a.DruidDataSourceAutoConfigure - [dataSource,56] - Init DruidDataSource
11:40:53.624 [restartedMain] INFO  o.a.c.c.StandardService - [log,173] - Stopping service [Tomcat]
11:41:27.936 [restartedMain] INFO  c.d.w.DoingWebApplication - [logStarting,50] - Starting DoingWebApplication on doing with PID 33668 (D:\word\tools\idea\ideaPlace\doing\doing\doing-web\target\classes started by 95465 in D:\word\tools\idea\ideaPlace\doing\doing)
11:41:27.939 [restartedMain] INFO  c.d.w.DoingWebApplication - [logStartupProfileInfo,679] - The following profiles are active: test
11:41:29.091 [restartedMain] INFO  o.a.c.h.Http11NioProtocol - [log,173] - Initializing ProtocolHandler ["http-nio-8080"]
11:41:29.098 [restartedMain] INFO  o.a.c.c.StandardService - [log,173] - Starting service [Tomcat]
11:41:29.098 [restartedMain] INFO  o.a.c.c.StandardEngine - [log,173] - Starting Servlet Engine: Apache Tomcat/9.0.13
11:41:29.104 [restartedMain] INFO  o.a.c.c.AprLifecycleListener - [log,173] - The APR based Apache Tomcat Native library which allows optimal performance in production environments was not found on the java.library.path: [D:\word\jdk\jdk1.8\jdk1.8.0_151\bin;C:\Windows\Sun\Java\bin;C:\Windows\system32;C:\Windows;D:\word\tools\ssh\xftp6\;C:\ProgramData\Oracle\Java\javapath;C:\Program Files (x86)\Intel\Intel(R) Management Engine Components\iCLS\;C:\Program Files\Intel\Intel(R) Management Engine Components\iCLS\;C:\Windows\system32;C:\Windows;C:\Windows\System32\Wbem;C:\Windows\System32\WindowsPowerShell\v1.0\;C:\Windows\System32\OpenSSH\;C:\Program Files (x86)\Intel\Intel(R) Management Engine Components\DAL;C:\Program Files\Intel\Intel(R) Management Engine Components\DAL;C:\Program Files (x86)\Intel\Intel(R) Management Engine Components\IPT;C:\Program Files\Intel\Intel(R) Management Engine Components\IPT;C:\Program Files (x86)\NVIDIA Corporation\PhysX\Common;C:\Program Files\Intel\WiFi\bin\;C:\Program Files\Common Files\Intel\WirelessCommon\;D:\word\OpenVPN\bin;D:\word\tools\nodejs\;D:\word\tools\OpenVPN\bin;D:\word\tools\svn\Git\cmd;D:\word\tools\svn\TortoiseGit\bin;C:\Users\95465\AppData\Local\Microsoft\WindowsApps;D:\word\jdk\jdk1.8\jdk1.8.0_151\bin;D:\word\jdk\jdk1.8\jdk1.8.0_151\jre\bin;D:\word\java\apache-maven-3.6.1\bin\;C:\Users\95465\AppData\Roaming\npm;D:\word\tools\Microsoft VS Code\bin;D:\word\tools\Fiddler;D:\word\tools\database\mysql\mysql-8.0.18-winx64\bin;;.]
11:41:29.187 [restartedMain] INFO  o.a.c.c.C.[.[.[/] - [log,173] - Initializing Spring embedded WebApplicationContext
11:41:29.608 [restartedMain] INFO  c.a.d.s.b.a.DruidDataSourceAutoConfigure - [dataSource,56] - Init DruidDataSource
11:41:29.660 [restartedMain] INFO  o.a.c.c.StandardService - [log,173] - Stopping service [Tomcat]
11:43:08.788 [restartedMain] INFO  c.d.w.DoingWebApplication - [logStarting,50] - Starting DoingWebApplication on doing with PID 47728 (D:\word\tools\idea\ideaPlace\doing\doing\doing-web\target\classes started by 95465 in D:\word\tools\idea\ideaPlace\doing\doing)
11:43:08.792 [restartedMain] INFO  c.d.w.DoingWebApplication - [logStartupProfileInfo,679] - The following profiles are active: test
11:43:09.890 [restartedMain] INFO  o.a.c.h.Http11NioProtocol - [log,173] - Initializing ProtocolHandler ["http-nio-8080"]
11:43:09.897 [restartedMain] INFO  o.a.c.c.StandardService - [log,173] - Starting service [Tomcat]
11:43:09.897 [restartedMain] INFO  o.a.c.c.StandardEngine - [log,173] - Starting Servlet Engine: Apache Tomcat/9.0.13
11:43:09.903 [restartedMain] INFO  o.a.c.c.AprLifecycleListener - [log,173] - The APR based Apache Tomcat Native library which allows optimal performance in production environments was not found on the java.library.path: [D:\word\jdk\jdk1.8\jdk1.8.0_151\bin;C:\Windows\Sun\Java\bin;C:\Windows\system32;C:\Windows;D:\word\tools\ssh\xftp6\;C:\ProgramData\Oracle\Java\javapath;C:\Program Files (x86)\Intel\Intel(R) Management Engine Components\iCLS\;C:\Program Files\Intel\Intel(R) Management Engine Components\iCLS\;C:\Windows\system32;C:\Windows;C:\Windows\System32\Wbem;C:\Windows\System32\WindowsPowerShell\v1.0\;C:\Windows\System32\OpenSSH\;C:\Program Files (x86)\Intel\Intel(R) Management Engine Components\DAL;C:\Program Files\Intel\Intel(R) Management Engine Components\DAL;C:\Program Files (x86)\Intel\Intel(R) Management Engine Components\IPT;C:\Program Files\Intel\Intel(R) Management Engine Components\IPT;C:\Program Files (x86)\NVIDIA Corporation\PhysX\Common;C:\Program Files\Intel\WiFi\bin\;C:\Program Files\Common Files\Intel\WirelessCommon\;D:\word\OpenVPN\bin;D:\word\tools\nodejs\;D:\word\tools\OpenVPN\bin;D:\word\tools\svn\Git\cmd;D:\word\tools\svn\TortoiseGit\bin;C:\Users\95465\AppData\Local\Microsoft\WindowsApps;D:\word\jdk\jdk1.8\jdk1.8.0_151\bin;D:\word\jdk\jdk1.8\jdk1.8.0_151\jre\bin;D:\word\java\apache-maven-3.6.1\bin\;C:\Users\95465\AppData\Roaming\npm;D:\word\tools\Microsoft VS Code\bin;D:\word\tools\Fiddler;D:\word\tools\database\mysql\mysql-8.0.18-winx64\bin;;.]
11:43:09.992 [restartedMain] INFO  o.a.c.c.C.[.[.[/] - [log,173] - Initializing Spring embedded WebApplicationContext
11:43:10.420 [restartedMain] INFO  c.a.d.s.b.a.DruidDataSourceAutoConfigure - [dataSource,56] - Init DruidDataSource
11:43:10.473 [restartedMain] INFO  o.a.c.c.StandardService - [log,173] - Stopping service [Tomcat]
11:59:47.836 [restartedMain] INFO  c.d.w.DoingWebApplication - [logStarting,50] - Starting DoingWebApplication on doing with PID 45792 (D:\word\tools\idea\ideaPlace\doing\doing\doing-web\target\classes started by 95465 in D:\word\tools\idea\ideaPlace\doing\doing)
11:59:47.839 [restartedMain] INFO  c.d.w.DoingWebApplication - [logStartupProfileInfo,679] - The following profiles are active: test
11:59:48.954 [restartedMain] INFO  o.a.c.h.Http11NioProtocol - [log,173] - Initializing ProtocolHandler ["http-nio-8080"]
11:59:48.961 [restartedMain] INFO  o.a.c.c.StandardService - [log,173] - Starting service [Tomcat]
11:59:48.961 [restartedMain] INFO  o.a.c.c.StandardEngine - [log,173] - Starting Servlet Engine: Apache Tomcat/9.0.13
11:59:48.967 [restartedMain] INFO  o.a.c.c.AprLifecycleListener - [log,173] - The APR based Apache Tomcat Native library which allows optimal performance in production environments was not found on the java.library.path: [D:\word\jdk\jdk1.8\jdk1.8.0_151\bin;C:\Windows\Sun\Java\bin;C:\Windows\system32;C:\Windows;D:\word\tools\ssh\xftp6\;C:\ProgramData\Oracle\Java\javapath;C:\Program Files (x86)\Intel\Intel(R) Management Engine Components\iCLS\;C:\Program Files\Intel\Intel(R) Management Engine Components\iCLS\;C:\Windows\system32;C:\Windows;C:\Windows\System32\Wbem;C:\Windows\System32\WindowsPowerShell\v1.0\;C:\Windows\System32\OpenSSH\;C:\Program Files (x86)\Intel\Intel(R) Management Engine Components\DAL;C:\Program Files\Intel\Intel(R) Management Engine Components\DAL;C:\Program Files (x86)\Intel\Intel(R) Management Engine Components\IPT;C:\Program Files\Intel\Intel(R) Management Engine Components\IPT;C:\Program Files (x86)\NVIDIA Corporation\PhysX\Common;C:\Program Files\Intel\WiFi\bin\;C:\Program Files\Common Files\Intel\WirelessCommon\;D:\word\OpenVPN\bin;D:\word\tools\nodejs\;D:\word\tools\OpenVPN\bin;D:\word\tools\svn\Git\cmd;D:\word\tools\svn\TortoiseGit\bin;C:\Users\95465\AppData\Local\Microsoft\WindowsApps;D:\word\jdk\jdk1.8\jdk1.8.0_151\bin;D:\word\jdk\jdk1.8\jdk1.8.0_151\jre\bin;D:\word\java\apache-maven-3.6.1\bin\;C:\Users\95465\AppData\Roaming\npm;D:\word\tools\Microsoft VS Code\bin;D:\word\tools\Fiddler;D:\word\tools\database\mysql\mysql-8.0.18-winx64\bin;;.]
11:59:49.050 [restartedMain] INFO  o.a.c.c.C.[.[.[/] - [log,173] - Initializing Spring embedded WebApplicationContext
11:59:49.477 [restartedMain] INFO  c.a.d.s.b.a.DruidDataSourceAutoConfigure - [dataSource,56] - Init DruidDataSource
11:59:49.531 [restartedMain] INFO  o.a.c.c.StandardService - [log,173] - Stopping service [Tomcat]
12:01:57.517 [restartedMain] INFO  c.d.w.DoingWebApplication - [logStarting,50] - Starting DoingWebApplication on doing with PID 55460 (D:\word\tools\idea\ideaPlace\doing\doing\doing-web\target\classes started by 95465 in D:\word\tools\idea\ideaPlace\doing\doing)
12:01:57.521 [restartedMain] INFO  c.d.w.DoingWebApplication - [logStartupProfileInfo,679] - The following profiles are active: test
12:01:58.731 [restartedMain] INFO  o.a.c.h.Http11NioProtocol - [log,173] - Initializing ProtocolHandler ["http-nio-8080"]
12:01:58.740 [restartedMain] INFO  o.a.c.c.StandardService - [log,173] - Starting service [Tomcat]
12:01:58.741 [restartedMain] INFO  o.a.c.c.StandardEngine - [log,173] - Starting Servlet Engine: Apache Tomcat/9.0.13
12:01:58.749 [restartedMain] INFO  o.a.c.c.AprLifecycleListener - [log,173] - The APR based Apache Tomcat Native library which allows optimal performance in production environments was not found on the java.library.path: [D:\word\jdk\jdk1.8\jdk1.8.0_151\bin;C:\Windows\Sun\Java\bin;C:\Windows\system32;C:\Windows;D:\word\tools\ssh\xftp6\;C:\ProgramData\Oracle\Java\javapath;C:\Program Files (x86)\Intel\Intel(R) Management Engine Components\iCLS\;C:\Program Files\Intel\Intel(R) Management Engine Components\iCLS\;C:\Windows\system32;C:\Windows;C:\Windows\System32\Wbem;C:\Windows\System32\WindowsPowerShell\v1.0\;C:\Windows\System32\OpenSSH\;C:\Program Files (x86)\Intel\Intel(R) Management Engine Components\DAL;C:\Program Files\Intel\Intel(R) Management Engine Components\DAL;C:\Program Files (x86)\Intel\Intel(R) Management Engine Components\IPT;C:\Program Files\Intel\Intel(R) Management Engine Components\IPT;C:\Program Files (x86)\NVIDIA Corporation\PhysX\Common;C:\Program Files\Intel\WiFi\bin\;C:\Program Files\Common Files\Intel\WirelessCommon\;D:\word\OpenVPN\bin;D:\word\tools\nodejs\;D:\word\tools\OpenVPN\bin;D:\word\tools\svn\Git\cmd;D:\word\tools\svn\TortoiseGit\bin;C:\Users\95465\AppData\Local\Microsoft\WindowsApps;D:\word\jdk\jdk1.8\jdk1.8.0_151\bin;D:\word\jdk\jdk1.8\jdk1.8.0_151\jre\bin;D:\word\java\apache-maven-3.6.1\bin\;C:\Users\95465\AppData\Roaming\npm;D:\word\tools\Microsoft VS Code\bin;D:\word\tools\Fiddler;D:\word\tools\database\mysql\mysql-8.0.18-winx64\bin;;.]
12:01:58.853 [restartedMain] INFO  o.a.c.c.C.[.[.[/] - [log,173] - Initializing Spring embedded WebApplicationContext
12:01:59.322 [restartedMain] INFO  c.a.d.s.b.a.DruidDataSourceAutoConfigure - [dataSource,56] - Init DruidDataSource
12:01:59.387 [restartedMain] INFO  o.a.c.c.StandardService - [log,173] - Stopping service [Tomcat]
12:03:14.557 [restartedMain] INFO  c.d.w.DoingWebApplication - [logStarting,50] - Starting DoingWebApplication on doing with PID 48260 (D:\word\tools\idea\ideaPlace\doing\doing\doing-web\target\classes started by 95465 in D:\word\tools\idea\ideaPlace\doing\doing)
12:03:14.561 [restartedMain] INFO  c.d.w.DoingWebApplication - [logStartupProfileInfo,679] - The following profiles are active: test
12:03:15.693 [restartedMain] INFO  o.a.c.h.Http11NioProtocol - [log,173] - Initializing ProtocolHandler ["http-nio-8080"]
12:03:15.700 [restartedMain] INFO  o.a.c.c.StandardService - [log,173] - Starting service [Tomcat]
12:03:15.700 [restartedMain] INFO  o.a.c.c.StandardEngine - [log,173] - Starting Servlet Engine: Apache Tomcat/9.0.13
12:03:15.706 [restartedMain] INFO  o.a.c.c.AprLifecycleListener - [log,173] - The APR based Apache Tomcat Native library which allows optimal performance in production environments was not found on the java.library.path: [D:\word\jdk\jdk1.8\jdk1.8.0_151\bin;C:\Windows\Sun\Java\bin;C:\Windows\system32;C:\Windows;D:\word\tools\ssh\xftp6\;C:\ProgramData\Oracle\Java\javapath;C:\Program Files (x86)\Intel\Intel(R) Management Engine Components\iCLS\;C:\Program Files\Intel\Intel(R) Management Engine Components\iCLS\;C:\Windows\system32;C:\Windows;C:\Windows\System32\Wbem;C:\Windows\System32\WindowsPowerShell\v1.0\;C:\Windows\System32\OpenSSH\;C:\Program Files (x86)\Intel\Intel(R) Management Engine Components\DAL;C:\Program Files\Intel\Intel(R) Management Engine Components\DAL;C:\Program Files (x86)\Intel\Intel(R) Management Engine Components\IPT;C:\Program Files\Intel\Intel(R) Management Engine Components\IPT;C:\Program Files (x86)\NVIDIA Corporation\PhysX\Common;C:\Program Files\Intel\WiFi\bin\;C:\Program Files\Common Files\Intel\WirelessCommon\;D:\word\OpenVPN\bin;D:\word\tools\nodejs\;D:\word\tools\OpenVPN\bin;D:\word\tools\svn\Git\cmd;D:\word\tools\svn\TortoiseGit\bin;C:\Users\95465\AppData\Local\Microsoft\WindowsApps;D:\word\jdk\jdk1.8\jdk1.8.0_151\bin;D:\word\jdk\jdk1.8\jdk1.8.0_151\jre\bin;D:\word\java\apache-maven-3.6.1\bin\;C:\Users\95465\AppData\Roaming\npm;D:\word\tools\Microsoft VS Code\bin;D:\word\tools\Fiddler;D:\word\tools\database\mysql\mysql-8.0.18-winx64\bin;;.]
12:03:15.786 [restartedMain] INFO  o.a.c.c.C.[.[.[/] - [log,173] - Initializing Spring embedded WebApplicationContext
12:03:16.199 [restartedMain] INFO  c.a.d.s.b.a.DruidDataSourceAutoConfigure - [dataSource,56] - Init DruidDataSource
12:03:16.257 [restartedMain] INFO  o.a.c.c.StandardService - [log,173] - Stopping service [Tomcat]
12:03:27.907 [restartedMain] INFO  c.d.w.DoingWebApplication - [logStarting,50] - Starting DoingWebApplication on doing with PID 52984 (D:\word\tools\idea\ideaPlace\doing\doing\doing-web\target\classes started by 95465 in D:\word\tools\idea\ideaPlace\doing\doing)
12:03:27.912 [restartedMain] INFO  c.d.w.DoingWebApplication - [logStartupProfileInfo,679] - The following profiles are active: test
12:03:29.109 [restartedMain] INFO  o.a.c.h.Http11NioProtocol - [log,173] - Initializing ProtocolHandler ["http-nio-8080"]
12:03:29.117 [restartedMain] INFO  o.a.c.c.StandardService - [log,173] - Starting service [Tomcat]
12:03:29.118 [restartedMain] INFO  o.a.c.c.StandardEngine - [log,173] - Starting Servlet Engine: Apache Tomcat/9.0.13
12:03:29.124 [restartedMain] INFO  o.a.c.c.AprLifecycleListener - [log,173] - The APR based Apache Tomcat Native library which allows optimal performance in production environments was not found on the java.library.path: [D:\word\jdk\jdk1.8\jdk1.8.0_151\bin;C:\Windows\Sun\Java\bin;C:\Windows\system32;C:\Windows;D:\word\tools\ssh\xftp6\;C:\ProgramData\Oracle\Java\javapath;C:\Program Files (x86)\Intel\Intel(R) Management Engine Components\iCLS\;C:\Program Files\Intel\Intel(R) Management Engine Components\iCLS\;C:\Windows\system32;C:\Windows;C:\Windows\System32\Wbem;C:\Windows\System32\WindowsPowerShell\v1.0\;C:\Windows\System32\OpenSSH\;C:\Program Files (x86)\Intel\Intel(R) Management Engine Components\DAL;C:\Program Files\Intel\Intel(R) Management Engine Components\DAL;C:\Program Files (x86)\Intel\Intel(R) Management Engine Components\IPT;C:\Program Files\Intel\Intel(R) Management Engine Components\IPT;C:\Program Files (x86)\NVIDIA Corporation\PhysX\Common;C:\Program Files\Intel\WiFi\bin\;C:\Program Files\Common Files\Intel\WirelessCommon\;D:\word\OpenVPN\bin;D:\word\tools\nodejs\;D:\word\tools\OpenVPN\bin;D:\word\tools\svn\Git\cmd;D:\word\tools\svn\TortoiseGit\bin;C:\Users\95465\AppData\Local\Microsoft\WindowsApps;D:\word\jdk\jdk1.8\jdk1.8.0_151\bin;D:\word\jdk\jdk1.8\jdk1.8.0_151\jre\bin;D:\word\java\apache-maven-3.6.1\bin\;C:\Users\95465\AppData\Roaming\npm;D:\word\tools\Microsoft VS Code\bin;D:\word\tools\Fiddler;D:\word\tools\database\mysql\mysql-8.0.18-winx64\bin;;.]
12:03:29.219 [restartedMain] INFO  o.a.c.c.C.[.[.[/] - [log,173] - Initializing Spring embedded WebApplicationContext
12:03:29.632 [restartedMain] INFO  c.a.d.s.b.a.DruidDataSourceAutoConfigure - [dataSource,56] - Init DruidDataSource
12:03:29.701 [restartedMain] INFO  o.a.c.c.StandardService - [log,173] - Stopping service [Tomcat]
12:04:21.610 [restartedMain] INFO  c.d.w.DoingWebApplication - [logStarting,50] - Starting DoingWebApplication on doing with PID 41996 (D:\word\tools\idea\ideaPlace\doing\doing\doing-web\target\classes started by 95465 in D:\word\tools\idea\ideaPlace\doing\doing)
12:04:21.613 [restartedMain] INFO  c.d.w.DoingWebApplication - [logStartupProfileInfo,679] - The following profiles are active: test
12:04:22.693 [restartedMain] INFO  o.a.c.h.Http11NioProtocol - [log,173] - Initializing ProtocolHandler ["http-nio-8080"]
12:04:22.699 [restartedMain] INFO  o.a.c.c.StandardService - [log,173] - Starting service [Tomcat]
12:04:22.699 [restartedMain] INFO  o.a.c.c.StandardEngine - [log,173] - Starting Servlet Engine: Apache Tomcat/9.0.13
12:04:22.704 [restartedMain] INFO  o.a.c.c.AprLifecycleListener - [log,173] - The APR based Apache Tomcat Native library which allows optimal performance in production environments was not found on the java.library.path: [D:\word\jdk\jdk1.8\jdk1.8.0_151\bin;C:\Windows\Sun\Java\bin;C:\Windows\system32;C:\Windows;D:\word\tools\ssh\xftp6\;C:\ProgramData\Oracle\Java\javapath;C:\Program Files (x86)\Intel\Intel(R) Management Engine Components\iCLS\;C:\Program Files\Intel\Intel(R) Management Engine Components\iCLS\;C:\Windows\system32;C:\Windows;C:\Windows\System32\Wbem;C:\Windows\System32\WindowsPowerShell\v1.0\;C:\Windows\System32\OpenSSH\;C:\Program Files (x86)\Intel\Intel(R) Management Engine Components\DAL;C:\Program Files\Intel\Intel(R) Management Engine Components\DAL;C:\Program Files (x86)\Intel\Intel(R) Management Engine Components\IPT;C:\Program Files\Intel\Intel(R) Management Engine Components\IPT;C:\Program Files (x86)\NVIDIA Corporation\PhysX\Common;C:\Program Files\Intel\WiFi\bin\;C:\Program Files\Common Files\Intel\WirelessCommon\;D:\word\OpenVPN\bin;D:\word\tools\nodejs\;D:\word\tools\OpenVPN\bin;D:\word\tools\svn\Git\cmd;D:\word\tools\svn\TortoiseGit\bin;C:\Users\95465\AppData\Local\Microsoft\WindowsApps;D:\word\jdk\jdk1.8\jdk1.8.0_151\bin;D:\word\jdk\jdk1.8\jdk1.8.0_151\jre\bin;D:\word\java\apache-maven-3.6.1\bin\;C:\Users\95465\AppData\Roaming\npm;D:\word\tools\Microsoft VS Code\bin;D:\word\tools\Fiddler;D:\word\tools\database\mysql\mysql-8.0.18-winx64\bin;;.]
12:04:22.789 [restartedMain] INFO  o.a.c.c.C.[.[.[/] - [log,173] - Initializing Spring embedded WebApplicationContext
12:04:23.173 [restartedMain] INFO  c.a.d.s.b.a.DruidDataSourceAutoConfigure - [dataSource,56] - Init DruidDataSource
12:04:23.233 [restartedMain] INFO  o.a.c.c.StandardService - [log,173] - Stopping service [Tomcat]
12:04:36.980 [restartedMain] INFO  c.d.w.DoingWebApplication - [logStarting,50] - Starting DoingWebApplication on doing with PID 53264 (D:\word\tools\idea\ideaPlace\doing\doing\doing-web\target\classes started by 95465 in D:\word\tools\idea\ideaPlace\doing\doing)
12:04:36.985 [restartedMain] INFO  c.d.w.DoingWebApplication - [logStartupProfileInfo,679] - The following profiles are active: test
12:05:35.680 [restartedMain] INFO  c.d.w.DoingWebApplication - [logStarting,50] - Starting DoingWebApplication on doing with PID 49224 (D:\word\tools\idea\ideaPlace\doing\doing\doing-web\target\classes started by 95465 in D:\word\tools\idea\ideaPlace\doing\doing)
12:05:35.684 [restartedMain] INFO  c.d.w.DoingWebApplication - [logStartupProfileInfo,679] - The following profiles are active: test
12:05:36.804 [restartedMain] INFO  o.a.c.h.Http11NioProtocol - [log,173] - Initializing ProtocolHandler ["http-nio-8080"]
12:05:36.811 [restartedMain] INFO  o.a.c.c.StandardService - [log,173] - Starting service [Tomcat]
12:05:36.811 [restartedMain] INFO  o.a.c.c.StandardEngine - [log,173] - Starting Servlet Engine: Apache Tomcat/9.0.13
12:05:36.817 [restartedMain] INFO  o.a.c.c.AprLifecycleListener - [log,173] - The APR based Apache Tomcat Native library which allows optimal performance in production environments was not found on the java.library.path: [D:\word\jdk\jdk1.8\jdk1.8.0_151\bin;C:\Windows\Sun\Java\bin;C:\Windows\system32;C:\Windows;D:\word\tools\ssh\xftp6\;C:\ProgramData\Oracle\Java\javapath;C:\Program Files (x86)\Intel\Intel(R) Management Engine Components\iCLS\;C:\Program Files\Intel\Intel(R) Management Engine Components\iCLS\;C:\Windows\system32;C:\Windows;C:\Windows\System32\Wbem;C:\Windows\System32\WindowsPowerShell\v1.0\;C:\Windows\System32\OpenSSH\;C:\Program Files (x86)\Intel\Intel(R) Management Engine Components\DAL;C:\Program Files\Intel\Intel(R) Management Engine Components\DAL;C:\Program Files (x86)\Intel\Intel(R) Management Engine Components\IPT;C:\Program Files\Intel\Intel(R) Management Engine Components\IPT;C:\Program Files (x86)\NVIDIA Corporation\PhysX\Common;C:\Program Files\Intel\WiFi\bin\;C:\Program Files\Common Files\Intel\WirelessCommon\;D:\word\OpenVPN\bin;D:\word\tools\nodejs\;D:\word\tools\OpenVPN\bin;D:\word\tools\svn\Git\cmd;D:\word\tools\svn\TortoiseGit\bin;C:\Users\95465\AppData\Local\Microsoft\WindowsApps;D:\word\jdk\jdk1.8\jdk1.8.0_151\bin;D:\word\jdk\jdk1.8\jdk1.8.0_151\jre\bin;D:\word\java\apache-maven-3.6.1\bin\;C:\Users\95465\AppData\Roaming\npm;D:\word\tools\Microsoft VS Code\bin;D:\word\tools\Fiddler;D:\word\tools\database\mysql\mysql-8.0.18-winx64\bin;;.]
12:05:36.903 [restartedMain] INFO  o.a.c.c.C.[.[.[/] - [log,173] - Initializing Spring embedded WebApplicationContext
12:05:37.299 [restartedMain] INFO  c.a.d.s.b.a.DruidDataSourceAutoConfigure - [dataSource,56] - Init DruidDataSource
12:05:37.353 [restartedMain] INFO  o.a.c.c.StandardService - [log,173] - Stopping service [Tomcat]
12:07:53.266 [restartedMain] INFO  c.d.w.DoingWebApplication - [logStarting,50] - Starting DoingWebApplication on doing with PID 54444 (D:\word\tools\idea\ideaPlace\doing\doing\doing-web\target\classes started by 95465 in D:\word\tools\idea\ideaPlace\doing\doing)
12:07:53.270 [restartedMain] INFO  c.d.w.DoingWebApplication - [logStartupProfileInfo,679] - The following profiles are active: test
12:07:54.375 [restartedMain] INFO  o.a.c.h.Http11NioProtocol - [log,173] - Initializing ProtocolHandler ["http-nio-8080"]
12:07:54.382 [restartedMain] INFO  o.a.c.c.StandardService - [log,173] - Starting service [Tomcat]
12:07:54.382 [restartedMain] INFO  o.a.c.c.StandardEngine - [log,173] - Starting Servlet Engine: Apache Tomcat/9.0.13
12:07:54.387 [restartedMain] INFO  o.a.c.c.AprLifecycleListener - [log,173] - The APR based Apache Tomcat Native library which allows optimal performance in production environments was not found on the java.library.path: [D:\word\jdk\jdk1.8\jdk1.8.0_151\bin;C:\Windows\Sun\Java\bin;C:\Windows\system32;C:\Windows;D:\word\tools\ssh\xftp6\;C:\ProgramData\Oracle\Java\javapath;C:\Program Files (x86)\Intel\Intel(R) Management Engine Components\iCLS\;C:\Program Files\Intel\Intel(R) Management Engine Components\iCLS\;C:\Windows\system32;C:\Windows;C:\Windows\System32\Wbem;C:\Windows\System32\WindowsPowerShell\v1.0\;C:\Windows\System32\OpenSSH\;C:\Program Files (x86)\Intel\Intel(R) Management Engine Components\DAL;C:\Program Files\Intel\Intel(R) Management Engine Components\DAL;C:\Program Files (x86)\Intel\Intel(R) Management Engine Components\IPT;C:\Program Files\Intel\Intel(R) Management Engine Components\IPT;C:\Program Files (x86)\NVIDIA Corporation\PhysX\Common;C:\Program Files\Intel\WiFi\bin\;C:\Program Files\Common Files\Intel\WirelessCommon\;D:\word\OpenVPN\bin;D:\word\tools\nodejs\;D:\word\tools\OpenVPN\bin;D:\word\tools\svn\Git\cmd;D:\word\tools\svn\TortoiseGit\bin;C:\Users\95465\AppData\Local\Microsoft\WindowsApps;D:\word\jdk\jdk1.8\jdk1.8.0_151\bin;D:\word\jdk\jdk1.8\jdk1.8.0_151\jre\bin;D:\word\java\apache-maven-3.6.1\bin\;C:\Users\95465\AppData\Roaming\npm;D:\word\tools\Microsoft VS Code\bin;D:\word\tools\Fiddler;D:\word\tools\database\mysql\mysql-8.0.18-winx64\bin;;.]
12:07:54.472 [restartedMain] INFO  o.a.c.c.C.[.[.[/] - [log,173] - Initializing Spring embedded WebApplicationContext
12:07:54.891 [restartedMain] INFO  c.a.d.s.b.a.DruidDataSourceAutoConfigure - [dataSource,56] - Init DruidDataSource
12:07:54.945 [restartedMain] INFO  o.a.c.c.StandardService - [log,173] - Stopping service [Tomcat]
12:08:31.430 [restartedMain] INFO  c.d.w.DoingWebApplication - [logStarting,50] - Starting DoingWebApplication on doing with PID 54460 (D:\word\tools\idea\ideaPlace\doing\doing\doing-web\target\classes started by 95465 in D:\word\tools\idea\ideaPlace\doing\doing)
12:08:31.434 [restartedMain] INFO  c.d.w.DoingWebApplication - [logStartupProfileInfo,679] - The following profiles are active: test
12:08:32.538 [restartedMain] INFO  o.a.c.h.Http11NioProtocol - [log,173] - Initializing ProtocolHandler ["http-nio-8080"]
12:08:32.545 [restartedMain] INFO  o.a.c.c.StandardService - [log,173] - Starting service [Tomcat]
12:08:32.545 [restartedMain] INFO  o.a.c.c.StandardEngine - [log,173] - Starting Servlet Engine: Apache Tomcat/9.0.13
12:08:32.550 [restartedMain] INFO  o.a.c.c.AprLifecycleListener - [log,173] - The APR based Apache Tomcat Native library which allows optimal performance in production environments was not found on the java.library.path: [D:\word\jdk\jdk1.8\jdk1.8.0_151\bin;C:\Windows\Sun\Java\bin;C:\Windows\system32;C:\Windows;D:\word\tools\ssh\xftp6\;C:\ProgramData\Oracle\Java\javapath;C:\Program Files (x86)\Intel\Intel(R) Management Engine Components\iCLS\;C:\Program Files\Intel\Intel(R) Management Engine Components\iCLS\;C:\Windows\system32;C:\Windows;C:\Windows\System32\Wbem;C:\Windows\System32\WindowsPowerShell\v1.0\;C:\Windows\System32\OpenSSH\;C:\Program Files (x86)\Intel\Intel(R) Management Engine Components\DAL;C:\Program Files\Intel\Intel(R) Management Engine Components\DAL;C:\Program Files (x86)\Intel\Intel(R) Management Engine Components\IPT;C:\Program Files\Intel\Intel(R) Management Engine Components\IPT;C:\Program Files (x86)\NVIDIA Corporation\PhysX\Common;C:\Program Files\Intel\WiFi\bin\;C:\Program Files\Common Files\Intel\WirelessCommon\;D:\word\OpenVPN\bin;D:\word\tools\nodejs\;D:\word\tools\OpenVPN\bin;D:\word\tools\svn\Git\cmd;D:\word\tools\svn\TortoiseGit\bin;C:\Users\95465\AppData\Local\Microsoft\WindowsApps;D:\word\jdk\jdk1.8\jdk1.8.0_151\bin;D:\word\jdk\jdk1.8\jdk1.8.0_151\jre\bin;D:\word\java\apache-maven-3.6.1\bin\;C:\Users\95465\AppData\Roaming\npm;D:\word\tools\Microsoft VS Code\bin;D:\word\tools\Fiddler;D:\word\tools\database\mysql\mysql-8.0.18-winx64\bin;;.]
12:08:32.632 [restartedMain] INFO  o.a.c.c.C.[.[.[/] - [log,173] - Initializing Spring embedded WebApplicationContext
12:08:33.024 [restartedMain] INFO  c.a.d.s.b.a.DruidDataSourceAutoConfigure - [dataSource,56] - Init DruidDataSource
12:08:33.079 [restartedMain] INFO  o.a.c.c.StandardService - [log,173] - Stopping service [Tomcat]
12:11:31.513 [restartedMain] INFO  c.d.w.DoingWebApplication - [logStarting,50] - Starting DoingWebApplication on doing with PID 56888 (D:\word\tools\idea\ideaPlace\doing\doing\doing-web\target\classes started by 95465 in D:\word\tools\idea\ideaPlace\doing\doing)
12:11:31.516 [restartedMain] INFO  c.d.w.DoingWebApplication - [logStartupProfileInfo,679] - The following profiles are active: test
12:11:32.655 [restartedMain] INFO  o.a.c.h.Http11NioProtocol - [log,173] - Initializing ProtocolHandler ["http-nio-8080"]
12:11:32.664 [restartedMain] INFO  o.a.c.c.StandardService - [log,173] - Starting service [Tomcat]
12:11:32.664 [restartedMain] INFO  o.a.c.c.StandardEngine - [log,173] - Starting Servlet Engine: Apache Tomcat/9.0.13
12:11:32.671 [restartedMain] INFO  o.a.c.c.AprLifecycleListener - [log,173] - The APR based Apache Tomcat Native library which allows optimal performance in production environments was not found on the java.library.path: [D:\word\jdk\jdk1.8\jdk1.8.0_151\bin;C:\Windows\Sun\Java\bin;C:\Windows\system32;C:\Windows;D:\word\tools\ssh\xftp6\;C:\ProgramData\Oracle\Java\javapath;C:\Program Files (x86)\Intel\Intel(R) Management Engine Components\iCLS\;C:\Program Files\Intel\Intel(R) Management Engine Components\iCLS\;C:\Windows\system32;C:\Windows;C:\Windows\System32\Wbem;C:\Windows\System32\WindowsPowerShell\v1.0\;C:\Windows\System32\OpenSSH\;C:\Program Files (x86)\Intel\Intel(R) Management Engine Components\DAL;C:\Program Files\Intel\Intel(R) Management Engine Components\DAL;C:\Program Files (x86)\Intel\Intel(R) Management Engine Components\IPT;C:\Program Files\Intel\Intel(R) Management Engine Components\IPT;C:\Program Files (x86)\NVIDIA Corporation\PhysX\Common;C:\Program Files\Intel\WiFi\bin\;C:\Program Files\Common Files\Intel\WirelessCommon\;D:\word\OpenVPN\bin;D:\word\tools\nodejs\;D:\word\tools\OpenVPN\bin;D:\word\tools\svn\Git\cmd;D:\word\tools\svn\TortoiseGit\bin;C:\Users\95465\AppData\Local\Microsoft\WindowsApps;D:\word\jdk\jdk1.8\jdk1.8.0_151\bin;D:\word\jdk\jdk1.8\jdk1.8.0_151\jre\bin;D:\word\java\apache-maven-3.6.1\bin\;C:\Users\95465\AppData\Roaming\npm;D:\word\tools\Microsoft VS Code\bin;D:\word\tools\Fiddler;D:\word\tools\database\mysql\mysql-8.0.18-winx64\bin;;.]
12:11:32.766 [restartedMain] INFO  o.a.c.c.C.[.[.[/] - [log,173] - Initializing Spring embedded WebApplicationContext
12:11:33.213 [restartedMain] INFO  c.a.d.s.b.a.DruidDataSourceAutoConfigure - [dataSource,56] - Init DruidDataSource
12:11:34.719 [restartedMain] INFO  c.a.d.p.DruidDataSource - [init,991] - {dataSource-1} inited
12:11:34.975 [restartedMain] INFO  o.a.c.h.Http11NioProtocol - [log,173] - Starting ProtocolHandler ["http-nio-8080"]
12:11:34.982 [restartedMain] INFO  o.a.t.u.n.NioSelectorPool - [log,173] - Using a shared selector for servlet write/read
12:11:35.002 [restartedMain] INFO  c.d.w.DoingWebApplication - [logStarted,59] - Started DoingWebApplication in 3.951 seconds (JVM running for 5.02)
12:28:50.758 [restartedMain] INFO  c.d.w.DoingWebApplication - [logStarting,50] - Starting DoingWebApplication on doing with PID 41656 (D:\word\tools\idea\ideaPlace\doing\doing\doing-web\target\classes started by 95465 in D:\word\tools\idea\ideaPlace\doing\doing)
12:28:50.762 [restartedMain] INFO  c.d.w.DoingWebApplication - [logStartupProfileInfo,679] - The following profiles are active: test
12:28:51.874 [restartedMain] INFO  o.a.c.h.Http11NioProtocol - [log,173] - Initializing ProtocolHandler ["http-nio-8080"]
12:28:51.881 [restartedMain] INFO  o.a.c.c.StandardService - [log,173] - Starting service [Tomcat]
12:28:51.881 [restartedMain] INFO  o.a.c.c.StandardEngine - [log,173] - Starting Servlet Engine: Apache Tomcat/9.0.13
12:28:51.886 [restartedMain] INFO  o.a.c.c.AprLifecycleListener - [log,173] - The APR based Apache Tomcat Native library which allows optimal performance in production environments was not found on the java.library.path: [D:\word\jdk\jdk1.8\jdk1.8.0_151\bin;C:\Windows\Sun\Java\bin;C:\Windows\system32;C:\Windows;D:\word\tools\ssh\xftp6\;C:\ProgramData\Oracle\Java\javapath;C:\Program Files (x86)\Intel\Intel(R) Management Engine Components\iCLS\;C:\Program Files\Intel\Intel(R) Management Engine Components\iCLS\;C:\Windows\system32;C:\Windows;C:\Windows\System32\Wbem;C:\Windows\System32\WindowsPowerShell\v1.0\;C:\Windows\System32\OpenSSH\;C:\Program Files (x86)\Intel\Intel(R) Management Engine Components\DAL;C:\Program Files\Intel\Intel(R) Management Engine Components\DAL;C:\Program Files (x86)\Intel\Intel(R) Management Engine Components\IPT;C:\Program Files\Intel\Intel(R) Management Engine Components\IPT;C:\Program Files (x86)\NVIDIA Corporation\PhysX\Common;C:\Program Files\Intel\WiFi\bin\;C:\Program Files\Common Files\Intel\WirelessCommon\;D:\word\OpenVPN\bin;D:\word\tools\nodejs\;D:\word\tools\OpenVPN\bin;D:\word\tools\svn\Git\cmd;D:\word\tools\svn\TortoiseGit\bin;C:\Users\95465\AppData\Local\Microsoft\WindowsApps;D:\word\jdk\jdk1.8\jdk1.8.0_151\bin;D:\word\jdk\jdk1.8\jdk1.8.0_151\jre\bin;D:\word\java\apache-maven-3.6.1\bin\;C:\Users\95465\AppData\Roaming\npm;D:\word\tools\Microsoft VS Code\bin;D:\word\tools\Fiddler;D:\word\tools\database\mysql\mysql-8.0.18-winx64\bin;;.]
12:28:51.966 [restartedMain] INFO  o.a.c.c.C.[.[.[/] - [log,173] - Initializing Spring embedded WebApplicationContext
12:28:52.375 [restartedMain] INFO  c.a.d.s.b.a.DruidDataSourceAutoConfigure - [dataSource,56] - Init DruidDataSource
12:28:52.429 [restartedMain] INFO  o.a.c.c.StandardService - [log,173] - Stopping service [Tomcat]
12:30:43.273 [restartedMain] INFO  c.d.w.DoingWebApplication - [logStarting,50] - Starting DoingWebApplication on doing with PID 52448 (D:\word\tools\idea\ideaPlace\doing\doing\doing-web\target\classes started by 95465 in D:\word\tools\idea\ideaPlace\doing\doing)
12:30:43.277 [restartedMain] INFO  c.d.w.DoingWebApplication - [logStartupProfileInfo,679] - The following profiles are active: test
12:30:44.358 [restartedMain] INFO  o.a.c.h.Http11NioProtocol - [log,173] - Initializing ProtocolHandler ["http-nio-8080"]
12:30:44.365 [restartedMain] INFO  o.a.c.c.StandardService - [log,173] - Starting service [Tomcat]
12:30:44.365 [restartedMain] INFO  o.a.c.c.StandardEngine - [log,173] - Starting Servlet Engine: Apache Tomcat/9.0.13
12:30:44.371 [restartedMain] INFO  o.a.c.c.AprLifecycleListener - [log,173] - The APR based Apache Tomcat Native library which allows optimal performance in production environments was not found on the java.library.path: [D:\word\jdk\jdk1.8\jdk1.8.0_151\bin;C:\Windows\Sun\Java\bin;C:\Windows\system32;C:\Windows;D:\word\tools\ssh\xftp6\;C:\ProgramData\Oracle\Java\javapath;C:\Program Files (x86)\Intel\Intel(R) Management Engine Components\iCLS\;C:\Program Files\Intel\Intel(R) Management Engine Components\iCLS\;C:\Windows\system32;C:\Windows;C:\Windows\System32\Wbem;C:\Windows\System32\WindowsPowerShell\v1.0\;C:\Windows\System32\OpenSSH\;C:\Program Files (x86)\Intel\Intel(R) Management Engine Components\DAL;C:\Program Files\Intel\Intel(R) Management Engine Components\DAL;C:\Program Files (x86)\Intel\Intel(R) Management Engine Components\IPT;C:\Program Files\Intel\Intel(R) Management Engine Components\IPT;C:\Program Files (x86)\NVIDIA Corporation\PhysX\Common;C:\Program Files\Intel\WiFi\bin\;C:\Program Files\Common Files\Intel\WirelessCommon\;D:\word\OpenVPN\bin;D:\word\tools\nodejs\;D:\word\tools\OpenVPN\bin;D:\word\tools\svn\Git\cmd;D:\word\tools\svn\TortoiseGit\bin;C:\Users\95465\AppData\Local\Microsoft\WindowsApps;D:\word\jdk\jdk1.8\jdk1.8.0_151\bin;D:\word\jdk\jdk1.8\jdk1.8.0_151\jre\bin;D:\word\java\apache-maven-3.6.1\bin\;C:\Users\95465\AppData\Roaming\npm;D:\word\tools\Microsoft VS Code\bin;D:\word\tools\Fiddler;D:\word\tools\database\mysql\mysql-8.0.18-winx64\bin;;.]
12:30:44.450 [restartedMain] INFO  o.a.c.c.C.[.[.[/] - [log,173] - Initializing Spring embedded WebApplicationContext
12:30:44.872 [restartedMain] INFO  c.a.d.s.b.a.DruidDataSourceAutoConfigure - [dataSource,56] - Init DruidDataSource
12:30:44.927 [restartedMain] INFO  o.a.c.c.StandardService - [log,173] - Stopping service [Tomcat]
12:32:00.279 [restartedMain] INFO  c.d.w.DoingWebApplication - [logStarting,50] - Starting DoingWebApplication on doing with PID 52004 (D:\word\tools\idea\ideaPlace\doing\doing\doing-web\target\classes started by 95465 in D:\word\tools\idea\ideaPlace\doing\doing)
12:32:00.283 [restartedMain] INFO  c.d.w.DoingWebApplication - [logStartupProfileInfo,679] - The following profiles are active: test
12:32:01.374 [restartedMain] INFO  o.a.c.h.Http11NioProtocol - [log,173] - Initializing ProtocolHandler ["http-nio-8080"]
12:32:01.380 [restartedMain] INFO  o.a.c.c.StandardService - [log,173] - Starting service [Tomcat]
12:32:01.381 [restartedMain] INFO  o.a.c.c.StandardEngine - [log,173] - Starting Servlet Engine: Apache Tomcat/9.0.13
12:32:01.386 [restartedMain] INFO  o.a.c.c.AprLifecycleListener - [log,173] - The APR based Apache Tomcat Native library which allows optimal performance in production environments was not found on the java.library.path: [D:\word\jdk\jdk1.8\jdk1.8.0_151\bin;C:\Windows\Sun\Java\bin;C:\Windows\system32;C:\Windows;D:\word\tools\ssh\xftp6\;C:\ProgramData\Oracle\Java\javapath;C:\Program Files (x86)\Intel\Intel(R) Management Engine Components\iCLS\;C:\Program Files\Intel\Intel(R) Management Engine Components\iCLS\;C:\Windows\system32;C:\Windows;C:\Windows\System32\Wbem;C:\Windows\System32\WindowsPowerShell\v1.0\;C:\Windows\System32\OpenSSH\;C:\Program Files (x86)\Intel\Intel(R) Management Engine Components\DAL;C:\Program Files\Intel\Intel(R) Management Engine Components\DAL;C:\Program Files (x86)\Intel\Intel(R) Management Engine Components\IPT;C:\Program Files\Intel\Intel(R) Management Engine Components\IPT;C:\Program Files (x86)\NVIDIA Corporation\PhysX\Common;C:\Program Files\Intel\WiFi\bin\;C:\Program Files\Common Files\Intel\WirelessCommon\;D:\word\OpenVPN\bin;D:\word\tools\nodejs\;D:\word\tools\OpenVPN\bin;D:\word\tools\svn\Git\cmd;D:\word\tools\svn\TortoiseGit\bin;C:\Users\95465\AppData\Local\Microsoft\WindowsApps;D:\word\jdk\jdk1.8\jdk1.8.0_151\bin;D:\word\jdk\jdk1.8\jdk1.8.0_151\jre\bin;D:\word\java\apache-maven-3.6.1\bin\;C:\Users\95465\AppData\Roaming\npm;D:\word\tools\Microsoft VS Code\bin;D:\word\tools\Fiddler;D:\word\tools\database\mysql\mysql-8.0.18-winx64\bin;;.]
12:32:01.466 [restartedMain] INFO  o.a.c.c.C.[.[.[/] - [log,173] - Initializing Spring embedded WebApplicationContext
12:32:01.871 [restartedMain] INFO  c.a.d.s.b.a.DruidDataSourceAutoConfigure - [dataSource,56] - Init DruidDataSource
12:32:02.110 [restartedMain] INFO  c.a.d.p.DruidDataSource - [init,991] - {dataSource-1} inited
12:32:02.113 [restartedMain] INFO  o.a.c.c.StandardService - [log,173] - Stopping service [Tomcat]
12:33:01.311 [restartedMain] INFO  c.d.w.DoingWebApplication - [logStarting,50] - Starting DoingWebApplication on doing with PID 44320 (D:\word\tools\idea\ideaPlace\doing\doing\doing-web\target\classes started by 95465 in D:\word\tools\idea\ideaPlace\doing\doing)
12:33:01.315 [restartedMain] INFO  c.d.w.DoingWebApplication - [logStartupProfileInfo,679] - The following profiles are active: test
12:33:02.402 [restartedMain] INFO  o.a.c.h.Http11NioProtocol - [log,173] - Initializing ProtocolHandler ["http-nio-8080"]
12:33:02.409 [restartedMain] INFO  o.a.c.c.StandardService - [log,173] - Starting service [Tomcat]
12:33:02.409 [restartedMain] INFO  o.a.c.c.StandardEngine - [log,173] - Starting Servlet Engine: Apache Tomcat/9.0.13
12:33:02.415 [restartedMain] INFO  o.a.c.c.AprLifecycleListener - [log,173] - The APR based Apache Tomcat Native library which allows optimal performance in production environments was not found on the java.library.path: [D:\word\jdk\jdk1.8\jdk1.8.0_151\bin;C:\Windows\Sun\Java\bin;C:\Windows\system32;C:\Windows;D:\word\tools\ssh\xftp6\;C:\ProgramData\Oracle\Java\javapath;C:\Program Files (x86)\Intel\Intel(R) Management Engine Components\iCLS\;C:\Program Files\Intel\Intel(R) Management Engine Components\iCLS\;C:\Windows\system32;C:\Windows;C:\Windows\System32\Wbem;C:\Windows\System32\WindowsPowerShell\v1.0\;C:\Windows\System32\OpenSSH\;C:\Program Files (x86)\Intel\Intel(R) Management Engine Components\DAL;C:\Program Files\Intel\Intel(R) Management Engine Components\DAL;C:\Program Files (x86)\Intel\Intel(R) Management Engine Components\IPT;C:\Program Files\Intel\Intel(R) Management Engine Components\IPT;C:\Program Files (x86)\NVIDIA Corporation\PhysX\Common;C:\Program Files\Intel\WiFi\bin\;C:\Program Files\Common Files\Intel\WirelessCommon\;D:\word\OpenVPN\bin;D:\word\tools\nodejs\;D:\word\tools\OpenVPN\bin;D:\word\tools\svn\Git\cmd;D:\word\tools\svn\TortoiseGit\bin;C:\Users\95465\AppData\Local\Microsoft\WindowsApps;D:\word\jdk\jdk1.8\jdk1.8.0_151\bin;D:\word\jdk\jdk1.8\jdk1.8.0_151\jre\bin;D:\word\java\apache-maven-3.6.1\bin\;C:\Users\95465\AppData\Roaming\npm;D:\word\tools\Microsoft VS Code\bin;D:\word\tools\Fiddler;D:\word\tools\database\mysql\mysql-8.0.18-winx64\bin;;.]
12:33:02.497 [restartedMain] INFO  o.a.c.c.C.[.[.[/] - [log,173] - Initializing Spring embedded WebApplicationContext
12:33:02.897 [restartedMain] INFO  c.a.d.s.b.a.DruidDataSourceAutoConfigure - [dataSource,56] - Init DruidDataSource
12:33:02.951 [restartedMain] INFO  o.a.c.c.StandardService - [log,173] - Stopping service [Tomcat]
12:33:22.916 [restartedMain] INFO  c.d.w.DoingWebApplication - [logStarting,50] - Starting DoingWebApplication on doing with PID 53736 (D:\word\tools\idea\ideaPlace\doing\doing\doing-web\target\classes started by 95465 in D:\word\tools\idea\ideaPlace\doing\doing)
12:33:22.919 [restartedMain] INFO  c.d.w.DoingWebApplication - [logStartupProfileInfo,679] - The following profiles are active: test
12:33:24.034 [restartedMain] INFO  o.a.c.h.Http11NioProtocol - [log,173] - Initializing ProtocolHandler ["http-nio-8080"]
12:33:24.041 [restartedMain] INFO  o.a.c.c.StandardService - [log,173] - Starting service [Tomcat]
12:33:24.041 [restartedMain] INFO  o.a.c.c.StandardEngine - [log,173] - Starting Servlet Engine: Apache Tomcat/9.0.13
12:33:24.046 [restartedMain] INFO  o.a.c.c.AprLifecycleListener - [log,173] - The APR based Apache Tomcat Native library which allows optimal performance in production environments was not found on the java.library.path: [D:\word\jdk\jdk1.8\jdk1.8.0_151\bin;C:\Windows\Sun\Java\bin;C:\Windows\system32;C:\Windows;D:\word\tools\ssh\xftp6\;C:\ProgramData\Oracle\Java\javapath;C:\Program Files (x86)\Intel\Intel(R) Management Engine Components\iCLS\;C:\Program Files\Intel\Intel(R) Management Engine Components\iCLS\;C:\Windows\system32;C:\Windows;C:\Windows\System32\Wbem;C:\Windows\System32\WindowsPowerShell\v1.0\;C:\Windows\System32\OpenSSH\;C:\Program Files (x86)\Intel\Intel(R) Management Engine Components\DAL;C:\Program Files\Intel\Intel(R) Management Engine Components\DAL;C:\Program Files (x86)\Intel\Intel(R) Management Engine Components\IPT;C:\Program Files\Intel\Intel(R) Management Engine Components\IPT;C:\Program Files (x86)\NVIDIA Corporation\PhysX\Common;C:\Program Files\Intel\WiFi\bin\;C:\Program Files\Common Files\Intel\WirelessCommon\;D:\word\OpenVPN\bin;D:\word\tools\nodejs\;D:\word\tools\OpenVPN\bin;D:\word\tools\svn\Git\cmd;D:\word\tools\svn\TortoiseGit\bin;C:\Users\95465\AppData\Local\Microsoft\WindowsApps;D:\word\jdk\jdk1.8\jdk1.8.0_151\bin;D:\word\jdk\jdk1.8\jdk1.8.0_151\jre\bin;D:\word\java\apache-maven-3.6.1\bin\;C:\Users\95465\AppData\Roaming\npm;D:\word\tools\Microsoft VS Code\bin;D:\word\tools\Fiddler;D:\word\tools\database\mysql\mysql-8.0.18-winx64\bin;;.]
12:33:24.126 [restartedMain] INFO  o.a.c.c.C.[.[.[/] - [log,173] - Initializing Spring embedded WebApplicationContext
12:33:24.529 [restartedMain] INFO  c.a.d.s.b.a.DruidDataSourceAutoConfigure - [dataSource,56] - Init DruidDataSource
12:33:26.026 [restartedMain] INFO  c.a.d.p.DruidDataSource - [init,991] - {dataSource-1} inited
12:33:26.273 [restartedMain] INFO  o.a.c.h.Http11NioProtocol - [log,173] - Starting ProtocolHandler ["http-nio-8080"]
12:33:26.281 [restartedMain] INFO  o.a.t.u.n.NioSelectorPool - [log,173] - Using a shared selector for servlet write/read
12:33:26.300 [restartedMain] INFO  c.d.w.DoingWebApplication - [logStarted,59] - Started DoingWebApplication in 3.858 seconds (JVM running for 4.864)
12:51:38.486 [restartedMain] INFO  c.d.w.DoingWebApplication - [logStarting,50] - Starting DoingWebApplication on doing with PID 53432 (D:\word\tools\idea\ideaPlace\doing\doing\doing-web\target\classes started by 95465 in D:\word\tools\idea\ideaPlace\doing\doing)
12:51:38.490 [restartedMain] INFO  c.d.w.DoingWebApplication - [logStartupProfileInfo,679] - The following profiles are active: test
12:51:39.642 [restartedMain] INFO  o.a.c.h.Http11NioProtocol - [log,173] - Initializing ProtocolHandler ["http-nio-8080"]
12:51:39.649 [restartedMain] INFO  o.a.c.c.StandardService - [log,173] - Starting service [Tomcat]
12:51:39.649 [restartedMain] INFO  o.a.c.c.StandardEngine - [log,173] - Starting Servlet Engine: Apache Tomcat/9.0.13
12:51:39.653 [restartedMain] INFO  o.a.c.c.AprLifecycleListener - [log,173] - The APR based Apache Tomcat Native library which allows optimal performance in production environments was not found on the java.library.path: [D:\word\jdk\jdk1.8\jdk1.8.0_151\bin;C:\Windows\Sun\Java\bin;C:\Windows\system32;C:\Windows;D:\word\tools\ssh\xftp6\;C:\ProgramData\Oracle\Java\javapath;C:\Program Files (x86)\Intel\Intel(R) Management Engine Components\iCLS\;C:\Program Files\Intel\Intel(R) Management Engine Components\iCLS\;C:\Windows\system32;C:\Windows;C:\Windows\System32\Wbem;C:\Windows\System32\WindowsPowerShell\v1.0\;C:\Windows\System32\OpenSSH\;C:\Program Files (x86)\Intel\Intel(R) Management Engine Components\DAL;C:\Program Files\Intel\Intel(R) Management Engine Components\DAL;C:\Program Files (x86)\Intel\Intel(R) Management Engine Components\IPT;C:\Program Files\Intel\Intel(R) Management Engine Components\IPT;C:\Program Files (x86)\NVIDIA Corporation\PhysX\Common;C:\Program Files\Intel\WiFi\bin\;C:\Program Files\Common Files\Intel\WirelessCommon\;D:\word\OpenVPN\bin;D:\word\tools\nodejs\;D:\word\tools\OpenVPN\bin;D:\word\tools\svn\Git\cmd;D:\word\tools\svn\TortoiseGit\bin;C:\Users\95465\AppData\Local\Microsoft\WindowsApps;D:\word\jdk\jdk1.8\jdk1.8.0_151\bin;D:\word\jdk\jdk1.8\jdk1.8.0_151\jre\bin;D:\word\java\apache-maven-3.6.1\bin\;C:\Users\95465\AppData\Roaming\npm;D:\word\tools\Microsoft VS Code\bin;D:\word\tools\Fiddler;D:\word\tools\database\mysql\mysql-8.0.18-winx64\bin;;.]
12:51:39.733 [restartedMain] INFO  o.a.c.c.C.[.[.[/] - [log,173] - Initializing Spring embedded WebApplicationContext
12:51:40.152 [restartedMain] INFO  c.a.d.s.b.a.DruidDataSourceAutoConfigure - [dataSource,56] - Init DruidDataSource
12:51:40.209 [restartedMain] INFO  o.a.c.c.StandardService - [log,173] - Stopping service [Tomcat]
